08-02-2019 11:35:50 :: [core.helpers.logger.MyLogger - main][INFO ] - Configured
08-02-2019 11:35:50 :: [core.helpers.logger.MyLogger - main][ERROR] - Error
08-02-2019 11:37:25 :: [core.helpers.logger.MyLogger - main][INFO ] - Configured
08-02-2019 11:37:25 :: [core.helpers.logger.MyLogger - main][ERROR] - Error
08-02-2019 11:48:28 :: [core.helpers.logger.MyLogger - main][INFO ] - Configured
08-02-2019 11:48:28 :: [core.helpers.logger.MyLogger - main][ERROR] - Error
08-02-2019 11:49:58 :: [core.helpers.logger.MyLogger - main][INFO ] - Configured
08-02-2019 11:49:58 :: [core.helpers.logger.MyLogger - main][ERROR] - Error
08-02-2019 11:53:50 :: [core.helpers.logger.MyLogger - main][INFO ] - Configured
08-02-2019 11:53:50 :: [core.helpers.logger.MyLogger - main][ERROR] - Error
08-02-2019 11:57:21 :: [core.helpers.logger.MyLogger - main][INFO ] - Configured
08-02-2019 11:57:21 :: [core.helpers.logger.MyLogger - main][ERROR] - Error
08-02-2019 11:58:29 :: [core.helpers.logger.MyLogger - main][INFO ] - Configured
08-02-2019 11:58:29 :: [core.helpers.logger.MyLogger - main][ERROR] - Error
08-04-2019 11:30:00 :: [core.helpers.listener.Retry - retry][INFO ] - Retrying test testLogin with status FAILURE for the 1 times.
08-04-2019 11:30:00 :: [core.helpers.listener.Retry - retry][INFO ] - Retrying test testLogin with status FAILURE for the 2 times.
08-04-2019 11:30:00 :: [core.helpers.listener.Retry - retry][INFO ] - Retrying test testLogin with status FAILURE for the 3 times.
08-04-2019 11:30:00 :: [core.helpers.listener.Retry - retry][INFO ] - Retrying test testLogin with status FAILURE for the 1 times.
08-04-2019 11:30:00 :: [core.helpers.listener.Retry - retry][INFO ] - Retrying test testLogin with status FAILURE for the 2 times.
08-04-2019 11:30:00 :: [core.helpers.listener.Retry - retry][INFO ] - Retrying test testLogin with status FAILURE for the 3 times.
08-04-2019 11:35:09 :: [core.helpers.listener.Retry - retry][INFO ] - Retrying test testLogin with status FAILURE for the 1 times.
08-04-2019 11:35:09 :: [core.helpers.listener.Retry - retry][INFO ] - Retrying test testLogin with status FAILURE for the 2 times.
08-04-2019 11:35:09 :: [core.helpers.listener.Retry - retry][INFO ] - Retrying test testLogin with status FAILURE for the 3 times.
08-04-2019 11:35:09 :: [core.helpers.listener.Retry - retry][INFO ] - Retrying test testLogin with status FAILURE for the 1 times.
08-04-2019 11:35:09 :: [core.helpers.listener.Retry - retry][INFO ] - Retrying test testLogin with status FAILURE for the 2 times.
08-04-2019 11:35:09 :: [core.helpers.listener.Retry - retry][INFO ] - Retrying test testLogin with status FAILURE for the 3 times.
08-04-2019 12:34:50 :: [core.helpers.listener.Retry - retry][INFO ] - Retrying test testLogin with status FAILURE for the 1 times.
08-04-2019 12:34:50 :: [core.helpers.listener.Retry - retry][INFO ] - Retrying test testLogin with status FAILURE for the 2 times.
08-04-2019 12:34:50 :: [core.helpers.listener.Retry - retry][INFO ] - Retrying test testLogin with status FAILURE for the 3 times.
08-04-2019 12:34:50 :: [core.helpers.listener.Retry - retry][INFO ] - Retrying test testLogin with status FAILURE for the 1 times.
08-04-2019 12:34:50 :: [core.helpers.listener.Retry - retry][INFO ] - Retrying test testLogin with status FAILURE for the 2 times.
08-04-2019 12:34:50 :: [core.helpers.listener.Retry - retry][INFO ] - Retrying test testLogin with status FAILURE for the 3 times.
08-04-2019 12:36:05 :: [core.helpers.listener.Retry - retry][INFO ] - Retrying test testLogin with status FAILURE for the 1 times.
08-04-2019 12:36:05 :: [core.helpers.listener.Retry - retry][INFO ] - Retrying test testLogin with status FAILURE for the 2 times.
08-04-2019 12:36:05 :: [core.helpers.listener.Retry - retry][INFO ] - Retrying test testLogin with status FAILURE for the 3 times.
08-04-2019 12:36:05 :: [core.helpers.listener.Retry - retry][INFO ] - Retrying test testLogin with status FAILURE for the 1 times.
08-04-2019 12:36:05 :: [core.helpers.listener.Retry - retry][INFO ] - Retrying test testLogin with status FAILURE for the 2 times.
08-04-2019 12:36:05 :: [core.helpers.listener.Retry - retry][INFO ] - Retrying test testLogin with status FAILURE for the 3 times.
08-04-2019 12:38:01 :: [core.helpers.listener.Retry - retry][INFO ] - Retrying test testLogin with status FAILURE for the 1 times.
08-04-2019 12:38:01 :: [core.helpers.listener.Retry - retry][INFO ] - Retrying test testLogin with status FAILURE for the 2 times.
08-04-2019 12:38:01 :: [core.helpers.listener.Retry - retry][INFO ] - Retrying test testLogin with status FAILURE for the 3 times.
08-04-2019 12:38:01 :: [core.helpers.listener.Retry - retry][INFO ] - Retrying test testLogin with status FAILURE for the 1 times.
08-04-2019 12:38:01 :: [core.helpers.listener.Retry - retry][INFO ] - Retrying test testLogin with status FAILURE for the 2 times.
08-04-2019 12:38:01 :: [core.helpers.listener.Retry - retry][INFO ] - Retrying test testLogin with status FAILURE for the 3 times.
08-04-2019 12:40:26 :: [core.helpers.listener.Retry - retry][INFO ] - Retrying test testLogin with status FAILURE for the 1 times.
08-04-2019 12:40:26 :: [core.helpers.listener.Retry - retry][INFO ] - Retrying test testLogin with status FAILURE for the 2 times.
08-04-2019 12:40:26 :: [core.helpers.listener.Retry - retry][INFO ] - Retrying test testLogin with status FAILURE for the 1 times.
08-04-2019 12:40:26 :: [core.helpers.listener.Retry - retry][INFO ] - Retrying test testLogin with status FAILURE for the 2 times.
08-05-2019 09:28:05 :: [core.helpers.excel.ExcelHelper - updateResult][INFO ] - Result updated..
08-05-2019 09:28:06 :: [core.helpers.excel.ExcelHelper - updateResult][INFO ] - Result updated..
08-05-2019 09:29:42 :: [core.helpers.excel.ExcelHelper - updateResult][INFO ] - Result updated..
08-05-2019 09:29:42 :: [core.helpers.excel.ExcelHelper - updateResult][INFO ] - Result updated..
08-05-2019 09:29:42 :: [core.helpers.excel.ExcelHelper - updateResult][INFO ] - Result updated..
08-07-2019 15:45:50 :: [core.helpers.listener.Retry - retry][INFO ] - Retrying test testLogin with status FAILURE for the 1 times.
08-07-2019 15:45:50 :: [core.helpers.listener.Retry - retry][INFO ] - Retrying test testLogin with status FAILURE for the 2 times.
08-07-2019 15:45:50 :: [core.helpers.listener.Retry - retry][INFO ] - Retrying test testLogin with status FAILURE for the 1 times.
08-07-2019 15:45:50 :: [core.helpers.listener.Retry - retry][INFO ] - Retrying test testLogin with status FAILURE for the 2 times.
08-07-2019 15:48:17 :: [core.helpers.listener.Retry - retry][INFO ] - Retrying test testLogin with status FAILURE for the 1 times.
08-07-2019 15:48:17 :: [core.helpers.listener.Retry - retry][INFO ] - Retrying test testLogin with status FAILURE for the 2 times.
08-07-2019 15:48:17 :: [core.helpers.listener.Retry - retry][INFO ] - Retrying test testLogin with status FAILURE for the 1 times.
08-07-2019 15:48:17 :: [core.helpers.listener.Retry - retry][INFO ] - Retrying test testLogin with status FAILURE for the 2 times.
08-07-2019 18:09:51 :: [core.helpers.listener.Retry - retry][INFO ] - Retrying test testLogin with status FAILURE for the 1 times.
08-07-2019 18:09:51 :: [core.helpers.listener.Retry - retry][INFO ] - Retrying test testLogin with status FAILURE for the 2 times.
08-07-2019 18:09:51 :: [core.helpers.listener.Retry - retry][INFO ] - Retrying test testLogin with status FAILURE for the 1 times.
08-07-2019 18:09:51 :: [core.helpers.listener.Retry - retry][INFO ] - Retrying test testLogin with status FAILURE for the 2 times.
08-07-2019 18:14:44 :: [core.helpers.listener.Retry - retry][INFO ] - Retrying test testLogin with status FAILURE for the 1 times.
08-07-2019 18:14:44 :: [core.helpers.listener.Retry - retry][INFO ] - Retrying test testLogin with status FAILURE for the 2 times.
08-07-2019 18:14:44 :: [core.helpers.listener.Retry - retry][INFO ] - Retrying test testLogin with status FAILURE for the 1 times.
08-07-2019 18:14:44 :: [core.helpers.listener.Retry - retry][INFO ] - Retrying test testLogin with status FAILURE for the 2 times.
08-07-2019 18:15:39 :: [core.helpers.listener.Retry - retry][INFO ] - Retrying test testLogin with status FAILURE for the 1 times.
08-07-2019 18:15:39 :: [core.helpers.listener.Retry - retry][INFO ] - Retrying test testLogin with status FAILURE for the 2 times.
08-07-2019 18:15:39 :: [core.helpers.listener.Retry - retry][INFO ] - Retrying test testLogin with status FAILURE for the 1 times.
08-07-2019 18:15:39 :: [core.helpers.listener.Retry - retry][INFO ] - Retrying test testLogin with status FAILURE for the 2 times.
08-07-2019 18:19:59 :: [core.helpers.listener.Retry - retry][INFO ] - Retrying test testLogin with status FAILURE for the 1 times.
08-07-2019 18:19:59 :: [core.helpers.listener.Retry - retry][INFO ] - Retrying test testLogin with status FAILURE for the 2 times.
08-07-2019 18:20:00 :: [core.helpers.listener.Retry - retry][INFO ] - Retrying test testLogin with status FAILURE for the 1 times.
08-07-2019 18:20:00 :: [core.helpers.listener.Retry - retry][INFO ] - Retrying test testLogin with status FAILURE for the 2 times.
08-07-2019 19:03:57 :: [core.helpers.listener.Retry - retry][INFO ] - Retrying test testLogin with status FAILURE for the 1 times.
08-07-2019 19:03:57 :: [core.helpers.listener.Retry - retry][INFO ] - Retrying test testLogin with status FAILURE for the 2 times.
08-07-2019 19:03:58 :: [core.helpers.listener.Retry - retry][INFO ] - Retrying test testLogin with status FAILURE for the 1 times.
08-07-2019 19:03:58 :: [core.helpers.listener.Retry - retry][INFO ] - Retrying test testLogin with status FAILURE for the 2 times.
08-07-2019 19:11:39 :: [core.helpers.listener.Retry - retry][INFO ] - Retrying test testLogin with status FAILURE for the 1 times.
08-07-2019 19:11:39 :: [core.helpers.listener.Retry - retry][INFO ] - Retrying test testLogin with status FAILURE for the 2 times.
08-07-2019 19:11:39 :: [core.helpers.listener.Retry - retry][INFO ] - Retrying test testLogin with status FAILURE for the 1 times.
08-07-2019 19:11:39 :: [core.helpers.listener.Retry - retry][INFO ] - Retrying test testLogin with status FAILURE for the 2 times.
08-07-2019 19:30:18 :: [core.helpers.listener.Retry - retry][INFO ] - Retrying test testLogin with status FAILURE for the 1 times.
08-07-2019 19:30:18 :: [core.helpers.listener.Retry - retry][INFO ] - Retrying test testLogin with status FAILURE for the 2 times.
08-07-2019 19:30:18 :: [core.helpers.listener.Retry - retry][INFO ] - Retrying test testLogin with status FAILURE for the 1 times.
08-07-2019 19:30:18 :: [core.helpers.listener.Retry - retry][INFO ] - Retrying test testLogin with status FAILURE for the 2 times.
08-07-2019 19:38:31 :: [core.helpers.listener.Retry - retry][INFO ] - Retrying test testLogin with status FAILURE for the 1 times.
08-07-2019 19:38:31 :: [core.helpers.listener.Retry - retry][INFO ] - Retrying test testLogin with status FAILURE for the 2 times.
08-07-2019 19:38:31 :: [core.helpers.listener.Retry - retry][INFO ] - Retrying test testLogin with status FAILURE for the 1 times.
08-07-2019 19:38:31 :: [core.helpers.listener.Retry - retry][INFO ] - Retrying test testLogin with status FAILURE for the 2 times.
08-07-2019 19:45:11 :: [core.helpers.listener.Retry - retry][INFO ] - Retrying test testLogin with status FAILURE for the 1 times.
08-07-2019 19:45:11 :: [core.helpers.listener.Retry - retry][INFO ] - Retrying test testLogin with status FAILURE for the 2 times.
08-07-2019 19:45:11 :: [core.helpers.listener.Retry - retry][INFO ] - Retrying test testLogin with status FAILURE for the 1 times.
08-07-2019 19:45:11 :: [core.helpers.listener.Retry - retry][INFO ] - Retrying test testLogin with status FAILURE for the 2 times.
08-07-2019 19:48:13 :: [core.helpers.listener.Retry - retry][INFO ] - Retrying test testLogin with status FAILURE for the 1 times.
08-07-2019 19:48:13 :: [core.helpers.listener.Retry - retry][INFO ] - Retrying test testLogin with status FAILURE for the 2 times.
08-07-2019 19:48:13 :: [core.helpers.listener.Retry - retry][INFO ] - Retrying test testLogin with status FAILURE for the 1 times.
08-07-2019 19:48:13 :: [core.helpers.listener.Retry - retry][INFO ] - Retrying test testLogin with status FAILURE for the 2 times.
08-07-2019 19:50:49 :: [core.helpers.listener.Retry - retry][INFO ] - Retrying test testLogin with status FAILURE for the 1 times.
08-07-2019 19:50:50 :: [core.helpers.listener.Retry - retry][INFO ] - Retrying test testLogin with status FAILURE for the 2 times.
08-07-2019 19:50:50 :: [core.helpers.listener.Retry - retry][INFO ] - Retrying test testLogin with status FAILURE for the 1 times.
08-07-2019 19:50:50 :: [core.helpers.listener.Retry - retry][INFO ] - Retrying test testLogin with status FAILURE for the 2 times.
08-07-2019 20:05:12 :: [core.helpers.listener.Retry - retry][INFO ] - Retrying test testLogin with status FAILURE for the 1 times.
08-07-2019 20:05:12 :: [core.helpers.listener.Retry - retry][INFO ] - Retrying test testLogin with status FAILURE for the 2 times.
08-07-2019 20:05:12 :: [core.helpers.listener.Retry - retry][INFO ] - Retrying test testLogin with status FAILURE for the 1 times.
08-07-2019 20:05:12 :: [core.helpers.listener.Retry - retry][INFO ] - Retrying test testLogin with status FAILURE for the 2 times.
08-08-2019 08:14:02 :: [core.helpers.listener.Retry - retry][INFO ] - Retrying test testLogin with status FAILURE for the 1 times.
08-08-2019 08:14:02 :: [core.helpers.listener.Retry - retry][INFO ] - Retrying test testLogin with status FAILURE for the 2 times.
08-08-2019 08:14:02 :: [core.helpers.listener.Retry - retry][INFO ] - Retrying test testLogin with status FAILURE for the 1 times.
08-08-2019 08:14:02 :: [core.helpers.listener.Retry - retry][INFO ] - Retrying test testLogin with status FAILURE for the 2 times.
08-08-2019 09:08:26 :: [core.helpers.listener.Retry - retry][INFO ] - Retrying test testLogin with status FAILURE for the 1 times.
08-08-2019 09:08:26 :: [core.helpers.listener.Retry - retry][INFO ] - Retrying test testLogin with status FAILURE for the 2 times.
08-08-2019 09:08:26 :: [core.helpers.listener.Retry - retry][INFO ] - Retrying test testLogin with status FAILURE for the 1 times.
08-08-2019 09:08:26 :: [core.helpers.listener.Retry - retry][INFO ] - Retrying test testLogin with status FAILURE for the 2 times.
08-08-2019 09:52:10 :: [core.helpers.listener.Retry - retry][INFO ] - Retrying test testLogin with status FAILURE for the 1 times.
08-08-2019 09:52:10 :: [core.helpers.listener.Retry - retry][INFO ] - Retrying test testLogin with status FAILURE for the 2 times.
08-08-2019 09:52:10 :: [core.helpers.listener.Retry - retry][INFO ] - Retrying test testLogin with status FAILURE for the 1 times.
08-08-2019 09:52:10 :: [core.helpers.listener.Retry - retry][INFO ] - Retrying test testLogin with status FAILURE for the 2 times.
08-08-2019 10:20:05 :: [core.helpers.listener.Retry - retry][INFO ] - Retrying test testLogin with status FAILURE for the 1 times.
08-08-2019 10:20:05 :: [core.helpers.listener.Retry - retry][INFO ] - Retrying test testLogin with status FAILURE for the 2 times.
08-08-2019 10:20:05 :: [core.helpers.listener.Retry - retry][INFO ] - Retrying test testLogin with status FAILURE for the 1 times.
08-08-2019 10:20:05 :: [core.helpers.listener.Retry - retry][INFO ] - Retrying test testLogin with status FAILURE for the 2 times.
08-09-2019 14:59:06 :: [core.helpers.assertion.AssertionHelper - makeFalse][INFO ] - Making script FAIL..
08-09-2019 14:59:12 :: [core.helpers.assertion.AssertionHelper - makeTrue][INFO ] - Making script PASS..
08-09-2019 14:59:13 :: [core.helpers.assertion.AssertionHelper - makeTrue][INFO ] - Making script PASS..
08-09-2019 14:59:26 :: [core.helpers.assertion.AssertionHelper - makeFalse][INFO ] - Making script FAIL..
08-09-2019 15:01:26 :: [core.helpers.assertion.AssertionHelper - makeFalse][INFO ] - Making script FAIL..
08-09-2019 15:03:45 :: [core.helpers.assertion.AssertionHelper - makeFalse][INFO ] - Making script FAIL..
08-09-2019 15:03:52 :: [core.helpers.assertion.AssertionHelper - makeTrue][INFO ] - Making script PASS..
08-09-2019 15:03:57 :: [core.helpers.assertion.AssertionHelper - makeTrue][INFO ] - Making script PASS..
08-09-2019 15:04:11 :: [core.helpers.assertion.AssertionHelper - makeFalse][INFO ] - Making script FAIL..
08-09-2019 15:05:48 :: [core.helpers.assertion.AssertionHelper - makeFalse][INFO ] - Making script FAIL..
08-09-2019 15:05:59 :: [core.helpers.assertion.AssertionHelper - makeTrue][INFO ] - Making script PASS..
08-09-2019 15:06:05 :: [core.helpers.assertion.AssertionHelper - makeTrue][INFO ] - Making script PASS..
08-09-2019 15:07:02 :: [core.helpers.assertion.AssertionHelper - makeFalse][INFO ] - Making script FAIL..
08-09-2019 15:10:56 :: [core.helpers.assertion.AssertionHelper - makeFalse][INFO ] - Making script FAIL..
08-09-2019 15:11:06 :: [core.helpers.assertion.AssertionHelper - makeTrue][INFO ] - Making script PASS..
08-09-2019 15:11:28 :: [core.helpers.assertion.AssertionHelper - makeFalse][INFO ] - Making script FAIL..
08-09-2019 15:11:44 :: [core.helpers.assertion.AssertionHelper - makeTrue][INFO ] - Making script PASS..
08-09-2019 15:17:37 :: [core.helpers.assertion.AssertionHelper - makeFalse][INFO ] - Making script FAIL..
08-09-2019 15:17:54 :: [core.helpers.assertion.AssertionHelper - makeTrue][INFO ] - Making script PASS..
08-09-2019 15:19:16 :: [core.helpers.assertion.AssertionHelper - makeFalse][INFO ] - Making script FAIL..
08-09-2019 15:19:44 :: [core.helpers.assertion.AssertionHelper - makeTrue][INFO ] - Making script PASS..
08-09-2019 15:30:51 :: [core.helpers.assertion.AssertionHelper - makeFalse][INFO ] - Making script FAIL..
08-09-2019 15:31:02 :: [core.helpers.assertion.AssertionHelper - makeTrue][INFO ] - Making script PASS..
08-09-2019 15:31:19 :: [core.helpers.assertion.AssertionHelper - makeFalse][INFO ] - Making script FAIL..
08-09-2019 15:31:37 :: [core.helpers.assertion.AssertionHelper - makeTrue][INFO ] - Making script PASS..
08-09-2019 15:31:48 :: [core.helpers.assertion.AssertionHelper - makeFalse][INFO ] - Making script FAIL..
08-09-2019 15:31:56 :: [core.helpers.assertion.AssertionHelper - makeTrue][INFO ] - Making script PASS..
08-09-2019 15:32:09 :: [core.helpers.assertion.AssertionHelper - makeFalse][INFO ] - Making script FAIL..
08-09-2019 15:32:21 :: [core.helpers.assertion.AssertionHelper - makeTrue][INFO ] - Making script PASS..
08-09-2019 18:09:33 :: [core.test_base.TestBase - cuptureScreenShote][INFO ] - Driver is null...
08-09-2019 18:09:38 :: [core.helpers.assertion.AssertionHelper - makeFalse][INFO ] - Making script FAIL..
08-09-2019 18:09:43 :: [core.test_base.TestBase - cuptureScreenShote][INFO ] - Driver is null...
08-09-2019 18:09:48 :: [core.helpers.assertion.AssertionHelper - makeTrue][INFO ] - Making script PASS..
08-09-2019 18:10:11 :: [core.test_base.TestBase - cuptureScreenShote][INFO ] - Driver is null...
08-09-2019 18:10:16 :: [core.helpers.assertion.AssertionHelper - makeFalse][INFO ] - Making script FAIL..
08-09-2019 18:10:31 :: [core.test_base.TestBase - cuptureScreenShote][INFO ] - Driver is null...
08-09-2019 18:10:36 :: [core.helpers.assertion.AssertionHelper - makeTrue][INFO ] - Making script PASS..
08-09-2019 18:33:26 :: [core.helpers.assertion.AssertionHelper - makeFalse][INFO ] - Making script FAIL..
08-09-2019 18:33:35 :: [core.helpers.assertion.AssertionHelper - makeTrue][INFO ] - Making script PASS..
08-09-2019 18:33:52 :: [core.helpers.assertion.AssertionHelper - makeFalse][INFO ] - Making script FAIL..
08-09-2019 18:34:04 :: [core.helpers.assertion.AssertionHelper - makeTrue][INFO ] - Making script PASS..
08-09-2019 18:38:13 :: [core.helpers.assertion.AssertionHelper - makeFalse][INFO ] - Making script FAIL..
08-09-2019 18:38:24 :: [core.helpers.assertion.AssertionHelper - makeTrue][INFO ] - Making script PASS..
08-09-2019 18:39:14 :: [core.helpers.assertion.AssertionHelper - makeFalse][INFO ] - Making script FAIL..
08-09-2019 18:39:50 :: [core.helpers.assertion.AssertionHelper - makeTrue][INFO ] - Making script PASS..
08-14-2019 08:58:26 :: [core.test_base.TestBase - getBrowserObject][INFO ] - session not created: Chrome version must be between 71 and 75
  (Driver info: chromedriver=2.46.628402 (536cd7adbad73a3783fdc2cab92ab2ba7ec361e1),platform=Windows NT 10.0.18362 x86_64) (WARNING: The server did not provide any stacktrace information)
Command duration or timeout: 2.96 seconds
Build info: version: '3.14.0', revision: 'aacccce0', time: '2018-08-02T20:19:58.91Z'
System info: host: 'DESKTOP-STAS', ip: '10.0.75.1', os.name: 'Windows 10', os.arch: 'amd64', os.version: '10.0', java.version: '1.8.0_201'
Driver info: driver.version: ChromeDriver
08-14-2019 09:02:25 :: [core.test_base.TestBase - getBrowserObject][INFO ] - session not created: Chrome version must be between 71 and 75
  (Driver info: chromedriver=2.46.628402 (536cd7adbad73a3783fdc2cab92ab2ba7ec361e1),platform=Windows NT 10.0.18362 x86_64) (WARNING: The server did not provide any stacktrace information)
Command duration or timeout: 1.95 seconds
Build info: version: '3.14.0', revision: 'aacccce0', time: '2018-08-02T20:19:58.91Z'
System info: host: 'DESKTOP-STAS', ip: '10.0.75.1', os.name: 'Windows 10', os.arch: 'amd64', os.version: '10.0', java.version: '1.8.0_201'
Driver info: driver.version: ChromeDriver
08-14-2019 09:11:53 :: [core.test_base.TestBase - getBrowserObject][INFO ] - session not created: Chrome version must be between 71 and 75
  (Driver info: chromedriver=2.46.628402 (536cd7adbad73a3783fdc2cab92ab2ba7ec361e1),platform=Windows NT 10.0.18362 x86_64) (WARNING: The server did not provide any stacktrace information)
Command duration or timeout: 1.86 seconds
Build info: version: '3.14.0', revision: 'aacccce0', time: '2018-08-02T20:19:58.91Z'
System info: host: 'DESKTOP-STAS', ip: '10.0.75.1', os.name: 'Windows 10', os.arch: 'amd64', os.version: '10.0', java.version: '1.8.0_201'
Driver info: driver.version: ChromeDriver
08-14-2019 09:15:30 :: [core.test_base.TestBase - getBrowserObject][INFO ] - session not created: Chrome version must be between 71 and 75
  (Driver info: chromedriver=2.46.628402 (536cd7adbad73a3783fdc2cab92ab2ba7ec361e1),platform=Windows NT 10.0.18362 x86_64) (WARNING: The server did not provide any stacktrace information)
Command duration or timeout: 1.84 seconds
Build info: version: '3.14.0', revision: 'aacccce0', time: '2018-08-02T20:19:58.91Z'
System info: host: 'DESKTOP-STAS', ip: '10.0.75.1', os.name: 'Windows 10', os.arch: 'amd64', os.version: '10.0', java.version: '1.8.0_201'
Driver info: driver.version: ChromeDriver
08-14-2019 09:22:04 :: [core.test_base.TestBase - getBrowserObject][INFO ] - session not created: Chrome version must be between 71 and 75
  (Driver info: chromedriver=2.46.628402 (536cd7adbad73a3783fdc2cab92ab2ba7ec361e1),platform=Windows NT 10.0.18362 x86_64) (WARNING: The server did not provide any stacktrace information)
Command duration or timeout: 1.61 seconds
Build info: version: '3.14.0', revision: 'aacccce0', time: '2018-08-02T20:19:58.91Z'
System info: host: 'DESKTOP-STAS', ip: '10.0.75.1', os.name: 'Windows 10', os.arch: 'amd64', os.version: '10.0', java.version: '1.8.0_201'
Driver info: driver.version: ChromeDriver
08-14-2019 09:31:43 :: [core.test_base.TestBase - getBrowserObject][INFO ] - The driver executable does not exist: C:\Users\liesn\IdeaProjects\demoStructure\src\main\java\core\drivers\chromedriverold.exe
08-14-2019 09:33:43 :: [core.test_base.TestBase - setUpDriver][INFO ] - Initialize Web driver: 1272883899
08-14-2019 09:33:43 :: [core.helpers.wait.WaitHelper - setImpicitWait][INFO ] - Implicit Wait has been set to: 120
08-14-2019 09:33:43 :: [core.helpers.wait.WaitHelper - pageLoadTime][INFO ] - Waiting for page to load for : SECONDS seconds
08-14-2019 09:33:43 :: [core.helpers.wait.WaitHelper - pageLoadTime][INFO ] - Page is loaded
08-14-2019 09:34:30 :: [core.test_base.TestBase - setUpDriver][INFO ] - Initialize Web driver: 1272883899
08-14-2019 09:34:30 :: [core.helpers.wait.WaitHelper - setImpicitWait][INFO ] - Implicit Wait has been set to: 120
08-14-2019 09:34:30 :: [core.helpers.wait.WaitHelper - pageLoadTime][INFO ] - Waiting for page to load for : SECONDS seconds
08-14-2019 09:34:30 :: [core.helpers.wait.WaitHelper - pageLoadTime][INFO ] - Page is loaded
08-14-2019 09:43:29 :: [core.test_base.TestBase - setUpDriver][INFO ] - Initialize Web driver: 1328718765
08-14-2019 09:43:29 :: [core.helpers.wait.WaitHelper - setImpicitWait][INFO ] - Implicit Wait has been set to: 120
08-14-2019 09:43:29 :: [core.helpers.wait.WaitHelper - pageLoadTime][INFO ] - Waiting for page to load for : SECONDS seconds
08-14-2019 09:43:29 :: [core.helpers.wait.WaitHelper - pageLoadTime][INFO ] - Page is loaded
08-14-2019 09:59:15 :: [core.test_base.TestBase - setUpDriver][INFO ] - Initialize Web driver: 1328718765
08-14-2019 09:59:15 :: [core.helpers.wait.WaitHelper - setImpicitWait][INFO ] - Implicit Wait has been set to: 120
08-14-2019 09:59:15 :: [core.helpers.wait.WaitHelper - pageLoadTime][INFO ] - Waiting for page to load for : SECONDS seconds
08-14-2019 09:59:15 :: [core.helpers.wait.WaitHelper - pageLoadTime][INFO ] - Page is loaded
08-14-2019 10:00:55 :: [core.test_base.TestBase - setUpDriver][INFO ] - Initialize Web driver: 116734858
08-14-2019 10:00:55 :: [core.helpers.wait.WaitHelper - setImpicitWait][INFO ] - Implicit Wait has been set to: 120
08-14-2019 10:00:55 :: [core.helpers.wait.WaitHelper - pageLoadTime][INFO ] - Waiting for page to load for : SECONDS seconds
08-14-2019 10:00:55 :: [core.helpers.wait.WaitHelper - pageLoadTime][INFO ] - Page is loaded
08-14-2019 19:54:41 :: [core.test_base.TestBase - setUpDriver][INFO ] - Initialize Web driver: 240630125
08-14-2019 19:54:41 :: [core.helpers.wait.WaitHelper - setImpicitWait][INFO ] - Implicit Wait has been set to: 120
08-14-2019 19:54:41 :: [core.helpers.wait.WaitHelper - pageLoadTime][INFO ] - Waiting for page to load for : SECONDS seconds
08-14-2019 19:54:41 :: [core.helpers.wait.WaitHelper - pageLoadTime][INFO ] - Page is loaded
08-14-2019 19:55:10 :: [core.helpers.assertion.AssertionHelper - makeFalse][INFO ] - Making script FAIL..
08-14-2019 19:55:27 :: [core.helpers.assertion.AssertionHelper - makeTrue][INFO ] - Making script PASS..
08-14-2019 19:56:43 :: [core.helpers.assertion.AssertionHelper - makeFalse][INFO ] - Making script FAIL..
08-14-2019 19:57:00 :: [core.helpers.assertion.AssertionHelper - makeTrue][INFO ] - Making script PASS..
08-14-2019 19:57:07 :: [core.test_base.TestBase - setUpDriver][INFO ] - Initialize Web driver: 140404585
08-14-2019 19:57:07 :: [core.helpers.wait.WaitHelper - setImpicitWait][INFO ] - Implicit Wait has been set to: 120
08-14-2019 19:57:07 :: [core.helpers.wait.WaitHelper - pageLoadTime][INFO ] - Waiting for page to load for : SECONDS seconds
08-14-2019 19:57:07 :: [core.helpers.wait.WaitHelper - pageLoadTime][INFO ] - Page is loaded
08-14-2019 20:04:35 :: [core.test_base.TestBase - setUpDriver][INFO ] - Initialize Web driver: 240630125
08-14-2019 20:04:35 :: [core.helpers.wait.WaitHelper - setImpicitWait][INFO ] - Implicit Wait has been set to: 120
08-14-2019 20:04:35 :: [core.helpers.wait.WaitHelper - pageLoadTime][INFO ] - Waiting for page to load for : SECONDS seconds
08-14-2019 20:04:35 :: [core.helpers.wait.WaitHelper - pageLoadTime][INFO ] - Page is loaded
08-14-2019 20:05:14 :: [core.helpers.assertion.AssertionHelper - makeFalse][INFO ] - Making script FAIL..
08-14-2019 20:05:31 :: [core.helpers.assertion.AssertionHelper - makeTrue][INFO ] - Making script PASS..
08-14-2019 20:07:50 :: [core.test_base.TestBase - setUpDriver][INFO ] - Initialize Web driver: 1532139270
08-14-2019 20:07:50 :: [core.helpers.wait.WaitHelper - setImpicitWait][INFO ] - Implicit Wait has been set to: 120
08-14-2019 20:07:50 :: [core.helpers.wait.WaitHelper - pageLoadTime][INFO ] - Waiting for page to load for : SECONDS seconds
08-14-2019 20:07:50 :: [core.helpers.wait.WaitHelper - pageLoadTime][INFO ] - Page is loaded
08-14-2019 20:12:51 :: [core.test_base.TestBase - setUpDriver][INFO ] - Initialize Web driver: 240630125
08-14-2019 20:12:51 :: [core.helpers.wait.WaitHelper - setImpicitWait][INFO ] - Implicit Wait has been set to: 120
08-14-2019 20:12:51 :: [core.helpers.wait.WaitHelper - pageLoadTime][INFO ] - Waiting for page to load for : SECONDS seconds
08-14-2019 20:12:51 :: [core.helpers.wait.WaitHelper - pageLoadTime][INFO ] - Page is loaded
08-14-2019 20:13:17 :: [core.helpers.assertion.AssertionHelper - makeFalse][INFO ] - Making script FAIL..
08-14-2019 20:13:26 :: [core.helpers.assertion.AssertionHelper - makeTrue][INFO ] - Making script PASS..
08-14-2019 20:13:49 :: [core.helpers.assertion.AssertionHelper - makeFalse][INFO ] - Making script FAIL..
08-14-2019 20:14:04 :: [core.helpers.assertion.AssertionHelper - makeTrue][INFO ] - Making script PASS..
08-14-2019 20:14:11 :: [core.test_base.TestBase - setUpDriver][INFO ] - Initialize Web driver: 140404585
08-14-2019 20:14:11 :: [core.helpers.wait.WaitHelper - setImpicitWait][INFO ] - Implicit Wait has been set to: 120
08-14-2019 20:14:11 :: [core.helpers.wait.WaitHelper - pageLoadTime][INFO ] - Waiting for page to load for : SECONDS seconds
08-14-2019 20:14:11 :: [core.helpers.wait.WaitHelper - pageLoadTime][INFO ] - Page is loaded
08-14-2019 20:19:31 :: [core.test_base.TestBase - setUpDriver][INFO ] - Initialize Web driver: 240630125
08-14-2019 20:19:31 :: [core.helpers.wait.WaitHelper - setImpicitWait][INFO ] - Implicit Wait has been set to: 120
08-14-2019 20:19:31 :: [core.helpers.wait.WaitHelper - pageLoadTime][INFO ] - Waiting for page to load for : SECONDS seconds
08-14-2019 20:19:31 :: [core.helpers.wait.WaitHelper - pageLoadTime][INFO ] - Page is loaded
08-14-2019 20:19:58 :: [core.helpers.assertion.AssertionHelper - makeFalse][INFO ] - Making script FAIL..
08-14-2019 20:20:08 :: [core.helpers.assertion.AssertionHelper - makeTrue][INFO ] - Making script PASS..
08-14-2019 20:20:38 :: [core.helpers.assertion.AssertionHelper - makeFalse][INFO ] - Making script FAIL..
08-14-2019 20:20:54 :: [core.helpers.assertion.AssertionHelper - makeTrue][INFO ] - Making script PASS..
08-14-2019 20:21:01 :: [core.test_base.TestBase - setUpDriver][INFO ] - Initialize Web driver: 140404585
08-14-2019 20:21:01 :: [core.helpers.wait.WaitHelper - setImpicitWait][INFO ] - Implicit Wait has been set to: 120
08-14-2019 20:21:01 :: [core.helpers.wait.WaitHelper - pageLoadTime][INFO ] - Waiting for page to load for : SECONDS seconds
08-14-2019 20:21:01 :: [core.helpers.wait.WaitHelper - pageLoadTime][INFO ] - Page is loaded
08-14-2019 20:29:41 :: [core.test_base.TestBase - setUpDriver][INFO ] - Initialize Web driver: 240630125
08-14-2019 20:29:41 :: [core.helpers.wait.WaitHelper - setImpicitWait][INFO ] - Implicit Wait has been set to: 120
08-14-2019 20:29:41 :: [core.helpers.wait.WaitHelper - pageLoadTime][INFO ] - Waiting for page to load for : SECONDS seconds
08-14-2019 20:29:41 :: [core.helpers.wait.WaitHelper - pageLoadTime][INFO ] - Page is loaded
08-14-2019 20:30:44 :: [core.helpers.assertion.AssertionHelper - makeFalse][INFO ] - Making script FAIL..
08-14-2019 20:31:03 :: [core.helpers.assertion.AssertionHelper - makeTrue][INFO ] - Making script PASS..
08-14-2019 20:32:38 :: [core.helpers.assertion.AssertionHelper - makeFalse][INFO ] - Making script FAIL..
08-14-2019 20:34:37 :: [core.helpers.assertion.AssertionHelper - makeTrue][INFO ] - Making script PASS..
08-14-2019 20:34:44 :: [core.test_base.TestBase - setUpDriver][INFO ] - Initialize Web driver: 140404585
08-14-2019 20:34:44 :: [core.helpers.wait.WaitHelper - setImpicitWait][INFO ] - Implicit Wait has been set to: 120
08-14-2019 20:34:44 :: [core.helpers.wait.WaitHelper - pageLoadTime][INFO ] - Waiting for page to load for : SECONDS seconds
08-14-2019 20:34:44 :: [core.helpers.wait.WaitHelper - pageLoadTime][INFO ] - Page is loaded
08-14-2019 20:38:47 :: [core.test_base.TestBase - setUpDriver][INFO ] - Initialize Web driver: 240630125
08-14-2019 20:38:47 :: [core.helpers.wait.WaitHelper - setImpicitWait][INFO ] - Implicit Wait has been set to: 120
08-14-2019 20:38:47 :: [core.helpers.wait.WaitHelper - pageLoadTime][INFO ] - Waiting for page to load for : SECONDS seconds
08-14-2019 20:38:47 :: [core.helpers.wait.WaitHelper - pageLoadTime][INFO ] - Page is loaded
08-14-2019 20:39:20 :: [core.helpers.assertion.AssertionHelper - makeFalse][INFO ] - Making script FAIL..
08-14-2019 20:39:59 :: [core.helpers.assertion.AssertionHelper - makeTrue][INFO ] - Making script PASS..
08-14-2019 20:41:00 :: [core.helpers.assertion.AssertionHelper - makeFalse][INFO ] - Making script FAIL..
08-14-2019 20:41:23 :: [core.test_base.TestBase - setUpDriver][INFO ] - Initialize Web driver: 1677458155
08-14-2019 20:41:23 :: [core.helpers.wait.WaitHelper - setImpicitWait][INFO ] - Implicit Wait has been set to: 120
08-14-2019 20:41:23 :: [core.helpers.wait.WaitHelper - pageLoadTime][INFO ] - Waiting for page to load for : SECONDS seconds
08-14-2019 20:41:23 :: [core.helpers.wait.WaitHelper - pageLoadTime][INFO ] - Page is loaded
08-14-2019 20:42:01 :: [core.helpers.assertion.AssertionHelper - makeFalse][INFO ] - Making script FAIL..
08-14-2019 20:42:15 :: [core.helpers.assertion.AssertionHelper - makeTrue][INFO ] - Making script PASS..
08-14-2019 20:47:25 :: [core.helpers.assertion.AssertionHelper - makeTrue][INFO ] - Making script PASS..
08-14-2019 20:47:32 :: [core.test_base.TestBase - setUpDriver][INFO ] - Initialize Web driver: 1760219993
08-14-2019 20:47:32 :: [core.helpers.wait.WaitHelper - setImpicitWait][INFO ] - Implicit Wait has been set to: 120
08-14-2019 20:47:32 :: [core.helpers.wait.WaitHelper - pageLoadTime][INFO ] - Waiting for page to load for : SECONDS seconds
08-14-2019 20:47:32 :: [core.helpers.wait.WaitHelper - pageLoadTime][INFO ] - Page is loaded
08-14-2019 21:10:28 :: [core.test_base.TestBase - setUpDriver][INFO ] - Initialize Web driver: 1677458155
08-14-2019 21:10:28 :: [core.helpers.wait.WaitHelper - setImpicitWait][INFO ] - Implicit Wait has been set to: 120
08-14-2019 21:10:28 :: [core.helpers.wait.WaitHelper - pageLoadTime][INFO ] - Waiting for page to load for : SECONDS seconds
08-14-2019 21:10:28 :: [core.helpers.wait.WaitHelper - pageLoadTime][INFO ] - Page is loaded
08-14-2019 21:11:00 :: [core.helpers.assertion.AssertionHelper - makeFalse][INFO ] - Making script FAIL..
08-14-2019 21:11:13 :: [core.helpers.assertion.AssertionHelper - makeTrue][INFO ] - Making script PASS..
08-14-2019 21:11:54 :: [core.helpers.assertion.AssertionHelper - makeFalse][INFO ] - Making script FAIL..
08-14-2019 21:12:31 :: [core.helpers.assertion.AssertionHelper - makeTrue][INFO ] - Making script PASS..
08-14-2019 21:12:38 :: [core.test_base.TestBase - setUpDriver][INFO ] - Initialize Web driver: 1795225096
08-14-2019 21:12:38 :: [core.helpers.wait.WaitHelper - setImpicitWait][INFO ] - Implicit Wait has been set to: 120
08-14-2019 21:12:38 :: [core.helpers.wait.WaitHelper - pageLoadTime][INFO ] - Waiting for page to load for : SECONDS seconds
08-14-2019 21:12:38 :: [core.helpers.wait.WaitHelper - pageLoadTime][INFO ] - Page is loaded
08-15-2019 08:13:43 :: [core.helpers.listener.ExtentListener - onStart][INFO ] - FirstTest Class Started...
08-15-2019 08:13:43 :: [core.helpers.listener.ExtentListener - onFinish][INFO ] - FirstTest Test Finished.
08-15-2019 08:14:47 :: [core.helpers.listener.ExtentListener - onStart][INFO ] - FirstTest Class Started...
08-15-2019 08:14:47 :: [core.helpers.listener.ExtentListener - onTestFailure][ERROR] - testLogin Test Failed java.lang.NullPointerException
08-15-2019 08:14:47 :: [core.helpers.listener.ExtentListener - onTestFailure][ERROR] - testLogout Test Failed java.lang.NullPointerException
08-15-2019 08:14:47 :: [core.helpers.listener.ExtentListener - onFinish][INFO ] - FirstTest Test Finished.
08-15-2019 08:14:47 :: [core.helpers.listener.ExtentListener - onStart][INFO ] - SecondTest Class Started...
08-15-2019 08:14:47 :: [core.helpers.listener.ExtentListener - onTestFailure][ERROR] - testLogin Test Failed java.lang.NullPointerException
08-15-2019 08:14:47 :: [core.helpers.listener.ExtentListener - onFinish][INFO ] - SecondTest Test Finished.
08-15-2019 08:14:47 :: [core.helpers.listener.ExtentListener - onStart][INFO ] - ThirdTest Class Started...
08-15-2019 08:14:47 :: [core.helpers.listener.ExtentListener - onTestFailure][ERROR] - testLogin Test Failed java.lang.NullPointerException
08-15-2019 08:14:47 :: [core.helpers.listener.ExtentListener - onFinish][INFO ] - ThirdTest Test Finished.
08-15-2019 08:14:47 :: [core.helpers.listener.ExtentListener - onStart][INFO ] - ForthTest Class Started...
08-15-2019 08:14:47 :: [core.helpers.listener.ExtentListener - onTestFailure][ERROR] - testLogin Test Failed java.lang.NullPointerException
08-15-2019 08:14:47 :: [core.helpers.listener.ExtentListener - onFinish][INFO ] - ForthTest Test Finished.
08-15-2019 08:14:47 :: [core.helpers.listener.ExtentListener - onStart][INFO ] - Test_1 Class Started...
08-15-2019 08:14:56 :: [core.test_base.TestBase - setUpDriver][INFO ] - Initialize Web driver: 1304589447
08-15-2019 08:14:56 :: [core.helpers.wait.WaitHelper - setImpicitWait][INFO ] - Implicit Wait has been set to: 120
08-15-2019 08:14:56 :: [core.helpers.wait.WaitHelper - pageLoadTime][INFO ] - Waiting for page to load for : SECONDS seconds
08-15-2019 08:14:56 :: [core.helpers.wait.WaitHelper - pageLoadTime][INFO ] - Page is loaded
08-15-2019 08:15:00 :: [core.helpers.listener.ExtentListener - onTestFailure][ERROR] - goToFacebook Test Failed java.lang.NullPointerException
08-15-2019 08:15:01 :: [core.helpers.listener.ExtentListener - onTestFailure][ERROR] - goToGoogle Test Failed java.lang.NullPointerException
08-15-2019 08:15:01 :: [core.helpers.listener.ExtentListener - onTestFailure][ERROR] - goToYahoo Test Failed java.lang.NullPointerException
08-15-2019 08:15:02 :: [core.helpers.listener.ExtentListener - onTestFailure][ERROR] - goToYouTube Test Failed java.lang.NullPointerException
08-15-2019 08:15:03 :: [core.helpers.listener.ExtentListener - onFinish][INFO ] - Test_1 Test Finished.
08-15-2019 08:15:03 :: [core.helpers.listener.ExtentListener - onStart][INFO ] - Test_2 Class Started...
08-15-2019 08:15:03 :: [core.helpers.listener.ExtentListener - onTestFailure][ERROR] - testLogin Test Failed java.lang.NullPointerException
08-15-2019 08:15:03 :: [core.helpers.listener.ExtentListener - onFinish][INFO ] - Test_2 Test Finished.
08-15-2019 08:15:03 :: [core.helpers.listener.ExtentListener - onStart][INFO ] - Test_3 Class Started...
08-15-2019 08:15:09 :: [core.test_base.TestBase - setUpDriver][INFO ] - Initialize Web driver: 768185844
08-15-2019 08:15:09 :: [core.helpers.wait.WaitHelper - setImpicitWait][INFO ] - Implicit Wait has been set to: 120
08-15-2019 08:15:09 :: [core.helpers.wait.WaitHelper - pageLoadTime][INFO ] - Waiting for page to load for : SECONDS seconds
08-15-2019 08:15:09 :: [core.helpers.wait.WaitHelper - pageLoadTime][INFO ] - Page is loaded
08-15-2019 08:15:13 :: [core.helpers.listener.ExtentListener - onTestFailure][ERROR] - testScreen Test Failed java.lang.NullPointerException
08-15-2019 08:15:14 :: [core.helpers.listener.ExtentListener - onFinish][INFO ] - Test_3 Test Finished.
08-15-2019 08:16:08 :: [core.helpers.listener.ExtentListener - onStart][INFO ] - FirstTest Class Started...
08-15-2019 08:16:08 :: [core.helpers.listener.ExtentListener - onTestStart][INFO ] - testLogin Test Started 
08-15-2019 08:16:08 :: [core.helpers.listener.ExtentListener - onTestSuccess][INFO ] - testLogin Test Passed 
08-15-2019 08:16:08 :: [core.helpers.listener.ExtentListener - onTestStart][INFO ] - testLogout Test Started 
08-15-2019 08:16:08 :: [core.helpers.listener.ExtentListener - onTestSuccess][INFO ] - testLogout Test Passed 
08-15-2019 08:16:08 :: [core.helpers.listener.ExtentListener - onFinish][INFO ] - FirstTest Test Finished.
08-15-2019 08:16:08 :: [core.helpers.listener.ExtentListener - onStart][INFO ] - SecondTest Class Started...
08-15-2019 08:16:08 :: [core.helpers.listener.ExtentListener - onTestStart][INFO ] - testLogin Test Started 
08-15-2019 08:16:08 :: [core.helpers.listener.ExtentListener - onTestFailure][ERROR] - testLogin Test Failed java.lang.AssertionError: expected [true] but found [false]
08-15-2019 08:16:08 :: [core.helpers.listener.ExtentListener - onFinish][INFO ] - SecondTest Test Finished.
08-15-2019 08:16:08 :: [core.helpers.listener.ExtentListener - onStart][INFO ] - ThirdTest Class Started...
08-15-2019 08:16:08 :: [core.helpers.listener.ExtentListener - onTestStart][INFO ] - testLogin Test Started 
08-15-2019 08:16:08 :: [core.helpers.listener.ExtentListener - onTestFailure][ERROR] - testLogin Test Failed java.lang.AssertionError: expected [true] but found [false]
08-15-2019 08:16:09 :: [core.helpers.listener.ExtentListener - onFinish][INFO ] - ThirdTest Test Finished.
08-15-2019 08:16:09 :: [core.helpers.listener.ExtentListener - onStart][INFO ] - ForthTest Class Started...
08-15-2019 08:16:09 :: [core.helpers.listener.ExtentListener - onTestStart][INFO ] - testLogin Test Started 
08-15-2019 08:16:09 :: [core.helpers.listener.ExtentListener - onTestFailure][ERROR] - testLogin Test Failed java.lang.AssertionError: expected [true] but found [false]
08-15-2019 08:16:09 :: [core.helpers.listener.ExtentListener - onFinish][INFO ] - ForthTest Test Finished.
08-15-2019 08:16:09 :: [core.helpers.listener.ExtentListener - onStart][INFO ] - Test_1 Class Started...
08-15-2019 08:16:18 :: [core.test_base.TestBase - setUpDriver][INFO ] - Initialize Web driver: 2113748097
08-15-2019 08:16:18 :: [core.helpers.wait.WaitHelper - setImpicitWait][INFO ] - Implicit Wait has been set to: 120
08-15-2019 08:16:18 :: [core.helpers.wait.WaitHelper - pageLoadTime][INFO ] - Waiting for page to load for : SECONDS seconds
08-15-2019 08:16:18 :: [core.helpers.wait.WaitHelper - pageLoadTime][INFO ] - Page is loaded
08-15-2019 08:16:22 :: [core.helpers.listener.ExtentListener - onTestStart][INFO ] - goToFacebook Test Started 
08-15-2019 08:16:36 :: [core.helpers.assertion.AssertionHelper - makeFalse][INFO ] - Making script FAIL..
08-15-2019 08:16:36 :: [core.helpers.listener.ExtentListener - onTestFailure][ERROR] - goToFacebook Test Failed java.lang.AssertionError: expected [true] but found [false]
08-15-2019 08:16:37 :: [core.helpers.listener.ExtentListener - onTestStart][INFO ] - goToGoogle Test Started 
08-15-2019 08:16:47 :: [core.helpers.assertion.AssertionHelper - makeTrue][INFO ] - Making script PASS..
08-15-2019 08:16:47 :: [core.helpers.listener.ExtentListener - onTestSuccess][INFO ] - goToGoogle Test Passed 
08-15-2019 08:16:47 :: [core.helpers.listener.ExtentListener - onTestStart][INFO ] - goToYahoo Test Started 
08-15-2019 08:17:10 :: [core.helpers.assertion.AssertionHelper - makeFalse][INFO ] - Making script FAIL..
08-15-2019 08:17:10 :: [core.helpers.listener.ExtentListener - onTestFailure][ERROR] - goToYahoo Test Failed java.lang.AssertionError: expected [true] but found [false]
08-15-2019 08:17:11 :: [core.helpers.listener.ExtentListener - onTestStart][INFO ] - goToYouTube Test Started 
08-15-2019 08:17:27 :: [core.helpers.assertion.AssertionHelper - makeTrue][INFO ] - Making script PASS..
08-15-2019 08:17:27 :: [core.helpers.listener.ExtentListener - onTestSuccess][INFO ] - goToYouTube Test Passed 
08-15-2019 08:17:29 :: [core.helpers.listener.ExtentListener - onFinish][INFO ] - Test_1 Test Finished.
08-15-2019 08:17:29 :: [core.helpers.listener.ExtentListener - onStart][INFO ] - Test_2 Class Started...
08-15-2019 08:17:29 :: [core.helpers.listener.ExtentListener - onTestStart][INFO ] - testLogin Test Started 
08-15-2019 08:17:29 :: [core.helpers.listener.ExtentListener - onTestFailure][ERROR] - testLogin Test Failed java.lang.AssertionError: expected [true] but found [false]
08-15-2019 08:17:29 :: [core.helpers.listener.ExtentListener - onFinish][INFO ] - Test_2 Test Finished.
08-15-2019 08:17:29 :: [core.helpers.listener.ExtentListener - onStart][INFO ] - Test_3 Class Started...
08-15-2019 08:17:35 :: [core.test_base.TestBase - setUpDriver][INFO ] - Initialize Web driver: 2048537720
08-15-2019 08:17:35 :: [core.helpers.wait.WaitHelper - setImpicitWait][INFO ] - Implicit Wait has been set to: 120
08-15-2019 08:17:35 :: [core.helpers.wait.WaitHelper - pageLoadTime][INFO ] - Waiting for page to load for : SECONDS seconds
08-15-2019 08:17:35 :: [core.helpers.wait.WaitHelper - pageLoadTime][INFO ] - Page is loaded
08-15-2019 08:17:39 :: [core.helpers.listener.ExtentListener - onTestStart][INFO ] - testScreen Test Started 
08-15-2019 08:17:42 :: [core.helpers.listener.ExtentListener - onTestSuccess][INFO ] - testScreen Test Passed 
08-15-2019 08:17:44 :: [core.helpers.listener.ExtentListener - onFinish][INFO ] - Test_3 Test Finished.
08-15-2019 08:22:07 :: [core.helpers.listener.ExtentListener - onStart][INFO ] - FirstTest Class Started...
08-15-2019 08:22:17 :: [core.test_base.TestBase - setUpDriver][INFO ] - Initialize Web driver: 1603177117
08-15-2019 08:22:17 :: [core.helpers.wait.WaitHelper - setImpicitWait][INFO ] - Implicit Wait has been set to: 120
08-15-2019 08:22:17 :: [core.helpers.wait.WaitHelper - pageLoadTime][INFO ] - Waiting for page to load for : SECONDS seconds
08-15-2019 08:22:17 :: [core.helpers.wait.WaitHelper - pageLoadTime][INFO ] - Page is loaded
08-15-2019 08:22:21 :: [core.helpers.listener.ExtentListener - onTestStart][INFO ] - testLogin Test Started 
08-15-2019 08:22:21 :: [core.helpers.listener.ExtentListener - onTestSuccess][INFO ] - testLogin Test Passed 
08-15-2019 08:22:22 :: [core.helpers.listener.ExtentListener - onTestStart][INFO ] - testLogout Test Started 
08-15-2019 08:22:22 :: [core.helpers.listener.ExtentListener - onTestSuccess][INFO ] - testLogout Test Passed 
08-15-2019 08:22:23 :: [core.helpers.listener.ExtentListener - onFinish][INFO ] - FirstTest Test Finished.
08-15-2019 08:22:23 :: [core.helpers.listener.ExtentListener - onStart][INFO ] - SecondTest Class Started...
08-15-2019 08:22:29 :: [core.test_base.TestBase - setUpDriver][INFO ] - Initialize Web driver: 1175371136
08-15-2019 08:22:29 :: [core.helpers.wait.WaitHelper - setImpicitWait][INFO ] - Implicit Wait has been set to: 120
08-15-2019 08:22:29 :: [core.helpers.wait.WaitHelper - pageLoadTime][INFO ] - Waiting for page to load for : SECONDS seconds
08-15-2019 08:22:29 :: [core.helpers.wait.WaitHelper - pageLoadTime][INFO ] - Page is loaded
08-15-2019 08:22:33 :: [core.helpers.listener.ExtentListener - onTestStart][INFO ] - testLogin Test Started 
08-15-2019 08:22:33 :: [core.helpers.listener.ExtentListener - onTestFailure][ERROR] - testLogin Test Failed java.lang.AssertionError: expected [true] but found [false]
08-15-2019 08:22:33 :: [core.helpers.listener.ExtentListener - onFinish][INFO ] - SecondTest Test Finished.
08-15-2019 08:22:33 :: [core.helpers.listener.ExtentListener - onStart][INFO ] - ThirdTest Class Started...
08-15-2019 08:22:39 :: [core.test_base.TestBase - setUpDriver][INFO ] - Initialize Web driver: 1161148117
08-15-2019 08:22:39 :: [core.helpers.wait.WaitHelper - setImpicitWait][INFO ] - Implicit Wait has been set to: 120
08-15-2019 08:22:39 :: [core.helpers.wait.WaitHelper - pageLoadTime][INFO ] - Waiting for page to load for : SECONDS seconds
08-15-2019 08:22:39 :: [core.helpers.wait.WaitHelper - pageLoadTime][INFO ] - Page is loaded
08-15-2019 08:22:43 :: [core.helpers.listener.ExtentListener - onTestStart][INFO ] - testLogin Test Started 
08-15-2019 08:22:43 :: [core.helpers.listener.ExtentListener - onTestFailure][ERROR] - testLogin Test Failed java.lang.AssertionError: expected [true] but found [false]
08-15-2019 08:22:44 :: [core.helpers.listener.ExtentListener - onFinish][INFO ] - ThirdTest Test Finished.
08-15-2019 08:22:44 :: [core.helpers.listener.ExtentListener - onStart][INFO ] - ForthTest Class Started...
08-15-2019 08:22:49 :: [core.test_base.TestBase - setUpDriver][INFO ] - Initialize Web driver: 882646447
08-15-2019 08:22:49 :: [core.helpers.wait.WaitHelper - setImpicitWait][INFO ] - Implicit Wait has been set to: 120
08-15-2019 08:22:49 :: [core.helpers.wait.WaitHelper - pageLoadTime][INFO ] - Waiting for page to load for : SECONDS seconds
08-15-2019 08:22:49 :: [core.helpers.wait.WaitHelper - pageLoadTime][INFO ] - Page is loaded
08-15-2019 08:22:53 :: [core.helpers.listener.ExtentListener - onTestStart][INFO ] - testLogin Test Started 
08-15-2019 08:22:53 :: [core.helpers.listener.ExtentListener - onTestFailure][ERROR] - testLogin Test Failed java.lang.AssertionError: expected [true] but found [false]
08-15-2019 08:22:54 :: [core.helpers.listener.ExtentListener - onFinish][INFO ] - ForthTest Test Finished.
08-15-2019 08:22:54 :: [core.helpers.listener.ExtentListener - onStart][INFO ] - Test_1 Class Started...
08-15-2019 08:23:00 :: [core.test_base.TestBase - setUpDriver][INFO ] - Initialize Web driver: 1706272858
08-15-2019 08:23:00 :: [core.helpers.wait.WaitHelper - setImpicitWait][INFO ] - Implicit Wait has been set to: 120
08-15-2019 08:23:00 :: [core.helpers.wait.WaitHelper - pageLoadTime][INFO ] - Waiting for page to load for : SECONDS seconds
08-15-2019 08:23:00 :: [core.helpers.wait.WaitHelper - pageLoadTime][INFO ] - Page is loaded
08-15-2019 08:23:04 :: [core.helpers.listener.ExtentListener - onTestStart][INFO ] - goToFacebook Test Started 
08-15-2019 08:23:16 :: [core.helpers.assertion.AssertionHelper - makeFalse][INFO ] - Making script FAIL..
08-15-2019 08:23:16 :: [core.helpers.listener.ExtentListener - onTestFailure][ERROR] - goToFacebook Test Failed java.lang.AssertionError: expected [true] but found [false]
08-15-2019 08:23:16 :: [core.helpers.listener.ExtentListener - onTestStart][INFO ] - goToGoogle Test Started 
08-15-2019 08:23:24 :: [core.helpers.assertion.AssertionHelper - makeTrue][INFO ] - Making script PASS..
08-15-2019 08:23:24 :: [core.helpers.listener.ExtentListener - onTestSuccess][INFO ] - goToGoogle Test Passed 
08-15-2019 08:23:24 :: [core.helpers.listener.ExtentListener - onTestStart][INFO ] - goToYahoo Test Started 
08-15-2019 08:23:44 :: [core.helpers.assertion.AssertionHelper - makeFalse][INFO ] - Making script FAIL..
08-15-2019 08:23:44 :: [core.helpers.listener.ExtentListener - onTestFailure][ERROR] - goToYahoo Test Failed java.lang.AssertionError: expected [true] but found [false]
08-15-2019 08:23:44 :: [core.helpers.listener.ExtentListener - onTestStart][INFO ] - goToYouTube Test Started 
08-15-2019 08:23:59 :: [core.helpers.assertion.AssertionHelper - makeTrue][INFO ] - Making script PASS..
08-15-2019 08:23:59 :: [core.helpers.listener.ExtentListener - onTestSuccess][INFO ] - goToYouTube Test Passed 
08-15-2019 08:24:00 :: [core.helpers.listener.ExtentListener - onFinish][INFO ] - Test_1 Test Finished.
08-15-2019 08:24:00 :: [core.helpers.listener.ExtentListener - onStart][INFO ] - Test_2 Class Started...
08-15-2019 08:24:06 :: [core.test_base.TestBase - setUpDriver][INFO ] - Initialize Web driver: 181078353
08-15-2019 08:24:06 :: [core.helpers.wait.WaitHelper - setImpicitWait][INFO ] - Implicit Wait has been set to: 120
08-15-2019 08:24:06 :: [core.helpers.wait.WaitHelper - pageLoadTime][INFO ] - Waiting for page to load for : SECONDS seconds
08-15-2019 08:24:06 :: [core.helpers.wait.WaitHelper - pageLoadTime][INFO ] - Page is loaded
08-15-2019 08:24:10 :: [core.helpers.listener.ExtentListener - onTestStart][INFO ] - testLogin Test Started 
08-15-2019 08:24:10 :: [core.helpers.listener.ExtentListener - onTestFailure][ERROR] - testLogin Test Failed java.lang.AssertionError: expected [true] but found [false]
08-15-2019 08:24:11 :: [core.helpers.listener.ExtentListener - onFinish][INFO ] - Test_2 Test Finished.
08-15-2019 08:24:11 :: [core.helpers.listener.ExtentListener - onStart][INFO ] - Test_3 Class Started...
08-15-2019 08:24:16 :: [core.test_base.TestBase - setUpDriver][INFO ] - Initialize Web driver: 1716164115
08-15-2019 08:24:16 :: [core.helpers.wait.WaitHelper - setImpicitWait][INFO ] - Implicit Wait has been set to: 120
08-15-2019 08:24:16 :: [core.helpers.wait.WaitHelper - pageLoadTime][INFO ] - Waiting for page to load for : SECONDS seconds
08-15-2019 08:24:16 :: [core.helpers.wait.WaitHelper - pageLoadTime][INFO ] - Page is loaded
08-15-2019 08:24:21 :: [core.helpers.listener.ExtentListener - onTestStart][INFO ] - testScreen Test Started 
08-15-2019 08:24:23 :: [core.helpers.listener.ExtentListener - onTestSuccess][INFO ] - testScreen Test Passed 
08-15-2019 08:24:25 :: [core.helpers.listener.ExtentListener - onFinish][INFO ] - Test_3 Test Finished.
08-15-2019 08:38:06 :: [core.helpers.listener.ExtentListener - onStart][INFO ] - Test_3 Class Started...
08-15-2019 08:38:14 :: [core.test_base.TestBase - setUpDriver][INFO ] - Initialize Web driver: 116734858
08-15-2019 08:38:14 :: [core.helpers.wait.WaitHelper - setImpicitWait][INFO ] - Implicit Wait has been set to: 120
08-15-2019 08:38:14 :: [core.helpers.wait.WaitHelper - pageLoadTime][INFO ] - Waiting for page to load for : SECONDS seconds
08-15-2019 08:38:14 :: [core.helpers.wait.WaitHelper - pageLoadTime][INFO ] - Page is loaded
08-15-2019 08:38:18 :: [core.helpers.listener.ExtentListener - onTestStart][INFO ] - testScreen Test Started 
08-15-2019 08:38:20 :: [core.helpers.listener.ExtentListener - onTestSuccess][INFO ] - testScreen Test Passed 
08-15-2019 08:38:22 :: [core.helpers.listener.ExtentListener - onFinish][INFO ] - Test_3 Test Finished.
08-15-2019 08:41:24 :: [core.helpers.listener.ExtentListener - onStart][INFO ] - Test_3 Class Started...
08-15-2019 08:41:32 :: [core.test_base.TestBase - setUpDriver][INFO ] - Initialize Web driver: 116734858
08-15-2019 08:41:32 :: [core.helpers.wait.WaitHelper - setImpicitWait][INFO ] - Implicit Wait has been set to: 120
08-15-2019 08:41:32 :: [core.helpers.wait.WaitHelper - pageLoadTime][INFO ] - Waiting for page to load for : SECONDS seconds
08-15-2019 08:41:32 :: [core.helpers.wait.WaitHelper - pageLoadTime][INFO ] - Page is loaded
08-15-2019 08:41:36 :: [core.helpers.listener.ExtentListener - onTestStart][INFO ] - testScreen Test Started 
08-15-2019 08:41:38 :: [core.helpers.listener.ExtentListener - onTestSuccess][INFO ] - testScreen Test Passed 
08-15-2019 08:41:41 :: [core.helpers.listener.ExtentListener - onFinish][INFO ] - Test_3 Test Finished.
08-15-2019 08:42:51 :: [core.helpers.listener.ExtentListener - onStart][INFO ] - Test_3 Class Started...
08-15-2019 08:43:02 :: [core.test_base.TestBase - setUpDriver][INFO ] - Initialize Web driver: 116734858
08-15-2019 08:43:02 :: [core.helpers.wait.WaitHelper - setImpicitWait][INFO ] - Implicit Wait has been set to: 120
08-15-2019 08:43:02 :: [core.helpers.wait.WaitHelper - pageLoadTime][INFO ] - Waiting for page to load for : SECONDS seconds
08-15-2019 08:43:02 :: [core.helpers.wait.WaitHelper - pageLoadTime][INFO ] - Page is loaded
08-15-2019 08:43:06 :: [core.helpers.listener.ExtentListener - onTestStart][INFO ] - testScreen Test Started 
08-15-2019 08:43:08 :: [core.helpers.listener.ExtentListener - onTestSuccess][INFO ] - testScreen Test Passed 
08-15-2019 08:43:11 :: [core.helpers.listener.ExtentListener - onFinish][INFO ] - Test_3 Test Finished.
08-15-2019 08:58:57 :: [core.test_base.TestBase - setUpDriver][INFO ] - Initialize Web driver: 1515833950
08-15-2019 08:58:57 :: [core.helpers.wait.WaitHelper - setImpicitWait][INFO ] - Implicit Wait has been set to: 120
08-15-2019 08:58:57 :: [core.helpers.wait.WaitHelper - pageLoadTime][INFO ] - Waiting for page to load for : SECONDS seconds
08-15-2019 08:58:57 :: [core.helpers.wait.WaitHelper - pageLoadTime][INFO ] - Page is loaded
08-15-2019 09:08:29 :: [core.test_base.TestBase - setUpDriver][INFO ] - Initialize Web driver: 1272883899
08-15-2019 09:08:29 :: [core.helpers.wait.WaitHelper - setImpicitWait][INFO ] - Implicit Wait has been set to: 120
08-15-2019 09:08:29 :: [core.helpers.wait.WaitHelper - pageLoadTime][INFO ] - Waiting for page to load for : SECONDS seconds
08-15-2019 09:08:29 :: [core.helpers.wait.WaitHelper - pageLoadTime][INFO ] - Page is loaded
08-15-2019 09:11:22 :: [core.helpers.listener.ExtentListener - onStart][INFO ] - Test_3 Class Started...
08-15-2019 09:11:29 :: [core.test_base.TestBase - setUpDriver][INFO ] - Initialize Web driver: 116734858
08-15-2019 09:11:29 :: [core.helpers.wait.WaitHelper - setImpicitWait][INFO ] - Implicit Wait has been set to: 120
08-15-2019 09:11:29 :: [core.helpers.wait.WaitHelper - pageLoadTime][INFO ] - Waiting for page to load for : SECONDS seconds
08-15-2019 09:11:29 :: [core.helpers.wait.WaitHelper - pageLoadTime][INFO ] - Page is loaded
08-15-2019 09:11:34 :: [core.helpers.listener.ExtentListener - onTestStart][INFO ] - testScreen Test Started 
08-15-2019 09:11:35 :: [core.helpers.listener.ExtentListener - onTestSuccess][INFO ] - testScreen Test Passed 
08-15-2019 09:11:37 :: [core.helpers.listener.ExtentListener - onFinish][INFO ] - Test_3 Test Finished.
08-15-2019 09:21:58 :: [core.helpers.listener.ExtentListener - onStart][INFO ] - Test_3 Class Started...
08-15-2019 09:22:08 :: [core.test_base.TestBase - setUpDriver][INFO ] - Initialize Web driver: 116734858
08-15-2019 09:22:08 :: [core.helpers.wait.WaitHelper - setImpicitWait][INFO ] - Implicit Wait has been set to: 120
08-15-2019 09:22:08 :: [core.helpers.wait.WaitHelper - pageLoadTime][INFO ] - Waiting for page to load for : SECONDS seconds
08-15-2019 09:22:08 :: [core.helpers.wait.WaitHelper - pageLoadTime][INFO ] - Page is loaded
08-15-2019 09:22:13 :: [core.helpers.listener.ExtentListener - onTestStart][INFO ] - testScreen Test Started 
08-15-2019 09:22:17 :: [core.helpers.listener.ExtentListener - onTestSuccess][INFO ] - testScreen Test Passed 
08-15-2019 09:22:21 :: [core.helpers.listener.ExtentListener - onFinish][INFO ] - Test_3 Test Finished.
08-15-2019 09:57:40 :: [core.helpers.listener.ExtentListener - onStart][INFO ] - Test_3 Class Started...
08-15-2019 09:57:49 :: [core.test_base.TestBase - setUpDriver][INFO ] - Initialize Web driver: 1293677337
08-15-2019 09:57:49 :: [core.helpers.wait.WaitHelper - setImpicitWait][INFO ] - Implicit Wait has been set to: 120
08-15-2019 09:57:49 :: [core.helpers.wait.WaitHelper - pageLoadTime][INFO ] - Waiting for page to load for : SECONDS seconds
08-15-2019 09:57:49 :: [core.helpers.wait.WaitHelper - pageLoadTime][INFO ] - Page is loaded
08-15-2019 09:57:53 :: [core.helpers.listener.ExtentListener - onTestStart][INFO ] - testScreen Test Started 
08-15-2019 09:57:54 :: [core.helpers.listener.ExtentListener - onTestSuccess][INFO ] - testScreen Test Passed 
08-15-2019 09:57:57 :: [core.helpers.listener.ExtentListener - onFinish][INFO ] - Test_3 Test Finished.
08-15-2019 10:09:17 :: [core.helpers.listener.ExtentListener - onStart][INFO ] - Test_3 Class Started...
08-15-2019 10:09:25 :: [core.test_base.TestBase - setUpDriver][INFO ] - Initialize Web driver: 116734858
08-15-2019 10:09:25 :: [core.helpers.wait.WaitHelper - setImpicitWait][INFO ] - Implicit Wait has been set to: 120
08-15-2019 10:09:25 :: [core.helpers.wait.WaitHelper - pageLoadTime][INFO ] - Waiting for page to load for : SECONDS seconds
08-15-2019 10:09:25 :: [core.helpers.wait.WaitHelper - pageLoadTime][INFO ] - Page is loaded
08-15-2019 10:09:30 :: [core.helpers.listener.ExtentListener - onTestStart][INFO ] - testScreen Test Started 
08-15-2019 10:09:32 :: [core.helpers.listener.ExtentListener - onTestSuccess][INFO ] - testScreen Test Passed 
08-15-2019 10:09:34 :: [core.helpers.listener.ExtentListener - onFinish][INFO ] - Test_3 Test Finished.
08-15-2019 10:11:44 :: [core.helpers.listener.ExtentListener - onStart][INFO ] - Test_3 Class Started...
08-15-2019 10:11:52 :: [core.test_base.TestBase - setUpDriver][INFO ] - Initialize Web driver: 116734858
08-15-2019 10:11:52 :: [core.helpers.wait.WaitHelper - setImpicitWait][INFO ] - Implicit Wait has been set to: 120
08-15-2019 10:11:52 :: [core.helpers.wait.WaitHelper - pageLoadTime][INFO ] - Waiting for page to load for : SECONDS seconds
08-15-2019 10:11:52 :: [core.helpers.wait.WaitHelper - pageLoadTime][INFO ] - Page is loaded
08-15-2019 10:11:56 :: [core.helpers.listener.ExtentListener - onTestStart][INFO ] - testScreen Test Started 
08-15-2019 10:11:58 :: [core.helpers.listener.ExtentListener - onTestSuccess][INFO ] - testScreen Test Passed 
08-15-2019 10:11:58 :: [core.test_base.TestBase - captureScreenShot][INFO ] - Taking a pass ===========================================>>>>>>>>>>>
08-15-2019 10:12:00 :: [core.helpers.listener.ExtentListener - onFinish][INFO ] - Test_3 Test Finished.
08-15-2019 10:13:13 :: [core.helpers.listener.ExtentListener - onStart][INFO ] - Test_3 Class Started...
08-15-2019 10:13:21 :: [core.test_base.TestBase - setUpDriver][INFO ] - Initialize Web driver: 116734858
08-15-2019 10:13:21 :: [core.helpers.wait.WaitHelper - setImpicitWait][INFO ] - Implicit Wait has been set to: 120
08-15-2019 10:13:21 :: [core.helpers.wait.WaitHelper - pageLoadTime][INFO ] - Waiting for page to load for : SECONDS seconds
08-15-2019 10:13:21 :: [core.helpers.wait.WaitHelper - pageLoadTime][INFO ] - Page is loaded
08-15-2019 10:13:25 :: [core.helpers.listener.ExtentListener - onTestStart][INFO ] - testScreen Test Started 
08-15-2019 10:13:26 :: [core.helpers.listener.ExtentListener - onTestSuccess][INFO ] - testScreen Test Passed 
08-15-2019 10:13:27 :: [core.test_base.TestBase - captureScreenShot][INFO ] - Taking a pass ===========================================>>>>>>>>>>>
08-15-2019 10:13:29 :: [core.helpers.listener.ExtentListener - onFinish][INFO ] - Test_3 Test Finished.
08-15-2019 10:16:53 :: [core.test_base.TestBase - setUpDriver][INFO ] - Initialize Web driver: 1917562344
08-15-2019 10:16:53 :: [core.helpers.wait.WaitHelper - setImpicitWait][INFO ] - Implicit Wait has been set to: 120
08-15-2019 10:16:53 :: [core.helpers.wait.WaitHelper - pageLoadTime][INFO ] - Waiting for page to load for : SECONDS seconds
08-15-2019 10:16:53 :: [core.helpers.wait.WaitHelper - pageLoadTime][INFO ] - Page is loaded
08-15-2019 10:17:00 :: [core.test_base.TestBase - captureScreenShot][INFO ] - Taking a pass ===========================================>>>>>>>>>>>
08-15-2019 10:20:01 :: [core.test_base.TestBase - setUpDriver][INFO ] - Initialize Web driver: 1917562344
08-15-2019 10:20:01 :: [core.helpers.wait.WaitHelper - setImpicitWait][INFO ] - Implicit Wait has been set to: 120
08-15-2019 10:20:01 :: [core.helpers.wait.WaitHelper - pageLoadTime][INFO ] - Waiting for page to load for : SECONDS seconds
08-15-2019 10:20:01 :: [core.helpers.wait.WaitHelper - pageLoadTime][INFO ] - Page is loaded
08-15-2019 10:21:15 :: [core.test_base.TestBase - setUpDriver][INFO ] - Initialize Web driver: 1704491411
08-15-2019 10:21:15 :: [core.helpers.wait.WaitHelper - setImpicitWait][INFO ] - Implicit Wait has been set to: 120
08-15-2019 10:21:15 :: [core.helpers.wait.WaitHelper - pageLoadTime][INFO ] - Waiting for page to load for : SECONDS seconds
08-15-2019 10:21:15 :: [core.helpers.wait.WaitHelper - pageLoadTime][INFO ] - Page is loaded
08-15-2019 10:21:21 :: [core.test_base.TestBase - captureScreenShot][INFO ] - Taking a pass ===========================================>>>>>>>>>>>
08-15-2019 10:22:33 :: [core.test_base.TestBase - setUpDriver][INFO ] - Initialize Web driver: 1917562344
08-15-2019 10:22:33 :: [core.helpers.wait.WaitHelper - setImpicitWait][INFO ] - Implicit Wait has been set to: 120
08-15-2019 10:22:33 :: [core.helpers.wait.WaitHelper - pageLoadTime][INFO ] - Waiting for page to load for : SECONDS seconds
08-15-2019 10:22:33 :: [core.helpers.wait.WaitHelper - pageLoadTime][INFO ] - Page is loaded
08-15-2019 10:22:41 :: [core.test_base.TestBase - captureScreenShot][INFO ] - Taking a pass ===========================================>>>>>>>>>>>
08-15-2019 10:36:05 :: [core.helpers.listener.ExtentListener - onStart][INFO ] - Test_3 Class Started...
08-15-2019 10:36:13 :: [core.test_base.TestBase - setUpDriver][INFO ] - Initialize Web driver: 116734858
08-15-2019 10:36:13 :: [core.helpers.wait.WaitHelper - setImpicitWait][INFO ] - Implicit Wait has been set to: 120
08-15-2019 10:36:13 :: [core.helpers.wait.WaitHelper - pageLoadTime][INFO ] - Waiting for page to load for : SECONDS seconds
08-15-2019 10:36:13 :: [core.helpers.wait.WaitHelper - pageLoadTime][INFO ] - Page is loaded
08-15-2019 10:36:18 :: [core.helpers.listener.ExtentListener - onTestStart][INFO ] - testScreen Test Started 
08-15-2019 10:36:19 :: [core.helpers.listener.ExtentListener - onTestSuccess][INFO ] - testScreen Test Passed 
08-15-2019 10:36:20 :: [core.test_base.TestBase - captureScreenShot][INFO ] - Taking a pass ===========================================>>>>>>>>>>>
08-15-2019 10:36:22 :: [core.helpers.listener.ExtentListener - onFinish][INFO ] - Test_3 Test Finished.
08-15-2019 10:40:20 :: [core.helpers.listener.ExtentListener - onStart][INFO ] - Test_3 Class Started...
08-15-2019 10:40:29 :: [core.test_base.TestBase - setUpDriver][INFO ] - Initialize Web driver: 116734858
08-15-2019 10:40:29 :: [core.helpers.wait.WaitHelper - setImpicitWait][INFO ] - Implicit Wait has been set to: 120
08-15-2019 10:40:29 :: [core.helpers.wait.WaitHelper - pageLoadTime][INFO ] - Waiting for page to load for : SECONDS seconds
08-15-2019 10:40:29 :: [core.helpers.wait.WaitHelper - pageLoadTime][INFO ] - Page is loaded
08-15-2019 10:40:33 :: [core.helpers.listener.ExtentListener - onTestStart][INFO ] - testScreen Test Started 
08-15-2019 10:40:35 :: [core.helpers.listener.ExtentListener - onTestSuccess][INFO ] - testScreen Test Passed 
08-15-2019 10:40:35 :: [core.test_base.TestBase - captureScreenShot][INFO ] - Taking a pass ===========================================>>>>>>>>>>>
08-15-2019 10:40:37 :: [core.helpers.listener.ExtentListener - onFinish][INFO ] - Test_3 Test Finished.
08-15-2019 10:42:34 :: [core.helpers.listener.ExtentListener - onStart][INFO ] - Test_3 Class Started...
08-15-2019 10:42:43 :: [core.test_base.TestBase - setUpDriver][INFO ] - Initialize Web driver: 116734858
08-15-2019 10:42:43 :: [core.helpers.wait.WaitHelper - setImpicitWait][INFO ] - Implicit Wait has been set to: 120
08-15-2019 10:42:43 :: [core.helpers.wait.WaitHelper - pageLoadTime][INFO ] - Waiting for page to load for : SECONDS seconds
08-15-2019 10:42:43 :: [core.helpers.wait.WaitHelper - pageLoadTime][INFO ] - Page is loaded
08-15-2019 10:42:47 :: [core.helpers.listener.ExtentListener - onTestStart][INFO ] - testScreen Test Started 
08-15-2019 10:42:48 :: [core.helpers.listener.ExtentListener - onTestSuccess][INFO ] - testScreen Test Passed 
08-15-2019 10:42:49 :: [core.test_base.TestBase - captureScreenShot][INFO ] - Taking a pass ===========================================>>>>>>>>>>>
08-15-2019 10:42:51 :: [core.helpers.listener.ExtentListener - onFinish][INFO ] - Test_3 Test Finished.
08-15-2019 10:43:59 :: [core.helpers.listener.ExtentListener - onStart][INFO ] - Test_3 Class Started...
08-15-2019 10:44:07 :: [core.test_base.TestBase - setUpDriver][INFO ] - Initialize Web driver: 116734858
08-15-2019 10:44:07 :: [core.helpers.wait.WaitHelper - setImpicitWait][INFO ] - Implicit Wait has been set to: 120
08-15-2019 10:44:07 :: [core.helpers.wait.WaitHelper - pageLoadTime][INFO ] - Waiting for page to load for : SECONDS seconds
08-15-2019 10:44:07 :: [core.helpers.wait.WaitHelper - pageLoadTime][INFO ] - Page is loaded
08-15-2019 10:44:11 :: [core.helpers.listener.ExtentListener - onTestStart][INFO ] - testScreen Test Started 
08-15-2019 10:44:12 :: [core.helpers.listener.ExtentListener - onTestSuccess][INFO ] - testScreen Test Passed 
08-15-2019 10:44:13 :: [core.test_base.TestBase - captureScreenShot][INFO ] - Taking a pass ===========================================>>>>>>>>>>>
08-15-2019 10:44:14 :: [core.helpers.listener.ExtentListener - onFinish][INFO ] - Test_3 Test Finished.
08-15-2019 10:59:10 :: [core.helpers.listener.ExtentListener - onStart][INFO ] - Test_3 Class Started...
08-15-2019 10:59:18 :: [core.test_base.TestBase - setUpDriver][INFO ] - Initialize Web driver: 116734858
08-15-2019 10:59:18 :: [core.helpers.wait.WaitHelper - setImpicitWait][INFO ] - Implicit Wait has been set to: 120
08-15-2019 10:59:18 :: [core.helpers.wait.WaitHelper - pageLoadTime][INFO ] - Waiting for page to load for : SECONDS seconds
08-15-2019 10:59:18 :: [core.helpers.wait.WaitHelper - pageLoadTime][INFO ] - Page is loaded
08-15-2019 10:59:22 :: [core.helpers.listener.ExtentListener - onTestStart][INFO ] - testScreen Test Started 
08-15-2019 10:59:24 :: [core.helpers.listener.ExtentListener - onTestSuccess][INFO ] - testScreen Test Passed 
08-15-2019 10:59:24 :: [core.test_base.TestBase - captureScreenShot][INFO ] - Taking a pass =========================>>>>>>>>>>>
08-15-2019 10:59:26 :: [core.helpers.listener.ExtentListener - onFinish][INFO ] - Test_3 Test Finished.
08-15-2019 11:03:48 :: [core.helpers.listener.ExtentListener - onStart][INFO ] - Test_3 Class Started...
08-15-2019 11:03:56 :: [core.test_base.TestBase - setUpDriver][INFO ] - Initialize Web driver: 116734858
08-15-2019 11:03:56 :: [core.helpers.wait.WaitHelper - setImpicitWait][INFO ] - Implicit Wait has been set to: 120
08-15-2019 11:03:56 :: [core.helpers.wait.WaitHelper - pageLoadTime][INFO ] - Waiting for page to load for : SECONDS seconds
08-15-2019 11:03:56 :: [core.helpers.wait.WaitHelper - pageLoadTime][INFO ] - Page is loaded
08-15-2019 11:04:00 :: [core.helpers.listener.ExtentListener - onTestStart][INFO ] - testScreen Test Started 
08-15-2019 11:04:04 :: [core.helpers.listener.ExtentListener - onTestSuccess][INFO ] - testScreen Test Passed 
08-15-2019 11:04:04 :: [core.test_base.TestBase - captureScreenShot][INFO ] - Taking a pass =========================>>>>>>>>>>>
08-15-2019 11:04:06 :: [core.helpers.listener.ExtentListener - onFinish][INFO ] - Test_3 Test Finished.
08-15-2019 11:10:01 :: [core.helpers.listener.ExtentListener - onStart][INFO ] - Test_3 Class Started...
08-15-2019 11:10:08 :: [core.test_base.TestBase - setUpDriver][INFO ] - Initialize Web driver: 116734858
08-15-2019 11:10:08 :: [core.helpers.wait.WaitHelper - setImpicitWait][INFO ] - Implicit Wait has been set to: 120
08-15-2019 11:10:08 :: [core.helpers.wait.WaitHelper - pageLoadTime][INFO ] - Waiting for page to load for : SECONDS seconds
08-15-2019 11:10:08 :: [core.helpers.wait.WaitHelper - pageLoadTime][INFO ] - Page is loaded
08-15-2019 11:10:13 :: [core.helpers.listener.ExtentListener - onTestStart][INFO ] - testScreen Test Started 
08-15-2019 11:10:14 :: [core.helpers.listener.ExtentListener - onTestSuccess][INFO ] - testScreen Test Passed 
08-15-2019 11:10:14 :: [core.test_base.TestBase - captureScreenShot][INFO ] - Taking a pass =========================>>>>>>>>>>>
08-15-2019 11:10:16 :: [core.helpers.listener.ExtentListener - onFinish][INFO ] - Test_3 Test Finished.
08-15-2019 11:10:49 :: [core.helpers.listener.ExtentListener - onStart][INFO ] - Test_3 Class Started...
08-15-2019 11:10:57 :: [core.test_base.TestBase - setUpDriver][INFO ] - Initialize Web driver: 116734858
08-15-2019 11:10:57 :: [core.helpers.wait.WaitHelper - setImpicitWait][INFO ] - Implicit Wait has been set to: 120
08-15-2019 11:10:57 :: [core.helpers.wait.WaitHelper - pageLoadTime][INFO ] - Waiting for page to load for : SECONDS seconds
08-15-2019 11:10:57 :: [core.helpers.wait.WaitHelper - pageLoadTime][INFO ] - Page is loaded
08-15-2019 11:11:01 :: [core.helpers.listener.ExtentListener - onTestStart][INFO ] - testScreen Test Started 
08-15-2019 11:11:02 :: [core.helpers.listener.ExtentListener - onTestSuccess][INFO ] - testScreen Test Passed 
08-15-2019 11:11:03 :: [core.test_base.TestBase - captureScreenShot][INFO ] - Taking a pass =========================>>>>>>>>>>>
08-15-2019 11:11:04 :: [core.helpers.listener.ExtentListener - onFinish][INFO ] - Test_3 Test Finished.
08-15-2019 11:13:54 :: [core.helpers.listener.ExtentListener - onStart][INFO ] - Test_3 Class Started...
08-15-2019 11:14:02 :: [core.test_base.TestBase - setUpDriver][INFO ] - Initialize Web driver: 116734858
08-15-2019 11:14:02 :: [core.helpers.wait.WaitHelper - setImpicitWait][INFO ] - Implicit Wait has been set to: 120
08-15-2019 11:14:02 :: [core.helpers.wait.WaitHelper - pageLoadTime][INFO ] - Waiting for page to load for : SECONDS seconds
08-15-2019 11:14:02 :: [core.helpers.wait.WaitHelper - pageLoadTime][INFO ] - Page is loaded
08-15-2019 11:14:06 :: [core.helpers.listener.ExtentListener - onTestStart][INFO ] - testScreen Test Started 
08-15-2019 11:14:09 :: [core.helpers.listener.ExtentListener - onTestSuccess][INFO ] - testScreen Test Passed 
08-15-2019 11:14:10 :: [core.test_base.TestBase - captureScreenShot][INFO ] - Taking a pass =========================>>>>>>>>>>>
08-15-2019 11:14:11 :: [core.helpers.listener.ExtentListener - onFinish][INFO ] - Test_3 Test Finished.
08-15-2019 11:26:31 :: [core.test_base.TestBase - setUpDriver][INFO ] - Initialize Web driver: 1293677337
08-15-2019 11:26:31 :: [core.helpers.wait.WaitHelper - setImpicitWait][INFO ] - Implicit Wait has been set to: 120
08-15-2019 11:26:31 :: [core.helpers.wait.WaitHelper - pageLoadTime][INFO ] - Waiting for page to load for : SECONDS seconds
08-15-2019 11:26:31 :: [core.helpers.wait.WaitHelper - pageLoadTime][INFO ] - Page is loaded
08-15-2019 11:26:37 :: [core.test_base.TestBase - captureScreenShot][INFO ] - Taking a pass =========================>>>>>>>>>>>
08-15-2019 11:26:38 :: [core.test_base.TestBase - captureScreenShot][INFO ] - Taking a pass =========================>>>>>>>>>>>
08-15-2019 11:27:47 :: [core.test_base.TestBase - setUpDriver][INFO ] - Initialize Web driver: 1704491411
08-15-2019 11:27:47 :: [core.helpers.wait.WaitHelper - setImpicitWait][INFO ] - Implicit Wait has been set to: 120
08-15-2019 11:27:47 :: [core.helpers.wait.WaitHelper - pageLoadTime][INFO ] - Waiting for page to load for : SECONDS seconds
08-15-2019 11:27:47 :: [core.helpers.wait.WaitHelper - pageLoadTime][INFO ] - Page is loaded
08-15-2019 11:27:53 :: [core.test_base.TestBase - captureScreenShot][INFO ] - Taking a pass =========================>>>>>>>>>>>
08-15-2019 11:27:54 :: [core.test_base.TestBase - captureScreenShot][INFO ] - Taking a pass =========================>>>>>>>>>>>
08-15-2019 11:31:22 :: [core.helpers.listener.ExtentListener - onStart][INFO ] - Test_3 Class Started...
08-15-2019 11:31:30 :: [core.test_base.TestBase - setUpDriver][INFO ] - Initialize Web driver: 116734858
08-15-2019 11:31:30 :: [core.helpers.wait.WaitHelper - setImpicitWait][INFO ] - Implicit Wait has been set to: 120
08-15-2019 11:31:30 :: [core.helpers.wait.WaitHelper - pageLoadTime][INFO ] - Waiting for page to load for : SECONDS seconds
08-15-2019 11:31:30 :: [core.helpers.wait.WaitHelper - pageLoadTime][INFO ] - Page is loaded
08-15-2019 11:31:35 :: [core.helpers.listener.ExtentListener - onTestStart][INFO ] - testScreen Test Started 
08-15-2019 11:31:38 :: [core.test_base.TestBase - captureScreenShot][INFO ] - Taking a pass =========================>>>>>>>>>>>
08-15-2019 11:31:38 :: [core.helpers.listener.ExtentListener - onTestSuccess][INFO ] - testScreen Test Passed 
08-15-2019 11:31:39 :: [core.test_base.TestBase - captureScreenShot][INFO ] - Taking a pass =========================>>>>>>>>>>>
08-15-2019 11:31:40 :: [core.helpers.listener.ExtentListener - onFinish][INFO ] - Test_3 Test Finished.
08-15-2019 11:35:41 :: [core.helpers.listener.ExtentListener - onStart][INFO ] - ScreenShot_test Class Started...
08-15-2019 11:35:48 :: [core.test_base.TestBase - setUpDriver][INFO ] - Initialize Web driver: 116734858
08-15-2019 11:35:48 :: [core.helpers.wait.WaitHelper - setImpicitWait][INFO ] - Implicit Wait has been set to: 120
08-15-2019 11:35:48 :: [core.helpers.wait.WaitHelper - pageLoadTime][INFO ] - Waiting for page to load for : SECONDS seconds
08-15-2019 11:35:48 :: [core.helpers.wait.WaitHelper - pageLoadTime][INFO ] - Page is loaded
08-15-2019 11:35:53 :: [core.helpers.listener.ExtentListener - onTestStart][INFO ] - testScreen Test Started 
08-15-2019 11:35:55 :: [core.test_base.TestBase - captureScreenShot][INFO ] - Taking a pass =========================>>>>>>>>>>>
08-15-2019 11:35:55 :: [core.helpers.listener.ExtentListener - onTestSuccess][INFO ] - testScreen Test Passed 
08-15-2019 11:35:56 :: [core.test_base.TestBase - captureScreenShot][INFO ] - Taking a pass =========================>>>>>>>>>>>
08-15-2019 11:35:58 :: [core.helpers.listener.ExtentListener - onFinish][INFO ] - ScreenShot_test Test Finished.
08-15-2019 11:42:05 :: [core.helpers.listener.ExtentListener - onStart][INFO ] - ScreenShot_test Class Started...
08-15-2019 11:42:13 :: [core.test_base.TestBase - setUpDriver][INFO ] - Initialize Web driver: 116734858
08-15-2019 11:42:13 :: [core.helpers.wait.WaitHelper - setImpicitWait][INFO ] - Implicit Wait has been set to: 120
08-15-2019 11:42:13 :: [core.helpers.wait.WaitHelper - pageLoadTime][INFO ] - Waiting for page to load for : SECONDS seconds
08-15-2019 11:42:13 :: [core.helpers.wait.WaitHelper - pageLoadTime][INFO ] - Page is loaded
08-15-2019 11:42:17 :: [core.helpers.listener.ExtentListener - onTestStart][INFO ] - testScreen Test Started 
08-15-2019 11:42:20 :: [core.test_base.TestBase - captureScreenShot][INFO ] - Taking a pass =========================>>>>>>>>>>>
08-15-2019 11:42:20 :: [core.helpers.listener.ExtentListener - onTestSuccess][INFO ] - testScreen Test Passed 
08-15-2019 11:42:20 :: [core.test_base.TestBase - captureScreenShot][INFO ] - Taking a pass =========================>>>>>>>>>>>
08-15-2019 11:42:22 :: [core.helpers.listener.ExtentListener - onFinish][INFO ] - ScreenShot_test Test Finished.
08-15-2019 11:43:19 :: [core.helpers.listener.ExtentListener - onStart][INFO ] - ScreenShot_test Class Started...
08-15-2019 11:43:27 :: [core.test_base.TestBase - setUpDriver][INFO ] - Initialize Web driver: 116734858
08-15-2019 11:43:27 :: [core.helpers.wait.WaitHelper - setImpicitWait][INFO ] - Implicit Wait has been set to: 120
08-15-2019 11:43:27 :: [core.helpers.wait.WaitHelper - pageLoadTime][INFO ] - Waiting for page to load for : SECONDS seconds
08-15-2019 11:43:27 :: [core.helpers.wait.WaitHelper - pageLoadTime][INFO ] - Page is loaded
08-15-2019 11:43:31 :: [core.helpers.listener.ExtentListener - onTestStart][INFO ] - testScreen Test Started 
08-15-2019 11:43:33 :: [core.test_base.TestBase - captureScreenShot][INFO ] - Taking a pass =========================>>>>>>>>>>>
08-15-2019 11:43:33 :: [core.helpers.listener.ExtentListener - onTestSuccess][INFO ] - testScreen Test Passed 
08-15-2019 11:43:34 :: [core.test_base.TestBase - captureScreenShot][INFO ] - Taking a pass =========================>>>>>>>>>>>
08-15-2019 11:43:35 :: [core.helpers.listener.ExtentListener - onFinish][INFO ] - ScreenShot_test Test Finished.
08-15-2019 11:49:42 :: [core.helpers.listener.ExtentListener - onStart][INFO ] - ScreenShot_test Class Started...
08-15-2019 11:49:50 :: [core.test_base.TestBase - setUpDriver][INFO ] - Initialize Web driver: 116734858
08-15-2019 11:49:50 :: [core.helpers.wait.WaitHelper - setImpicitWait][INFO ] - Implicit Wait has been set to: 120
08-15-2019 11:49:50 :: [core.helpers.wait.WaitHelper - pageLoadTime][INFO ] - Waiting for page to load for : SECONDS seconds
08-15-2019 11:49:50 :: [core.helpers.wait.WaitHelper - pageLoadTime][INFO ] - Page is loaded
08-15-2019 11:49:54 :: [core.helpers.listener.ExtentListener - onTestStart][INFO ] - testScreen Test Started 
08-15-2019 11:49:57 :: [core.test_base.TestBase - captureScreenShot][INFO ] - Taking a pass =========================>>>>>>>>>>>
08-15-2019 11:49:57 :: [core.helpers.listener.ExtentListener - onTestSuccess][INFO ] - testScreen Test Passed 
08-15-2019 11:49:58 :: [core.test_base.TestBase - captureScreenShot][INFO ] - Taking a pass =========================>>>>>>>>>>>
08-15-2019 11:49:59 :: [core.helpers.listener.ExtentListener - onFinish][INFO ] - ScreenShot_test Test Finished.
08-15-2019 12:05:44 :: [core.helpers.listener.ExtentListener - onStart][INFO ] - ScreenShot_test Class Started...
08-15-2019 12:05:52 :: [core.test_base.TestBase - setUpDriver][INFO ] - Initialize Web driver: 116734858
08-15-2019 12:05:52 :: [core.helpers.wait.WaitHelper - setImpicitWait][INFO ] - Implicit Wait has been set to: 120
08-15-2019 12:05:52 :: [core.helpers.wait.WaitHelper - pageLoadTime][INFO ] - Waiting for page to load for : SECONDS seconds
08-15-2019 12:05:52 :: [core.helpers.wait.WaitHelper - pageLoadTime][INFO ] - Page is loaded
08-15-2019 12:05:56 :: [core.helpers.listener.ExtentListener - onTestStart][INFO ] - testScreen Test Started 
08-15-2019 12:05:58 :: [core.test_base.TestBase - captureScreenShot][INFO ] - Taking a pass =========================>>>>>>>>>>>
08-15-2019 12:05:58 :: [core.helpers.listener.ExtentListener - onTestSuccess][INFO ] - testScreen Test Passed 
08-15-2019 12:05:59 :: [core.test_base.TestBase - captureScreenShot][INFO ] - Taking a pass =========================>>>>>>>>>>>
08-15-2019 12:06:00 :: [core.helpers.listener.ExtentListener - onFinish][INFO ] - ScreenShot_test Test Finished.
08-15-2019 12:06:48 :: [core.helpers.listener.ExtentListener - onStart][INFO ] - ScreenShot_test Class Started...
08-15-2019 12:06:56 :: [core.test_base.TestBase - setUpDriver][INFO ] - Initialize Web driver: 116734858
08-15-2019 12:06:56 :: [core.helpers.wait.WaitHelper - setImpicitWait][INFO ] - Implicit Wait has been set to: 120
08-15-2019 12:06:56 :: [core.helpers.wait.WaitHelper - pageLoadTime][INFO ] - Waiting for page to load for : SECONDS seconds
08-15-2019 12:06:56 :: [core.helpers.wait.WaitHelper - pageLoadTime][INFO ] - Page is loaded
08-15-2019 12:07:00 :: [core.helpers.listener.ExtentListener - onTestStart][INFO ] - testScreen Test Started 
08-15-2019 12:07:02 :: [core.test_base.TestBase - captureScreenShot][INFO ] - Taking a pass =========================>>>>>>>>>>>
08-15-2019 12:07:02 :: [core.helpers.listener.ExtentListener - onTestSuccess][INFO ] - testScreen Test Passed 
08-15-2019 12:07:02 :: [core.test_base.TestBase - captureScreenShot][INFO ] - Taking a pass =========================>>>>>>>>>>>
08-15-2019 12:07:02 :: [core.test_base.TestBase - afterMethod][INFO ] - << ******************************************************* >>>
08-15-2019 12:07:04 :: [core.helpers.listener.ExtentListener - onFinish][INFO ] - ScreenShot_test Test Finished.
08-15-2019 12:12:55 :: [core.test_base.TestBase - setUpDriver][INFO ] - Initialize Web driver: 1732410217
08-15-2019 12:12:55 :: [core.helpers.wait.WaitHelper - setImpicitWait][INFO ] - Implicit Wait has been set to: 120
08-15-2019 12:12:55 :: [core.helpers.wait.WaitHelper - pageLoadTime][INFO ] - Waiting for page to load for : SECONDS seconds
08-15-2019 12:12:55 :: [core.helpers.wait.WaitHelper - pageLoadTime][INFO ] - Page is loaded
08-15-2019 12:15:35 :: [core.test_base.TestBase - captureScreenShot][INFO ] - Taking a pass =========================>>>>>>>>>>>
08-15-2019 12:15:35 :: [core.test_base.TestBase - captureScreenShot][INFO ] - Taking a pass =========================>>>>>>>>>>>
08-15-2019 12:15:35 :: [core.test_base.TestBase - afterMethod][INFO ] - <<Adding ScreenShot...>>>
08-15-2019 12:17:02 :: [core.helpers.listener.ExtentListener - onStart][INFO ] - ScreenShot_test Class Started...
08-15-2019 12:17:10 :: [core.test_base.TestBase - setUpDriver][INFO ] - Initialize Web driver: 116734858
08-15-2019 12:17:10 :: [core.helpers.wait.WaitHelper - setImpicitWait][INFO ] - Implicit Wait has been set to: 120
08-15-2019 12:17:10 :: [core.helpers.wait.WaitHelper - pageLoadTime][INFO ] - Waiting for page to load for : SECONDS seconds
08-15-2019 12:17:10 :: [core.helpers.wait.WaitHelper - pageLoadTime][INFO ] - Page is loaded
08-15-2019 12:17:15 :: [core.helpers.listener.ExtentListener - onTestStart][INFO ] - testScreen Test Started 
08-15-2019 12:17:17 :: [core.test_base.TestBase - captureScreenShot][INFO ] - Taking a pass =========================>>>>>>>>>>>
08-15-2019 12:17:17 :: [core.helpers.listener.ExtentListener - onTestSuccess][INFO ] - testScreen Test Passed 
08-15-2019 12:17:18 :: [core.test_base.TestBase - captureScreenShot][INFO ] - Taking a pass =========================>>>>>>>>>>>
08-15-2019 12:17:18 :: [core.test_base.TestBase - afterMethod][INFO ] - <<Adding ScreenShot...>>>
08-15-2019 12:17:19 :: [core.helpers.listener.ExtentListener - onFinish][INFO ] - ScreenShot_test Test Finished.
08-15-2019 12:59:02 :: [core.test_base.TestBase - setUpDriver][INFO ] - Initialize Web driver: 1293677337
08-15-2019 12:59:02 :: [core.helpers.wait.WaitHelper - setImpicitWait][INFO ] - Implicit Wait has been set to: 120
08-15-2019 12:59:02 :: [core.helpers.wait.WaitHelper - pageLoadTime][INFO ] - Waiting for page to load for : SECONDS seconds
08-15-2019 12:59:02 :: [core.helpers.wait.WaitHelper - pageLoadTime][INFO ] - Page is loaded
08-15-2019 12:59:17 :: [core.test_base.TestBase - captureScreenShot][INFO ] - Taking a pass =========================>>>>>>>>>>>
08-15-2019 12:59:22 :: [core.helpers.assertion.AssertionHelper - makeFalse][INFO ] - Making script FAIL..
08-15-2019 12:59:22 :: [core.test_base.TestBase - captureScreenShot][INFO ] - Taking a pass =========================>>>>>>>>>>>
08-15-2019 12:59:22 :: [core.test_base.TestBase - afterMethod][INFO ] - << ******************************************************* >>>
08-15-2019 12:59:30 :: [core.test_base.TestBase - captureScreenShot][INFO ] - Taking a pass =========================>>>>>>>>>>>
08-15-2019 12:59:35 :: [core.helpers.assertion.AssertionHelper - makeTrue][INFO ] - Making script PASS..
08-15-2019 12:59:35 :: [core.test_base.TestBase - captureScreenShot][INFO ] - Taking a pass =========================>>>>>>>>>>>
08-15-2019 12:59:35 :: [core.test_base.TestBase - afterMethod][INFO ] - <<Adding ScreenShot...>>>
08-15-2019 13:00:10 :: [core.test_base.TestBase - captureScreenShot][INFO ] - Taking a pass =========================>>>>>>>>>>>
08-15-2019 13:00:15 :: [core.helpers.assertion.AssertionHelper - makeFalse][INFO ] - Making script FAIL..
08-15-2019 13:00:16 :: [core.test_base.TestBase - captureScreenShot][INFO ] - Taking a pass =========================>>>>>>>>>>>
08-15-2019 13:00:16 :: [core.test_base.TestBase - afterMethod][INFO ] - << ******************************************************* >>>
08-15-2019 13:00:30 :: [core.test_base.TestBase - captureScreenShot][INFO ] - Taking a pass =========================>>>>>>>>>>>
08-15-2019 13:00:35 :: [core.helpers.assertion.AssertionHelper - makeTrue][INFO ] - Making script PASS..
08-15-2019 13:00:36 :: [core.test_base.TestBase - captureScreenShot][INFO ] - Taking a pass =========================>>>>>>>>>>>
08-15-2019 13:00:36 :: [core.test_base.TestBase - afterMethod][INFO ] - <<Adding ScreenShot...>>>
08-15-2019 13:00:36 :: [core.test_base.TestBase - captureScreenShot][INFO ] - Driver is null...
08-15-2019 13:00:36 :: [core.test_base.TestBase - afterMethod][INFO ] - << ******************************************************* >>>
08-15-2019 13:00:36 :: [core.test_base.TestBase - captureScreenShot][INFO ] - Driver is null...
08-15-2019 13:00:36 :: [core.test_base.TestBase - afterMethod][INFO ] - << ******************************************************* >>>
08-15-2019 13:00:36 :: [core.test_base.TestBase - captureScreenShot][INFO ] - Driver is null...
08-15-2019 13:00:36 :: [core.test_base.TestBase - afterMethod][INFO ] - << ******************************************************* >>>
08-15-2019 13:00:36 :: [core.test_base.TestBase - captureScreenShot][INFO ] - Driver is null...
08-15-2019 13:00:36 :: [core.test_base.TestBase - afterMethod][INFO ] - << ******************************************************* >>>
08-15-2019 13:00:36 :: [core.test_base.TestBase - captureScreenShot][INFO ] - Driver is null...
08-15-2019 13:00:36 :: [core.test_base.TestBase - afterMethod][INFO ] - << ******************************************************* >>>
08-15-2019 13:04:34 :: [core.test_base.TestBase - setUpDriver][INFO ] - Initialize Web driver: 1732238286
08-15-2019 13:04:34 :: [core.helpers.wait.WaitHelper - setImpicitWait][INFO ] - Implicit Wait has been set to: 120
08-15-2019 13:04:34 :: [core.helpers.wait.WaitHelper - pageLoadTime][INFO ] - Waiting for page to load for : SECONDS seconds
08-15-2019 13:04:34 :: [core.helpers.wait.WaitHelper - pageLoadTime][INFO ] - Page is loaded
08-15-2019 13:04:45 :: [core.test_base.TestBase - captureScreenShot][INFO ] - Taking a pass =========================>>>>>>>>>>>
08-15-2019 13:04:50 :: [core.helpers.assertion.AssertionHelper - makeFalse][INFO ] - Making script FAIL..
08-15-2019 13:04:50 :: [core.test_base.TestBase - captureScreenShot][INFO ] - Taking a pass =========================>>>>>>>>>>>
08-15-2019 13:04:50 :: [core.test_base.TestBase - afterMethod][INFO ] - << ******************************************************* >>>
08-15-2019 13:04:53 :: [core.test_base.TestBase - captureScreenShot][INFO ] - Taking a pass =========================>>>>>>>>>>>
08-15-2019 13:04:58 :: [core.helpers.assertion.AssertionHelper - makeTrue][INFO ] - Making script PASS..
08-15-2019 13:04:59 :: [core.test_base.TestBase - captureScreenShot][INFO ] - Taking a pass =========================>>>>>>>>>>>
08-15-2019 13:04:59 :: [core.test_base.TestBase - afterMethod][INFO ] - <<Adding ScreenShot...>>>
08-15-2019 13:05:14 :: [core.test_base.TestBase - captureScreenShot][INFO ] - Taking a pass =========================>>>>>>>>>>>
08-15-2019 13:05:19 :: [core.helpers.assertion.AssertionHelper - makeFalse][INFO ] - Making script FAIL..
08-15-2019 13:05:20 :: [core.test_base.TestBase - captureScreenShot][INFO ] - Taking a pass =========================>>>>>>>>>>>
08-15-2019 13:05:20 :: [core.test_base.TestBase - afterMethod][INFO ] - << ******************************************************* >>>
08-15-2019 13:05:28 :: [core.test_base.TestBase - captureScreenShot][INFO ] - Taking a pass =========================>>>>>>>>>>>
08-15-2019 13:05:33 :: [core.helpers.assertion.AssertionHelper - makeTrue][INFO ] - Making script PASS..
08-15-2019 13:05:34 :: [core.test_base.TestBase - captureScreenShot][INFO ] - Taking a pass =========================>>>>>>>>>>>
08-15-2019 13:05:34 :: [core.test_base.TestBase - afterMethod][INFO ] - <<Adding ScreenShot...>>>
08-15-2019 13:05:34 :: [core.test_base.TestBase - captureScreenShot][INFO ] - Driver is null...
08-15-2019 13:05:34 :: [core.test_base.TestBase - afterMethod][INFO ] - << ******************************************************* >>>
08-15-2019 13:05:34 :: [core.test_base.TestBase - captureScreenShot][INFO ] - Driver is null...
08-15-2019 13:05:34 :: [core.test_base.TestBase - afterMethod][INFO ] - << ******************************************************* >>>
08-15-2019 13:05:34 :: [core.test_base.TestBase - captureScreenShot][INFO ] - Driver is null...
08-15-2019 13:05:34 :: [core.test_base.TestBase - afterMethod][INFO ] - << ******************************************************* >>>
08-15-2019 13:05:34 :: [core.test_base.TestBase - captureScreenShot][INFO ] - Driver is null...
08-15-2019 13:05:34 :: [core.test_base.TestBase - afterMethod][INFO ] - << ******************************************************* >>>
08-15-2019 13:05:35 :: [core.test_base.TestBase - captureScreenShot][INFO ] - Driver is null...
08-15-2019 13:05:35 :: [core.test_base.TestBase - afterMethod][INFO ] - << ******************************************************* >>>
08-15-2019 13:10:10 :: [core.test_base.TestBase - setUpDriver][INFO ] - Initialize Web driver: 1732238286
08-15-2019 13:10:10 :: [core.helpers.wait.WaitHelper - setImpicitWait][INFO ] - Implicit Wait has been set to: 120
08-15-2019 13:10:10 :: [core.helpers.wait.WaitHelper - pageLoadTime][INFO ] - Waiting for page to load for : SECONDS seconds
08-15-2019 13:10:10 :: [core.helpers.wait.WaitHelper - pageLoadTime][INFO ] - Page is loaded
08-15-2019 13:10:24 :: [core.test_base.TestBase - captureScreenShot][INFO ] - Taking a pass =========================>>>>>>>>>>>
08-15-2019 13:10:29 :: [core.helpers.assertion.AssertionHelper - makeFalse][INFO ] - Making script FAIL..
08-15-2019 13:10:29 :: [core.test_base.TestBase - captureScreenShot][INFO ] - Taking a pass =========================>>>>>>>>>>>
08-15-2019 13:10:29 :: [core.test_base.TestBase - afterMethod][INFO ] - << ******************************************************* >>>
08-15-2019 13:10:33 :: [core.test_base.TestBase - captureScreenShot][INFO ] - Taking a pass =========================>>>>>>>>>>>
08-15-2019 13:10:38 :: [core.helpers.assertion.AssertionHelper - makeTrue][INFO ] - Making script PASS..
08-15-2019 13:10:39 :: [core.test_base.TestBase - captureScreenShot][INFO ] - Taking a pass =========================>>>>>>>>>>>
08-15-2019 13:10:39 :: [core.test_base.TestBase - afterMethod][INFO ] - <<Adding ScreenShot...>>>
08-15-2019 13:10:58 :: [core.test_base.TestBase - captureScreenShot][INFO ] - Taking a pass =========================>>>>>>>>>>>
08-15-2019 13:11:03 :: [core.helpers.assertion.AssertionHelper - makeFalse][INFO ] - Making script FAIL..
08-15-2019 13:11:03 :: [core.test_base.TestBase - captureScreenShot][INFO ] - Taking a pass =========================>>>>>>>>>>>
08-15-2019 13:11:03 :: [core.test_base.TestBase - afterMethod][INFO ] - << ******************************************************* >>>
08-15-2019 13:11:13 :: [core.test_base.TestBase - captureScreenShot][INFO ] - Taking a pass =========================>>>>>>>>>>>
08-15-2019 13:11:18 :: [core.helpers.assertion.AssertionHelper - makeTrue][INFO ] - Making script PASS..
08-15-2019 13:11:19 :: [core.test_base.TestBase - captureScreenShot][INFO ] - Taking a pass =========================>>>>>>>>>>>
08-15-2019 13:11:19 :: [core.test_base.TestBase - afterMethod][INFO ] - <<Adding ScreenShot...>>>
08-15-2019 13:11:19 :: [core.test_base.TestBase - captureScreenShot][INFO ] - Driver is null...
08-15-2019 13:11:19 :: [core.test_base.TestBase - afterMethod][INFO ] - << ******************************************************* >>>
08-15-2019 13:11:19 :: [core.test_base.TestBase - captureScreenShot][INFO ] - Driver is null...
08-15-2019 13:11:19 :: [core.test_base.TestBase - afterMethod][INFO ] - << ******************************************************* >>>
08-15-2019 13:11:19 :: [core.test_base.TestBase - captureScreenShot][INFO ] - Driver is null...
08-15-2019 13:11:19 :: [core.test_base.TestBase - afterMethod][INFO ] - << ******************************************************* >>>
08-15-2019 13:11:20 :: [core.test_base.TestBase - captureScreenShot][INFO ] - Driver is null...
08-15-2019 13:11:20 :: [core.test_base.TestBase - afterMethod][INFO ] - << ******************************************************* >>>
08-15-2019 13:11:20 :: [core.test_base.TestBase - captureScreenShot][INFO ] - Driver is null...
08-15-2019 13:11:20 :: [core.test_base.TestBase - afterMethod][INFO ] - << ******************************************************* >>>
08-15-2019 13:13:27 :: [core.test_base.TestBase - setUpDriver][INFO ] - Initialize Web driver: 1732238286
08-15-2019 13:13:27 :: [core.helpers.wait.WaitHelper - setImpicitWait][INFO ] - Implicit Wait has been set to: 120
08-15-2019 13:13:27 :: [core.helpers.wait.WaitHelper - pageLoadTime][INFO ] - Waiting for page to load for : SECONDS seconds
08-15-2019 13:13:27 :: [core.helpers.wait.WaitHelper - pageLoadTime][INFO ] - Page is loaded
08-15-2019 13:13:39 :: [core.test_base.TestBase - captureScreenShot][INFO ] - Taking a pass =========================>>>>>>>>>>>
08-15-2019 13:13:44 :: [core.helpers.assertion.AssertionHelper - makeFalse][INFO ] - Making script FAIL..
08-15-2019 13:13:44 :: [core.test_base.TestBase - captureScreenShot][INFO ] - Taking a pass =========================>>>>>>>>>>>
08-15-2019 13:13:44 :: [core.test_base.TestBase - afterMethod][INFO ] - << ******************************************************* >>>
08-15-2019 13:13:47 :: [core.test_base.TestBase - captureScreenShot][INFO ] - Taking a pass =========================>>>>>>>>>>>
08-15-2019 13:13:52 :: [core.helpers.assertion.AssertionHelper - makeTrue][INFO ] - Making script PASS..
08-15-2019 13:13:53 :: [core.test_base.TestBase - captureScreenShot][INFO ] - Taking a pass =========================>>>>>>>>>>>
08-15-2019 13:13:53 :: [core.test_base.TestBase - afterMethod][INFO ] - <<Adding ScreenShot...>>>
08-15-2019 13:14:02 :: [core.test_base.TestBase - captureScreenShot][INFO ] - Taking a pass =========================>>>>>>>>>>>
08-15-2019 13:14:07 :: [core.helpers.assertion.AssertionHelper - makeFalse][INFO ] - Making script FAIL..
08-15-2019 13:14:08 :: [core.test_base.TestBase - captureScreenShot][INFO ] - Taking a pass =========================>>>>>>>>>>>
08-15-2019 13:14:08 :: [core.test_base.TestBase - afterMethod][INFO ] - << ******************************************************* >>>
08-15-2019 13:14:13 :: [core.test_base.TestBase - captureScreenShot][INFO ] - Taking a pass =========================>>>>>>>>>>>
08-15-2019 13:14:18 :: [core.helpers.assertion.AssertionHelper - makeTrue][INFO ] - Making script PASS..
08-15-2019 13:14:18 :: [core.test_base.TestBase - captureScreenShot][INFO ] - Taking a pass =========================>>>>>>>>>>>
08-15-2019 13:14:18 :: [core.test_base.TestBase - afterMethod][INFO ] - <<Adding ScreenShot...>>>
08-15-2019 13:14:19 :: [core.test_base.TestBase - captureScreenShot][INFO ] - Driver is null...
08-15-2019 13:14:19 :: [core.test_base.TestBase - afterMethod][INFO ] - << ******************************************************* >>>
08-15-2019 13:14:19 :: [core.test_base.TestBase - captureScreenShot][INFO ] - Driver is null...
08-15-2019 13:14:19 :: [core.test_base.TestBase - afterMethod][INFO ] - << ******************************************************* >>>
08-15-2019 13:14:19 :: [core.test_base.TestBase - captureScreenShot][INFO ] - Driver is null...
08-15-2019 13:14:19 :: [core.test_base.TestBase - afterMethod][INFO ] - << ******************************************************* >>>
08-15-2019 13:14:19 :: [core.test_base.TestBase - captureScreenShot][INFO ] - Driver is null...
08-15-2019 13:14:19 :: [core.test_base.TestBase - afterMethod][INFO ] - << ******************************************************* >>>
08-15-2019 13:14:19 :: [core.test_base.TestBase - captureScreenShot][INFO ] - Driver is null...
08-15-2019 13:14:19 :: [core.test_base.TestBase - afterMethod][INFO ] - << ******************************************************* >>>
08-15-2019 13:17:14 :: [core.test_base.TestBase - setUpDriver][INFO ] - Initialize Web driver: 1732238286
08-15-2019 13:17:14 :: [core.helpers.wait.WaitHelper - setImpicitWait][INFO ] - Implicit Wait has been set to: 120
08-15-2019 13:17:14 :: [core.helpers.wait.WaitHelper - pageLoadTime][INFO ] - Waiting for page to load for : SECONDS seconds
08-15-2019 13:17:14 :: [core.helpers.wait.WaitHelper - pageLoadTime][INFO ] - Page is loaded
08-15-2019 13:17:30 :: [core.helpers.assertion.AssertionHelper - makeFalse][INFO ] - Making script FAIL..
08-15-2019 13:17:30 :: [core.test_base.TestBase - captureScreenShot][INFO ] - Taking a pass =========================>>>>>>>>>>>
08-15-2019 13:17:30 :: [core.test_base.TestBase - afterMethod][INFO ] - << ******************************************************* >>>
08-15-2019 13:17:39 :: [core.helpers.assertion.AssertionHelper - makeTrue][INFO ] - Making script PASS..
08-15-2019 13:17:40 :: [core.test_base.TestBase - captureScreenShot][INFO ] - Taking a pass =========================>>>>>>>>>>>
08-15-2019 13:17:40 :: [core.test_base.TestBase - afterMethod][INFO ] - <<Adding ScreenShot...>>>
08-15-2019 13:18:05 :: [core.helpers.assertion.AssertionHelper - makeFalse][INFO ] - Making script FAIL..
08-15-2019 13:18:05 :: [core.test_base.TestBase - captureScreenShot][INFO ] - Taking a pass =========================>>>>>>>>>>>
08-15-2019 13:18:05 :: [core.test_base.TestBase - afterMethod][INFO ] - << ******************************************************* >>>
08-15-2019 13:18:18 :: [core.helpers.assertion.AssertionHelper - makeTrue][INFO ] - Making script PASS..
08-15-2019 13:18:19 :: [core.test_base.TestBase - captureScreenShot][INFO ] - Taking a pass =========================>>>>>>>>>>>
08-15-2019 13:18:19 :: [core.test_base.TestBase - afterMethod][INFO ] - <<Adding ScreenShot...>>>
08-15-2019 13:18:19 :: [core.test_base.TestBase - captureScreenShot][INFO ] - Driver is null...
08-15-2019 13:18:19 :: [core.test_base.TestBase - afterMethod][INFO ] - << ******************************************************* >>>
08-15-2019 13:18:19 :: [core.test_base.TestBase - captureScreenShot][INFO ] - Driver is null...
08-15-2019 13:18:19 :: [core.test_base.TestBase - afterMethod][INFO ] - << ******************************************************* >>>
08-15-2019 13:18:19 :: [core.test_base.TestBase - captureScreenShot][INFO ] - Driver is null...
08-15-2019 13:18:19 :: [core.test_base.TestBase - afterMethod][INFO ] - << ******************************************************* >>>
08-15-2019 13:18:19 :: [core.test_base.TestBase - captureScreenShot][INFO ] - Driver is null...
08-15-2019 13:18:19 :: [core.test_base.TestBase - afterMethod][INFO ] - << ******************************************************* >>>
08-15-2019 13:18:19 :: [core.test_base.TestBase - captureScreenShot][INFO ] - Driver is null...
08-15-2019 13:18:19 :: [core.test_base.TestBase - afterMethod][INFO ] - << ******************************************************* >>>
08-15-2019 13:21:13 :: [core.test_base.TestBase - setUpDriver][INFO ] - Initialize Web driver: 1732238286
08-15-2019 13:21:13 :: [core.helpers.wait.WaitHelper - setImpicitWait][INFO ] - Implicit Wait has been set to: 120
08-15-2019 13:21:13 :: [core.helpers.wait.WaitHelper - pageLoadTime][INFO ] - Waiting for page to load for : SECONDS seconds
08-15-2019 13:21:13 :: [core.helpers.wait.WaitHelper - pageLoadTime][INFO ] - Page is loaded
08-15-2019 13:21:28 :: [core.helpers.assertion.AssertionHelper - makeFalse][INFO ] - Making script FAIL..
08-15-2019 13:21:29 :: [core.test_base.TestBase - captureScreenShot][INFO ] - Taking a pass =========================>>>>>>>>>>>
08-15-2019 13:21:29 :: [core.test_base.TestBase - afterMethod][INFO ] - << ******************************************************* >>>
08-15-2019 13:21:37 :: [core.helpers.assertion.AssertionHelper - makeTrue][INFO ] - Making script PASS..
08-15-2019 13:21:37 :: [core.test_base.TestBase - captureScreenShot][INFO ] - Taking a pass =========================>>>>>>>>>>>
08-15-2019 13:21:37 :: [core.test_base.TestBase - afterMethod][INFO ] - <<Adding ScreenShot...>>>
08-15-2019 13:21:57 :: [core.helpers.assertion.AssertionHelper - makeFalse][INFO ] - Making script FAIL..
08-15-2019 13:21:57 :: [core.test_base.TestBase - captureScreenShot][INFO ] - Taking a pass =========================>>>>>>>>>>>
08-15-2019 13:21:57 :: [core.test_base.TestBase - afterMethod][INFO ] - << ******************************************************* >>>
08-15-2019 13:22:10 :: [core.helpers.assertion.AssertionHelper - makeTrue][INFO ] - Making script PASS..
08-15-2019 13:22:11 :: [core.test_base.TestBase - captureScreenShot][INFO ] - Taking a pass =========================>>>>>>>>>>>
08-15-2019 13:22:11 :: [core.test_base.TestBase - afterMethod][INFO ] - <<Adding ScreenShot...>>>
08-15-2019 13:22:11 :: [core.test_base.TestBase - captureScreenShot][INFO ] - Driver is null...
08-15-2019 13:22:11 :: [core.test_base.TestBase - afterMethod][INFO ] - << ******************************************************* >>>
08-15-2019 13:22:11 :: [core.test_base.TestBase - captureScreenShot][INFO ] - Driver is null...
08-15-2019 13:22:11 :: [core.test_base.TestBase - afterMethod][INFO ] - << ******************************************************* >>>
08-15-2019 13:22:11 :: [core.test_base.TestBase - captureScreenShot][INFO ] - Driver is null...
08-15-2019 13:22:11 :: [core.test_base.TestBase - afterMethod][INFO ] - << ******************************************************* >>>
08-15-2019 13:22:11 :: [core.test_base.TestBase - captureScreenShot][INFO ] - Driver is null...
08-15-2019 13:22:11 :: [core.test_base.TestBase - afterMethod][INFO ] - << ******************************************************* >>>
08-15-2019 13:22:11 :: [core.test_base.TestBase - captureScreenShot][INFO ] - Driver is null...
08-15-2019 13:22:11 :: [core.test_base.TestBase - afterMethod][INFO ] - << ******************************************************* >>>
08-15-2019 13:25:08 :: [core.helpers.listener.ExtentListener - onStart][INFO ] - C:/Users/liesn/IdeaProjects/demoStructure/.idea Class Started...
08-15-2019 13:25:16 :: [core.test_base.TestBase - setUpDriver][INFO ] - Initialize Web driver: 1823541245
08-15-2019 13:25:16 :: [core.helpers.wait.WaitHelper - setImpicitWait][INFO ] - Implicit Wait has been set to: 120
08-15-2019 13:25:16 :: [core.helpers.wait.WaitHelper - pageLoadTime][INFO ] - Waiting for page to load for : SECONDS seconds
08-15-2019 13:25:16 :: [core.helpers.wait.WaitHelper - pageLoadTime][INFO ] - Page is loaded
08-15-2019 13:25:21 :: [core.helpers.listener.ExtentListener - onTestStart][INFO ] - goToFacebook Test Started 
08-15-2019 13:25:32 :: [core.helpers.assertion.AssertionHelper - makeFalse][INFO ] - Making script FAIL..
08-15-2019 13:25:32 :: [core.helpers.listener.ExtentListener - onTestFailure][ERROR] - goToFacebook Test Failed java.lang.AssertionError: expected [true] but found [false]
08-15-2019 13:25:32 :: [core.test_base.TestBase - captureScreenShot][INFO ] - Taking a pass =========================>>>>>>>>>>>
08-15-2019 13:25:32 :: [core.test_base.TestBase - afterMethod][INFO ] - << ******************************************************* >>>
08-15-2019 13:25:33 :: [core.helpers.listener.ExtentListener - onTestStart][INFO ] - goToGoogle Test Started 
08-15-2019 13:25:40 :: [core.helpers.assertion.AssertionHelper - makeTrue][INFO ] - Making script PASS..
08-15-2019 13:25:40 :: [core.helpers.listener.ExtentListener - onTestSuccess][INFO ] - goToGoogle Test Passed 
08-15-2019 13:25:41 :: [core.test_base.TestBase - captureScreenShot][INFO ] - Taking a pass =========================>>>>>>>>>>>
08-15-2019 13:25:41 :: [core.test_base.TestBase - afterMethod][INFO ] - <<Adding ScreenShot...>>>
08-15-2019 13:25:41 :: [core.helpers.listener.ExtentListener - onTestStart][INFO ] - goToYahoo Test Started 
08-15-2019 13:26:06 :: [core.helpers.assertion.AssertionHelper - makeFalse][INFO ] - Making script FAIL..
08-15-2019 13:26:06 :: [core.helpers.listener.ExtentListener - onTestFailure][ERROR] - goToYahoo Test Failed java.lang.AssertionError: expected [true] but found [false]
08-15-2019 13:26:06 :: [core.test_base.TestBase - captureScreenShot][INFO ] - Taking a pass =========================>>>>>>>>>>>
08-15-2019 13:26:06 :: [core.test_base.TestBase - afterMethod][INFO ] - << ******************************************************* >>>
08-15-2019 13:26:06 :: [core.helpers.listener.ExtentListener - onTestStart][INFO ] - goToYouTube Test Started 
08-15-2019 13:26:20 :: [core.helpers.assertion.AssertionHelper - makeTrue][INFO ] - Making script PASS..
08-15-2019 13:26:20 :: [core.helpers.listener.ExtentListener - onTestSuccess][INFO ] - goToYouTube Test Passed 
08-15-2019 13:26:21 :: [core.test_base.TestBase - captureScreenShot][INFO ] - Taking a pass =========================>>>>>>>>>>>
08-15-2019 13:26:21 :: [core.test_base.TestBase - afterMethod][INFO ] - <<Adding ScreenShot...>>>
08-15-2019 13:26:21 :: [core.helpers.listener.ExtentListener - onTestStart][INFO ] - goToFacebook Test Started 
08-15-2019 13:26:21 :: [core.helpers.listener.ExtentListener - onTestFailure][ERROR] - goToFacebook Test Failed java.lang.NullPointerException
08-15-2019 13:26:21 :: [core.test_base.TestBase - captureScreenShot][INFO ] - Driver is null...
08-15-2019 13:26:21 :: [core.test_base.TestBase - afterMethod][INFO ] - << ******************************************************* >>>
08-15-2019 13:26:21 :: [core.helpers.listener.ExtentListener - onTestStart][INFO ] - goToGoogle Test Started 
08-15-2019 13:26:21 :: [core.helpers.listener.ExtentListener - onTestFailure][ERROR] - goToGoogle Test Failed java.lang.NullPointerException
08-15-2019 13:26:21 :: [core.test_base.TestBase - captureScreenShot][INFO ] - Driver is null...
08-15-2019 13:26:21 :: [core.test_base.TestBase - afterMethod][INFO ] - << ******************************************************* >>>
08-15-2019 13:26:21 :: [core.helpers.listener.ExtentListener - onTestStart][INFO ] - goToYahoo Test Started 
08-15-2019 13:26:21 :: [core.helpers.listener.ExtentListener - onTestFailure][ERROR] - goToYahoo Test Failed java.lang.NullPointerException
08-15-2019 13:26:21 :: [core.test_base.TestBase - captureScreenShot][INFO ] - Driver is null...
08-15-2019 13:26:21 :: [core.test_base.TestBase - afterMethod][INFO ] - << ******************************************************* >>>
08-15-2019 13:26:21 :: [core.helpers.listener.ExtentListener - onTestStart][INFO ] - goToYouTube Test Started 
08-15-2019 13:26:21 :: [core.helpers.listener.ExtentListener - onTestFailure][ERROR] - goToYouTube Test Failed java.lang.NullPointerException
08-15-2019 13:26:21 :: [core.test_base.TestBase - captureScreenShot][INFO ] - Driver is null...
08-15-2019 13:26:21 :: [core.test_base.TestBase - afterMethod][INFO ] - << ******************************************************* >>>
08-15-2019 13:26:21 :: [core.helpers.listener.ExtentListener - onTestStart][INFO ] - testScreen Test Started 
08-15-2019 13:26:21 :: [core.helpers.listener.ExtentListener - onTestFailure][ERROR] - testScreen Test Failed java.lang.NullPointerException
08-15-2019 13:26:21 :: [core.test_base.TestBase - captureScreenShot][INFO ] - Driver is null...
08-15-2019 13:26:21 :: [core.test_base.TestBase - afterMethod][INFO ] - << ******************************************************* >>>
08-15-2019 13:26:23 :: [core.helpers.listener.ExtentListener - onFinish][INFO ] - C:/Users/liesn/IdeaProjects/demoStructure/.idea Test Finished.
08-15-2019 13:34:10 :: [core.helpers.listener.ExtentListener - onStart][INFO ] - Test_3 Class Started...
08-15-2019 13:34:18 :: [core.test_base.TestBase - setUpDriver][INFO ] - Initialize Web driver: 1823541245
08-15-2019 13:34:18 :: [core.helpers.wait.WaitHelper - setImpicitWait][INFO ] - Implicit Wait has been set to: 120
08-15-2019 13:34:18 :: [core.helpers.wait.WaitHelper - pageLoadTime][INFO ] - Waiting for page to load for : SECONDS seconds
08-15-2019 13:34:18 :: [core.helpers.wait.WaitHelper - pageLoadTime][INFO ] - Page is loaded
08-15-2019 13:34:22 :: [core.helpers.listener.ExtentListener - onTestStart][INFO ] - goToFacebook Test Started 
08-15-2019 13:34:32 :: [core.helpers.assertion.AssertionHelper - makeFalse][INFO ] - Making script FAIL..
08-15-2019 13:34:32 :: [core.helpers.listener.ExtentListener - onTestFailure][ERROR] - goToFacebook Test Failed java.lang.AssertionError: expected [true] but found [false]
08-15-2019 13:34:33 :: [core.test_base.TestBase - captureScreenShot][INFO ] - Taking a pass =========================>>>>>>>>>>>
08-15-2019 13:34:33 :: [core.test_base.TestBase - afterMethod][INFO ] - << ******************************************************* >>>
08-15-2019 13:34:33 :: [core.helpers.listener.ExtentListener - onTestStart][INFO ] - goToGoogle Test Started 
08-15-2019 13:34:41 :: [core.helpers.assertion.AssertionHelper - makeTrue][INFO ] - Making script PASS..
08-15-2019 13:34:41 :: [core.helpers.listener.ExtentListener - onTestSuccess][INFO ] - goToGoogle Test Passed 
08-15-2019 13:34:41 :: [core.test_base.TestBase - captureScreenShot][INFO ] - Taking a pass =========================>>>>>>>>>>>
08-15-2019 13:34:41 :: [core.test_base.TestBase - afterMethod][INFO ] - <<Adding ScreenShot...>>>
08-15-2019 13:34:41 :: [core.helpers.listener.ExtentListener - onTestStart][INFO ] - goToYahoo Test Started 
08-15-2019 13:34:58 :: [core.helpers.assertion.AssertionHelper - makeFalse][INFO ] - Making script FAIL..
08-15-2019 13:34:58 :: [core.helpers.listener.ExtentListener - onTestFailure][ERROR] - goToYahoo Test Failed java.lang.AssertionError: expected [true] but found [false]
08-15-2019 13:34:59 :: [core.test_base.TestBase - captureScreenShot][INFO ] - Taking a pass =========================>>>>>>>>>>>
08-15-2019 13:34:59 :: [core.test_base.TestBase - afterMethod][INFO ] - << ******************************************************* >>>
08-15-2019 13:34:59 :: [core.helpers.listener.ExtentListener - onTestStart][INFO ] - goToYouTube Test Started 
08-15-2019 13:35:09 :: [core.helpers.assertion.AssertionHelper - makeTrue][INFO ] - Making script PASS..
08-15-2019 13:35:09 :: [core.helpers.listener.ExtentListener - onTestSuccess][INFO ] - goToYouTube Test Passed 
08-15-2019 13:35:10 :: [core.test_base.TestBase - captureScreenShot][INFO ] - Taking a pass =========================>>>>>>>>>>>
08-15-2019 13:35:10 :: [core.test_base.TestBase - afterMethod][INFO ] - <<Adding ScreenShot...>>>
08-15-2019 13:35:10 :: [core.helpers.listener.ExtentListener - onTestStart][INFO ] - goToFacebook Test Started 
08-15-2019 13:35:10 :: [core.helpers.listener.ExtentListener - onTestFailure][ERROR] - goToFacebook Test Failed java.lang.NullPointerException
08-15-2019 13:35:10 :: [core.test_base.TestBase - captureScreenShot][INFO ] - Driver is null...
08-15-2019 13:35:10 :: [core.test_base.TestBase - afterMethod][INFO ] - << ******************************************************* >>>
08-15-2019 13:35:10 :: [core.helpers.listener.ExtentListener - onTestStart][INFO ] - goToGoogle Test Started 
08-15-2019 13:35:10 :: [core.helpers.listener.ExtentListener - onTestFailure][ERROR] - goToGoogle Test Failed java.lang.NullPointerException
08-15-2019 13:35:10 :: [core.test_base.TestBase - captureScreenShot][INFO ] - Driver is null...
08-15-2019 13:35:10 :: [core.test_base.TestBase - afterMethod][INFO ] - << ******************************************************* >>>
08-15-2019 13:35:10 :: [core.helpers.listener.ExtentListener - onTestStart][INFO ] - goToYahoo Test Started 
08-15-2019 13:35:10 :: [core.helpers.listener.ExtentListener - onTestFailure][ERROR] - goToYahoo Test Failed java.lang.NullPointerException
08-15-2019 13:35:10 :: [core.test_base.TestBase - captureScreenShot][INFO ] - Driver is null...
08-15-2019 13:35:10 :: [core.test_base.TestBase - afterMethod][INFO ] - << ******************************************************* >>>
08-15-2019 13:35:10 :: [core.helpers.listener.ExtentListener - onTestStart][INFO ] - goToYouTube Test Started 
08-15-2019 13:35:10 :: [core.helpers.listener.ExtentListener - onTestFailure][ERROR] - goToYouTube Test Failed java.lang.NullPointerException
08-15-2019 13:35:10 :: [core.test_base.TestBase - captureScreenShot][INFO ] - Driver is null...
08-15-2019 13:35:10 :: [core.test_base.TestBase - afterMethod][INFO ] - << ******************************************************* >>>
08-15-2019 13:35:10 :: [core.helpers.listener.ExtentListener - onTestStart][INFO ] - testScreen Test Started 
08-15-2019 13:35:10 :: [core.helpers.listener.ExtentListener - onTestFailure][ERROR] - testScreen Test Failed java.lang.NullPointerException
08-15-2019 13:35:10 :: [core.test_base.TestBase - captureScreenShot][INFO ] - Driver is null...
08-15-2019 13:35:10 :: [core.test_base.TestBase - afterMethod][INFO ] - << ******************************************************* >>>
08-15-2019 13:35:12 :: [core.helpers.listener.ExtentListener - onFinish][INFO ] - Test_3 Test Finished.
08-15-2019 13:37:10 :: [core.helpers.listener.ExtentListener - onStart][INFO ] - Test_3 Class Started...
08-15-2019 13:37:18 :: [core.test_base.TestBase - setUpDriver][INFO ] - Initialize Web driver: 1823541245
08-15-2019 13:37:18 :: [core.helpers.wait.WaitHelper - setImpicitWait][INFO ] - Implicit Wait has been set to: 120
08-15-2019 13:37:18 :: [core.helpers.wait.WaitHelper - pageLoadTime][INFO ] - Waiting for page to load for : SECONDS seconds
08-15-2019 13:37:18 :: [core.helpers.wait.WaitHelper - pageLoadTime][INFO ] - Page is loaded
08-15-2019 13:37:22 :: [core.helpers.listener.ExtentListener - onTestStart][INFO ] - goToFacebook Test Started 
08-15-2019 13:37:33 :: [core.helpers.assertion.AssertionHelper - makeFalse][INFO ] - Making script FAIL..
08-15-2019 13:37:33 :: [core.helpers.listener.ExtentListener - onTestFailure][ERROR] - goToFacebook Test Failed java.lang.AssertionError: expected [true] but found [false]
08-15-2019 13:37:33 :: [core.test_base.TestBase - captureScreenShot][INFO ] - Taking a pass =========================>>>>>>>>>>>
08-15-2019 13:37:33 :: [core.test_base.TestBase - afterMethod][INFO ] - << ******************************************************* >>>
08-15-2019 13:37:33 :: [core.helpers.listener.ExtentListener - onTestStart][INFO ] - goToGoogle Test Started 
08-15-2019 13:37:40 :: [core.helpers.assertion.AssertionHelper - makeTrue][INFO ] - Making script PASS..
08-15-2019 13:37:40 :: [core.helpers.listener.ExtentListener - onTestSuccess][INFO ] - goToGoogle Test Passed 
08-15-2019 13:37:41 :: [core.test_base.TestBase - captureScreenShot][INFO ] - Taking a pass =========================>>>>>>>>>>>
08-15-2019 13:37:41 :: [core.test_base.TestBase - afterMethod][INFO ] - <<Adding ScreenShot...>>>
08-15-2019 13:37:41 :: [core.helpers.listener.ExtentListener - onTestStart][INFO ] - goToYahoo Test Started 
08-15-2019 13:37:56 :: [core.helpers.assertion.AssertionHelper - makeFalse][INFO ] - Making script FAIL..
08-15-2019 13:37:56 :: [core.helpers.listener.ExtentListener - onTestFailure][ERROR] - goToYahoo Test Failed java.lang.AssertionError: expected [true] but found [false]
08-15-2019 13:37:56 :: [core.test_base.TestBase - captureScreenShot][INFO ] - Taking a pass =========================>>>>>>>>>>>
08-15-2019 13:37:56 :: [core.test_base.TestBase - afterMethod][INFO ] - << ******************************************************* >>>
08-15-2019 13:37:57 :: [core.helpers.listener.ExtentListener - onTestStart][INFO ] - goToYouTube Test Started 
08-15-2019 13:38:10 :: [core.helpers.assertion.AssertionHelper - makeTrue][INFO ] - Making script PASS..
08-15-2019 13:38:10 :: [core.helpers.listener.ExtentListener - onTestSuccess][INFO ] - goToYouTube Test Passed 
08-15-2019 13:38:10 :: [core.test_base.TestBase - captureScreenShot][INFO ] - Taking a pass =========================>>>>>>>>>>>
08-15-2019 13:38:10 :: [core.test_base.TestBase - afterMethod][INFO ] - <<Adding ScreenShot...>>>
08-15-2019 13:38:10 :: [core.helpers.listener.ExtentListener - onTestStart][INFO ] - goToFacebook Test Started 
08-15-2019 13:38:10 :: [core.helpers.listener.ExtentListener - onTestFailure][ERROR] - goToFacebook Test Failed java.lang.NullPointerException
08-15-2019 13:38:10 :: [core.test_base.TestBase - captureScreenShot][INFO ] - Driver is null...
08-15-2019 13:38:10 :: [core.test_base.TestBase - afterMethod][INFO ] - << ******************************************************* >>>
08-15-2019 13:38:10 :: [core.helpers.listener.ExtentListener - onTestStart][INFO ] - goToGoogle Test Started 
08-15-2019 13:38:10 :: [core.helpers.listener.ExtentListener - onTestFailure][ERROR] - goToGoogle Test Failed java.lang.NullPointerException
08-15-2019 13:38:10 :: [core.test_base.TestBase - captureScreenShot][INFO ] - Driver is null...
08-15-2019 13:38:10 :: [core.test_base.TestBase - afterMethod][INFO ] - << ******************************************************* >>>
08-15-2019 13:38:11 :: [core.helpers.listener.ExtentListener - onTestStart][INFO ] - goToYahoo Test Started 
08-15-2019 13:38:11 :: [core.helpers.listener.ExtentListener - onTestFailure][ERROR] - goToYahoo Test Failed java.lang.NullPointerException
08-15-2019 13:38:11 :: [core.test_base.TestBase - captureScreenShot][INFO ] - Driver is null...
08-15-2019 13:38:11 :: [core.test_base.TestBase - afterMethod][INFO ] - << ******************************************************* >>>
08-15-2019 13:38:11 :: [core.helpers.listener.ExtentListener - onTestStart][INFO ] - goToYouTube Test Started 
08-15-2019 13:38:11 :: [core.helpers.listener.ExtentListener - onTestFailure][ERROR] - goToYouTube Test Failed java.lang.NullPointerException
08-15-2019 13:38:11 :: [core.test_base.TestBase - captureScreenShot][INFO ] - Driver is null...
08-15-2019 13:38:11 :: [core.test_base.TestBase - afterMethod][INFO ] - << ******************************************************* >>>
08-15-2019 13:38:11 :: [core.helpers.listener.ExtentListener - onTestStart][INFO ] - testScreen Test Started 
08-15-2019 13:38:11 :: [core.helpers.listener.ExtentListener - onTestFailure][ERROR] - testScreen Test Failed java.lang.NullPointerException
08-15-2019 13:38:11 :: [core.test_base.TestBase - captureScreenShot][INFO ] - Driver is null...
08-15-2019 13:38:11 :: [core.test_base.TestBase - afterMethod][INFO ] - << ******************************************************* >>>
08-15-2019 13:38:12 :: [core.helpers.listener.ExtentListener - onFinish][INFO ] - Test_3 Test Finished.
08-16-2019 10:13:34 :: [core.helpers.database.DatabaseHelper - getSingleInstanceConnection][ERROR] - Failed to create Data Base connection..java.sql.SQLSyntaxErrorException: Unknown database 'person'
08-16-2019 10:13:34 :: [core.helpers.database.DatabaseHelper - getResultSet][INFO ] - Executing query: select Mobile_Number from family where ID=1
08-16-2019 10:15:00 :: [core.helpers.database.DatabaseHelper - getSingleInstanceConnection][ERROR] - Failed to create Data Base connection..java.sql.SQLException: The server time zone value 'Jerusalem Daylight Time' is unrecognized or represents more than one time zone. You must configure either the server or JDBC driver (via the serverTimezone configuration property) to use a more specifc time zone value if you want to utilize time zone support.
08-16-2019 10:15:00 :: [core.helpers.database.DatabaseHelper - getResultSet][INFO ] - Executing query: select Mobile_Number from family where ID=1
08-16-2019 10:26:12 :: [core.helpers.database.DatabaseHelper - getSingleInstanceConnection][ERROR] - Failed to create Data Base connection..java.sql.SQLException: The server time zone value 'Jerusalem Daylight Time' is unrecognized or represents more than one time zone. You must configure either the server or JDBC driver (via the serverTimezone configuration property) to use a more specifc time zone value if you want to utilize time zone support.
08-16-2019 10:26:12 :: [core.helpers.database.DatabaseHelper - getResultSet][INFO ] - Executing query: select Mobile_Number from family where ID=1
08-16-2019 10:33:27 :: [core.helpers.database.DatabaseHelper - getSingleInstanceConnection][INFO ] - Connected to Data Base..
08-16-2019 10:33:27 :: [core.helpers.database.DatabaseHelper - getResultSet][INFO ] - Executing query: select Mobile_Number from family where ID=1
08-16-2019 10:35:04 :: [core.helpers.database.DatabaseHelper - getSingleInstanceConnection][ERROR] - Failed to create Data Base connection..java.sql.SQLException: The server time zone value 'Jerusalem Daylight Time' is unrecognized or represents more than one time zone. You must configure either the server or JDBC driver (via the serverTimezone configuration property) to use a more specifc time zone value if you want to utilize time zone support.
08-16-2019 10:35:04 :: [core.helpers.database.DatabaseHelper - getResultSet][INFO ] - Executing query: select Mobile_Number from family where ID=1
08-16-2019 10:41:05 :: [core.helpers.database.DatabaseHelper - getSingleInstanceConnection][ERROR] - Failed to create Data Base connection..java.sql.SQLException: The server time zone value 'Jerusalem Daylight Time' is unrecognized or represents more than one time zone. You must configure either the server or JDBC driver (via the serverTimezone configuration property) to use a more specifc time zone value if you want to utilize time zone support.
08-16-2019 10:41:05 :: [core.helpers.database.DatabaseHelper - getResultSet][INFO ] - Executing query: select Mobile_Number from family where ID=1
08-16-2019 10:53:20 :: [core.helpers.database.DatabaseHelper - getSingleInstanceConnection][ERROR] - Failed to create Data Base connection..java.sql.SQLSyntaxErrorException: Unknown database 'db'
08-16-2019 10:53:20 :: [core.helpers.database.DatabaseHelper - getResultSet][INFO ] - Executing query: select Mobile_Number from family where ID=1
08-16-2019 10:54:31 :: [core.helpers.database.DatabaseHelper - getSingleInstanceConnection][INFO ] - Connected to Data Base..
08-16-2019 10:54:31 :: [core.helpers.database.DatabaseHelper - getResultSet][INFO ] - Executing query: select Mobile_Number from family where ID=1
08-16-2019 10:55:55 :: [core.helpers.database.DatabaseHelper - getSingleInstanceConnection][INFO ] - Connected to Data Base..
08-16-2019 10:55:55 :: [core.helpers.database.DatabaseHelper - getResultSet][INFO ] - Executing query: select Mobile_Number from family where ID=1
08-16-2019 11:48:59 :: [core.helpers.database.DatabaseHelper - getSingleInstanceConnection][INFO ] - Connected to Data Base..
08-16-2019 11:48:59 :: [core.helpers.database.DatabaseHelper - getResultSet][INFO ] - Executing query: select Mobile_Number from family where ID=1
08-16-2019 11:53:26 :: [core.helpers.database.DatabaseHelper - getSingleInstanceConnection][INFO ] - Connected to Data Base..
08-16-2019 11:53:26 :: [core.helpers.database.DatabaseHelper - getResultSet][INFO ] - Executing query: select Mobile_Number from family where ID=1
08-16-2019 11:59:21 :: [core.helpers.database.DatabaseHelper - getSingleInstanceConnection][INFO ] - Connected to Data Base..
08-16-2019 11:59:21 :: [core.helpers.database.DatabaseHelper - getResultSet][INFO ] - Executing query: select Mobile_Number from family where ID=1
08-16-2019 12:02:16 :: [core.helpers.database.DatabaseHelper - getSingleInstanceConnection][INFO ] - Connected to Data Base..
08-16-2019 12:02:16 :: [core.helpers.database.DatabaseHelper - getResultSet][INFO ] - Executing query: select Mobile_Number from family where ID=1
08-16-2019 12:15:25 :: [core.helpers.database.DatabaseHelper - getSingleInstanceConnection][INFO ] - Connected to Data Base..
08-16-2019 12:15:25 :: [core.helpers.database.DatabaseHelper - getResultSet][INFO ] - Executing query: select Mobile_Number from family where ID=1
08-16-2019 12:17:31 :: [core.helpers.database.DatabaseHelper - getSingleInstanceConnection][INFO ] - Connected to Data Base..
08-16-2019 12:17:31 :: [core.helpers.database.DatabaseHelper - getResultSet][INFO ] - Executing query: select Mobile_Number from family where ID=1
08-16-2019 12:28:13 :: [core.helpers.database.DatabaseHelper - getSingleInstanceConnection][INFO ] - Connected to Data Base..
08-16-2019 12:28:13 :: [core.helpers.database.DatabaseHelper - getResultSet][INFO ] - Executing query: select Mobile_Number from family where ID=1
08-16-2019 12:28:16 :: [core.helpers.database.DatabaseHelper - getSingleInstanceConnection][INFO ] - Connected to Data Base..
08-16-2019 12:28:16 :: [core.helpers.database.DatabaseHelper - getResultSet][INFO ] - Executing query: select Mobile_Number from family where ID=1
08-16-2019 12:28:23 :: [core.helpers.database.DatabaseHelper - getSingleInstanceConnection][INFO ] - Connected to Data Base..
08-16-2019 12:28:23 :: [core.helpers.database.DatabaseHelper - getResultSet][INFO ] - Executing query: select Mobile_Number from family where ID=1
08-16-2019 12:28:55 :: [core.helpers.database.DatabaseHelper - getSingleInstanceConnection][INFO ] - Connected to Data Base..
08-16-2019 12:28:55 :: [core.helpers.database.DatabaseHelper - getResultSet][INFO ] - Executing query: select Mobile_Number from family where ID=2
08-16-2019 12:30:29 :: [core.helpers.database.DatabaseHelper - getSingleInstanceConnection][INFO ] - Connected to Data Base..
08-16-2019 12:30:29 :: [core.helpers.database.DatabaseHelper - getResultSet][INFO ] - Executing query: select Mobile_Number from family where ID=2
08-16-2019 12:31:24 :: [core.helpers.database.DatabaseHelper - getSingleInstanceConnection][INFO ] - Connected to Data Base..
08-16-2019 12:31:24 :: [core.helpers.database.DatabaseHelper - getResultSet][INFO ] - Executing query: select Age from family where ID=2
08-16-2019 12:31:42 :: [core.helpers.database.DatabaseHelper - getSingleInstanceConnection][INFO ] - Connected to Data Base..
08-16-2019 12:31:42 :: [core.helpers.database.DatabaseHelper - getResultSet][INFO ] - Executing query: select Age from family where ID=2
08-16-2019 12:32:43 :: [core.helpers.database.DatabaseHelper - getSingleInstanceConnection][INFO ] - Connected to Data Base..
08-16-2019 12:32:43 :: [core.helpers.database.DatabaseHelper - getResultSet][INFO ] - Executing query: select Age from family where ID=2
08-16-2019 14:11:42 :: [core.helpers.database.DatabaseHelper - getSingleInstanceConnection][INFO ] - Connected to Data Base..
08-16-2019 14:11:42 :: [core.helpers.database.DatabaseHelper - getResultSet][INFO ] - Executing query: select Age from family where ID=2
08-16-2019 14:13:23 :: [core.helpers.database.DatabaseHelper - getSingleInstanceConnection][INFO ] - Connected to Data Base..
08-16-2019 14:13:23 :: [core.helpers.database.DatabaseHelper - getResultSet][INFO ] - Executing query: select Age from family where ID=2
08-16-2019 14:14:31 :: [core.helpers.database.DatabaseHelper - getSingleInstanceConnection][INFO ] - Connected to Data Base..
08-16-2019 14:14:31 :: [core.helpers.database.DatabaseHelper - getResultSet][INFO ] - Executing query: select Mobile_Number from family where ID=2
08-16-2019 14:22:10 :: [core.helpers.database.DatabaseHelper - getSingleInstanceConnection][INFO ] - Connected to Data Base..
08-16-2019 14:22:10 :: [core.helpers.database.DatabaseHelper - getResultSet][INFO ] - Executing query: select Mobile_Number from family where ID=2
08-16-2019 14:29:26 :: [core.helpers.database.DatabaseHelper - getSingleInstanceConnection][INFO ] - Connected to Data Base..
08-16-2019 14:29:26 :: [core.helpers.database.DatabaseHelper - getResultSet][INFO ] - Executing query: select Mobile_Number from family where ID=2
08-16-2019 14:37:08 :: [core.helpers.database.DatabaseHelper - getSingleInstanceConnection][INFO ] - Connected to Data Base..
08-16-2019 14:37:08 :: [core.helpers.database.DatabaseHelper - getResultSet][INFO ] - Executing query: select Mobile_Number from family where ID=2
08-16-2019 14:59:06 :: [core.helpers.database.DatabaseHelper - getSingleInstanceConnection][INFO ] - Connected to Data Base..
08-16-2019 14:59:06 :: [core.helpers.database.DatabaseHelper - getResultSet][INFO ] - Executing query: select Mobile_Number from family where ID=2
08-16-2019 15:01:09 :: [core.helpers.database.DatabaseHelper - getSingleInstanceConnection][INFO ] - Connected to Data Base..
08-16-2019 15:01:09 :: [core.helpers.database.DatabaseHelper - getResultSet][INFO ] - Executing query: select Mobile_Number from family where ID=2
08-16-2019 15:49:55 :: [core.helpers.database.DatabaseHelper - getSingleInstanceConnection][INFO ] - Connected to Person Base..
08-16-2019 15:49:56 :: [core.helpers.database.DatabaseHelper - getResultSet][INFO ] - Executing query: select Mobile_Number from family where ID=2
08-16-2019 15:49:56 :: [core.helpers.database.DatabaseHelper - getResultSet][INFO ] - Executing query: select * from family
08-16-2019 15:55:06 :: [core.helpers.database.DatabaseHelper - getSingleInstanceConnection][INFO ] - Connected to Person Base..
08-16-2019 15:55:06 :: [core.helpers.database.DatabaseHelper - getResultSet][INFO ] - Executing query: select Mobile_Number from family where ID=2
08-16-2019 15:55:06 :: [core.helpers.database.DatabaseHelper - getResultSet][INFO ] - Executing query: select * from family
08-18-2019 11:17:09 :: [core.test_base.TestBase - setUpDriver][INFO ] - Initialize Web driver: 1293677337
08-18-2019 11:17:09 :: [core.helpers.wait.WaitHelper - setImpicitWait][INFO ] - Implicit Wait has been set to: 120
08-18-2019 11:17:09 :: [core.helpers.wait.WaitHelper - pageLoadTime][INFO ] - Waiting for page to load for : SECONDS seconds
08-18-2019 11:17:09 :: [core.helpers.wait.WaitHelper - pageLoadTime][INFO ] - Page is loaded
08-18-2019 11:17:21 :: [core.helpers.wait.WaitHelper - waitForElement][INFO ] - Wait for: Proxy element for: DefaultElementLocator 'By.id: ' for: 200 seconds
08-19-2019 10:15:36 :: [core.test_base.TestBase - setUpDriver][INFO ] - Initialize Web driver: 2106592975
08-19-2019 10:15:36 :: [core.helpers.wait.WaitHelper - setImpicitWait][INFO ] - Implicit Wait has been set to: 120
08-19-2019 10:15:36 :: [core.helpers.wait.WaitHelper - pageLoadTime][INFO ] - Waiting for page to load for : SECONDS seconds
08-19-2019 10:15:36 :: [core.helpers.wait.WaitHelper - pageLoadTime][INFO ] - Page is loaded
08-19-2019 10:26:48 :: [core.test_base.TestBase - setUpDriver][INFO ] - Initialize Web driver: 2106592975
08-19-2019 10:26:48 :: [core.helpers.wait.WaitHelper - setImpicitWait][INFO ] - Implicit Wait has been set to: 120
08-19-2019 10:26:48 :: [core.helpers.wait.WaitHelper - pageLoadTime][INFO ] - Waiting for page to load for : SECONDS seconds
08-19-2019 10:26:48 :: [core.helpers.wait.WaitHelper - pageLoadTime][INFO ] - Page is loaded
08-19-2019 10:29:25 :: [core.test_base.TestBase - setUpDriver][INFO ] - Initialize Web driver: 2106592975
08-19-2019 10:29:25 :: [core.helpers.wait.WaitHelper - setImpicitWait][INFO ] - Implicit Wait has been set to: 120
08-19-2019 10:29:25 :: [core.helpers.wait.WaitHelper - pageLoadTime][INFO ] - Waiting for page to load for : SECONDS seconds
08-19-2019 10:29:25 :: [core.helpers.wait.WaitHelper - pageLoadTime][INFO ] - Page is loaded
08-19-2019 10:29:58 :: [core.helpers.wait.WaitHelper - waitForElement][INFO ] - Wait for: [[ChromeDriver: chrome on XP (14bbbdb9445e78defc0005071def16d7)] -> xpath: //h1[ text()='Sign Up']] for: 200 seconds
08-19-2019 10:29:58 :: [core.helpers.wait.WaitHelper - waitForElement][INFO ] - Element is visible now
08-19-2019 10:30:00 :: [core.test_base.TestBase - captureScreenShot][INFO ] - Taking a pass <<<<<<<<<===============>>>>>>>>>>>
08-19-2019 10:30:00 :: [core.test_base.TestBase - afterMethod][INFO ] - << ******************************************************* >>>
08-19-2019 10:33:51 :: [core.test_base.TestBase - setUpDriver][INFO ] - Initialize Web driver: 2106592975
08-19-2019 10:33:51 :: [core.helpers.wait.WaitHelper - setImpicitWait][INFO ] - Implicit Wait has been set to: 120
08-19-2019 10:33:51 :: [core.helpers.wait.WaitHelper - pageLoadTime][INFO ] - Waiting for page to load for : SECONDS seconds
08-19-2019 10:33:51 :: [core.helpers.wait.WaitHelper - pageLoadTime][INFO ] - Page is loaded
08-19-2019 10:36:09 :: [core.helpers.wait.WaitHelper - waitForElement][INFO ] - Wait for: Proxy element for: DefaultElementLocator 'By.xpath: //h1[ text()='Sign Up']' for: 200 seconds
08-19-2019 10:39:34 :: [core.test_base.TestBase - setUpDriver][INFO ] - Initialize Web driver: 1802066694
08-19-2019 10:39:34 :: [core.helpers.wait.WaitHelper - setImpicitWait][INFO ] - Implicit Wait has been set to: 120
08-19-2019 10:39:34 :: [core.helpers.wait.WaitHelper - pageLoadTime][INFO ] - Waiting for page to load for : SECONDS seconds
08-19-2019 10:39:34 :: [core.helpers.wait.WaitHelper - pageLoadTime][INFO ] - Page is loaded
08-19-2019 10:39:53 :: [core.helpers.wait.WaitHelper - waitForElement][INFO ] - Wait for: [[ChromeDriver: chrome on XP (604b37e2654d094ea8ad109574029549)] -> xpath: //a[@crxanalyticsevent='Header - Sign Up or Log In Clicked']] for: 200 seconds
08-19-2019 10:39:53 :: [core.helpers.wait.WaitHelper - waitForElement][INFO ] - Element is visible now
08-19-2019 10:42:04 :: [core.test_base.TestBase - setUpDriver][INFO ] - Initialize Web driver: 2106592975
08-19-2019 10:42:04 :: [core.helpers.wait.WaitHelper - setImpicitWait][INFO ] - Implicit Wait has been set to: 120
08-19-2019 10:42:04 :: [core.helpers.wait.WaitHelper - pageLoadTime][INFO ] - Waiting for page to load for : SECONDS seconds
08-19-2019 10:42:04 :: [core.helpers.wait.WaitHelper - pageLoadTime][INFO ] - Page is loaded
08-19-2019 10:42:25 :: [core.helpers.wait.WaitHelper - waitForElement][INFO ] - Wait for: [[ChromeDriver: chrome on XP (50e2e83899403a6005ab17e41700eb5e)] -> xpath: //a[@crxanalyticsevent='Header - Sign Up or Log In Clicked']] for: 200 seconds
08-19-2019 10:42:25 :: [core.helpers.wait.WaitHelper - waitForElement][INFO ] - Element is visible now
08-19-2019 10:44:29 :: [core.test_base.TestBase - captureScreenShot][INFO ] - Taking a pass <<<<<<<<<===============>>>>>>>>>>>
08-19-2019 10:44:29 :: [core.test_base.TestBase - afterMethod][INFO ] - << ******************************************************* >>>
08-19-2019 10:51:41 :: [core.test_base.TestBase - setUpDriver][INFO ] - Initialize Web driver: 1802066694
08-19-2019 10:51:41 :: [core.helpers.wait.WaitHelper - setImpicitWait][INFO ] - Implicit Wait has been set to: 120
08-19-2019 10:51:41 :: [core.helpers.wait.WaitHelper - pageLoadTime][INFO ] - Waiting for page to load for : SECONDS seconds
08-19-2019 10:51:41 :: [core.helpers.wait.WaitHelper - pageLoadTime][INFO ] - Page is loaded
08-19-2019 10:52:03 :: [core.helpers.wait.WaitHelper - waitForElement][INFO ] - Wait for: [[ChromeDriver: chrome on XP (672dffc749d38e090915fb477381f45c)] -> xpath: //a[@crxanalyticsevent='Header - Sign Up or Log In Clicked']] for: 200 seconds
08-19-2019 10:52:03 :: [core.helpers.wait.WaitHelper - waitForElement][INFO ] - Element is visible now
08-19-2019 10:54:21 :: [core.test_base.TestBase - setUpDriver][INFO ] - Initialize Web driver: 2106592975
08-19-2019 10:54:21 :: [core.helpers.wait.WaitHelper - setImpicitWait][INFO ] - Implicit Wait has been set to: 120
08-19-2019 10:54:21 :: [core.helpers.wait.WaitHelper - pageLoadTime][INFO ] - Waiting for page to load for : SECONDS seconds
08-19-2019 10:54:21 :: [core.helpers.wait.WaitHelper - pageLoadTime][INFO ] - Page is loaded
08-19-2019 10:54:58 :: [core.helpers.wait.WaitHelper - waitForElement][INFO ] - Wait for: [[ChromeDriver: chrome on XP (8136d2236dc5c1301bf77d4b5541de62)] -> xpath: //a[@crxanalyticsevent='Header - Sign Up or Log In Clicked']] for: 200 seconds
08-19-2019 10:54:58 :: [core.helpers.wait.WaitHelper - waitForElement][INFO ] - Element is visible now
08-19-2019 10:56:13 :: [core.test_base.TestBase - setUpDriver][INFO ] - Initialize Web driver: 2106592975
08-19-2019 10:56:13 :: [core.helpers.wait.WaitHelper - setImpicitWait][INFO ] - Implicit Wait has been set to: 120
08-19-2019 10:56:13 :: [core.helpers.wait.WaitHelper - pageLoadTime][INFO ] - Waiting for page to load for : SECONDS seconds
08-19-2019 10:56:13 :: [core.helpers.wait.WaitHelper - pageLoadTime][INFO ] - Page is loaded
08-19-2019 10:56:39 :: [core.helpers.wait.WaitHelper - waitForElement][INFO ] - Wait for: [[ChromeDriver: chrome on XP (5a1db0d87b15b82d2cb6830fcc729355)] -> xpath: //a[@crxanalyticsevent='Header - Sign Up or Log In Clicked']] for: 200 seconds
08-19-2019 10:56:39 :: [core.helpers.wait.WaitHelper - waitForElement][INFO ] - Element is visible now
08-19-2019 10:58:43 :: [core.test_base.TestBase - captureScreenShot][INFO ] - Taking a pass <<<<<<<<<===============>>>>>>>>>>>
08-19-2019 10:58:43 :: [core.test_base.TestBase - afterMethod][INFO ] - << ******************************************************* >>>
08-19-2019 11:02:20 :: [core.test_base.TestBase - setUpDriver][INFO ] - Initialize Web driver: 2106592975
08-19-2019 11:02:20 :: [core.helpers.wait.WaitHelper - setImpicitWait][INFO ] - Implicit Wait has been set to: 120
08-19-2019 11:02:20 :: [core.helpers.wait.WaitHelper - pageLoadTime][INFO ] - Waiting for page to load for : SECONDS seconds
08-19-2019 11:02:20 :: [core.helpers.wait.WaitHelper - pageLoadTime][INFO ] - Page is loaded
08-19-2019 11:02:41 :: [core.helpers.wait.WaitHelper - waitForElement][INFO ] - Wait for: [[ChromeDriver: chrome on XP (defc5ff82837012f3c0b58c4df14db16)] -> xpath: //a[@crxanalyticsevent='Header - Sign Up or Log In Clicked']] for: 200 seconds
08-19-2019 11:02:41 :: [core.helpers.wait.WaitHelper - waitForElement][INFO ] - Element is visible now
08-19-2019 11:02:45 :: [core.test_base.TestBase - captureScreenShot][INFO ] - Taking a pass <<<<<<<<<===============>>>>>>>>>>>
08-19-2019 11:02:45 :: [core.test_base.TestBase - afterMethod][INFO ] - <<Adding ScreenShot...>>>
08-19-2019 11:04:50 :: [core.test_base.TestBase - setUpDriver][INFO ] - Initialize Web driver: 2106592975
08-19-2019 11:04:50 :: [core.helpers.wait.WaitHelper - setImpicitWait][INFO ] - Implicit Wait has been set to: 120
08-19-2019 11:04:50 :: [core.helpers.wait.WaitHelper - pageLoadTime][INFO ] - Waiting for page to load for : SECONDS seconds
08-19-2019 11:04:50 :: [core.helpers.wait.WaitHelper - pageLoadTime][INFO ] - Page is loaded
08-19-2019 11:05:13 :: [core.helpers.wait.WaitHelper - waitForElement][INFO ] - Wait for: [[ChromeDriver: chrome on XP (94c83a71a0107344abc03386c20be650)] -> xpath: //a[@crxanalyticsevent='Header - Sign Up or Log In Clicked']] for: 200 seconds
08-19-2019 11:05:13 :: [core.helpers.wait.WaitHelper - waitForElement][INFO ] - Element is visible now
08-19-2019 11:05:17 :: [core.test_base.TestBase - captureScreenShot][INFO ] - Taking a pass <<<<<<<<<===============>>>>>>>>>>>
08-19-2019 11:05:17 :: [core.test_base.TestBase - afterMethod][INFO ] - <<Adding ScreenShot...>>>
08-19-2019 11:08:28 :: [core.test_base.TestBase - setUpDriver][INFO ] - Initialize Web driver: 2106592975
08-19-2019 11:08:28 :: [core.helpers.wait.WaitHelper - setImpicitWait][INFO ] - Implicit Wait has been set to: 120
08-19-2019 11:08:28 :: [core.helpers.wait.WaitHelper - pageLoadTime][INFO ] - Waiting for page to load for : SECONDS seconds
08-19-2019 11:08:28 :: [core.helpers.wait.WaitHelper - pageLoadTime][INFO ] - Page is loaded
08-19-2019 11:08:56 :: [core.helpers.wait.WaitHelper - waitForElement][INFO ] - Wait for: [[ChromeDriver: chrome on XP (73d219780c3c837254fd130a3763302b)] -> xpath: //a[@crxanalyticsevent='Header - Sign Up or Log In Clicked']] for: 200 seconds
08-19-2019 11:08:56 :: [core.helpers.wait.WaitHelper - waitForElement][INFO ] - Element is visible now
08-19-2019 11:08:59 :: [core.test_base.TestBase - captureScreenShot][INFO ] - Taking a pass <<<<<<<<<===============>>>>>>>>>>>
08-19-2019 11:08:59 :: [core.test_base.TestBase - afterMethod][INFO ] - <<Adding ScreenShot...>>>
08-19-2019 12:24:55 :: [core.test_base.TestBase - setUpDriver][INFO ] - Initialize Web driver: 1802066694
08-19-2019 12:24:55 :: [core.helpers.wait.WaitHelper - setImpicitWait][INFO ] - Implicit Wait has been set to: 120
08-19-2019 12:24:55 :: [core.helpers.wait.WaitHelper - pageLoadTime][INFO ] - Waiting for page to load for : SECONDS seconds
08-19-2019 12:24:55 :: [core.helpers.wait.WaitHelper - pageLoadTime][INFO ] - Page is loaded
08-19-2019 12:25:15 :: [core.helpers.wait.WaitHelper - waitForElement][INFO ] - Wait for: [[ChromeDriver: chrome on XP (0b2e389482e11657219c9234e3453a5c)] -> xpath: //a[@crxanalyticsevent='Header - Sign Up or Log In Clicked']] for: 200 seconds
08-19-2019 12:25:16 :: [core.helpers.wait.WaitHelper - waitForElement][INFO ] - Element is visible now
08-19-2019 12:25:20 :: [core.test_base.TestBase - captureScreenShot][INFO ] - Taking a pass <<<<<<<<<===============>>>>>>>>>>>
08-19-2019 12:25:20 :: [core.test_base.TestBase - afterMethod][INFO ] - <<Adding ScreenShot...>>>
08-19-2019 12:25:57 :: [core.test_base.TestBase - setUpDriver][INFO ] - Initialize Web driver: 1551945522
08-19-2019 12:25:57 :: [core.helpers.wait.WaitHelper - setImpicitWait][INFO ] - Implicit Wait has been set to: 120
08-19-2019 12:25:57 :: [core.helpers.wait.WaitHelper - pageLoadTime][INFO ] - Waiting for page to load for : SECONDS seconds
08-19-2019 12:25:57 :: [core.helpers.wait.WaitHelper - pageLoadTime][INFO ] - Page is loaded
08-19-2019 12:26:19 :: [core.helpers.wait.WaitHelper - waitForElement][INFO ] - Wait for: [[ChromeDriver: chrome on XP (ffb9f0cde4cc9878b5de5ded70c8d15b)] -> xpath: //a[@crxanalyticsevent='Header - Sign Up or Log In Clicked']] for: 200 seconds
08-19-2019 12:26:19 :: [core.helpers.wait.WaitHelper - waitForElement][INFO ] - Element is visible now
08-19-2019 12:26:23 :: [core.test_base.TestBase - captureScreenShot][INFO ] - Taking a pass <<<<<<<<<===============>>>>>>>>>>>
08-19-2019 12:26:23 :: [core.test_base.TestBase - afterMethod][INFO ] - <<Adding ScreenShot...>>>
08-19-2019 12:39:58 :: [core.test_base.TestBase - setUpDriver][INFO ] - Initialize Web driver: 1551945522
08-19-2019 12:39:58 :: [core.helpers.wait.WaitHelper - setImpicitWait][INFO ] - Implicit Wait has been set to: 120
08-19-2019 12:39:58 :: [core.helpers.wait.WaitHelper - pageLoadTime][INFO ] - Waiting for page to load for : SECONDS seconds
08-19-2019 12:39:58 :: [core.helpers.wait.WaitHelper - pageLoadTime][INFO ] - Page is loaded
08-19-2019 12:40:16 :: [core.helpers.wait.WaitHelper - waitForElement][INFO ] - Wait for: [[ChromeDriver: chrome on XP (73668b4e683885b42b6fabd20d3fde97)] -> xpath: //a[@crxanalyticsevent='Header - Sign Up or Log In Clicked']] for: 200 seconds
08-19-2019 12:40:17 :: [core.helpers.wait.WaitHelper - waitForElement][INFO ] - Element is visible now
08-19-2019 12:42:21 :: [core.test_base.TestBase - captureScreenShot][INFO ] - Taking a pass <<<<<<<<<===============>>>>>>>>>>>
08-19-2019 12:42:21 :: [core.test_base.TestBase - afterMethod][INFO ] - <<Adding ScreenShot...>>>
08-19-2019 12:51:22 :: [core.test_base.TestBase - setUpDriver][INFO ] - Initialize Web driver: 1551945522
08-19-2019 12:51:22 :: [core.helpers.wait.WaitHelper - setImpicitWait][INFO ] - Implicit Wait has been set to: 120
08-19-2019 12:51:22 :: [core.helpers.wait.WaitHelper - pageLoadTime][INFO ] - Waiting for page to load for : SECONDS seconds
08-19-2019 12:51:22 :: [core.helpers.wait.WaitHelper - pageLoadTime][INFO ] - Page is loaded
08-19-2019 12:51:41 :: [core.helpers.wait.WaitHelper - waitForElement][INFO ] - Wait for: [[ChromeDriver: chrome on XP (9f2918d2ad074254a8d9bf5b7a85c653)] -> xpath: //a[@crxanalyticsevent='Header - Sign Up or Log In Clicked']] for: 200 seconds
08-19-2019 12:51:41 :: [core.helpers.wait.WaitHelper - waitForElement][INFO ] - Element is visible now
08-19-2019 12:52:42 :: [core.test_base.TestBase - setUpDriver][INFO ] - Initialize Web driver: 1551945522
08-19-2019 12:52:42 :: [core.helpers.wait.WaitHelper - setImpicitWait][INFO ] - Implicit Wait has been set to: 120
08-19-2019 12:52:42 :: [core.helpers.wait.WaitHelper - pageLoadTime][INFO ] - Waiting for page to load for : SECONDS seconds
08-19-2019 12:52:42 :: [core.helpers.wait.WaitHelper - pageLoadTime][INFO ] - Page is loaded
08-19-2019 12:53:01 :: [core.helpers.wait.WaitHelper - waitForElement][INFO ] - Wait for: [[ChromeDriver: chrome on XP (afb00f851b7dd075ef01d7129aec76b2)] -> xpath: //a[@crxanalyticsevent='Header - Sign Up or Log In Clicked']] for: 200 seconds
08-19-2019 12:53:01 :: [core.helpers.wait.WaitHelper - waitForElement][INFO ] - Element is visible now
08-19-2019 12:53:05 :: [core.test_base.TestBase - captureScreenShot][INFO ] - Taking a pass <<<<<<<<<===============>>>>>>>>>>>
08-19-2019 12:53:05 :: [core.test_base.TestBase - afterMethod][INFO ] - <<Adding ScreenShot...>>>
08-19-2019 13:07:20 :: [core.test_base.TestBase - setUpDriver][INFO ] - Initialize Web driver: 1551945522
08-19-2019 13:07:20 :: [core.helpers.wait.WaitHelper - setImpicitWait][INFO ] - Implicit Wait has been set to: 120
08-19-2019 13:07:20 :: [core.helpers.wait.WaitHelper - pageLoadTime][INFO ] - Waiting for page to load for : SECONDS seconds
08-19-2019 13:07:20 :: [core.helpers.wait.WaitHelper - pageLoadTime][INFO ] - Page is loaded
08-19-2019 13:07:42 :: [core.helpers.wait.WaitHelper - waitForElement][INFO ] - Wait for: [[ChromeDriver: chrome on XP (5898895f98473675f897807f74f2818f)] -> xpath: //a[@crxanalyticsevent='Header - Sign Up or Log In Clicked']] for: 200 seconds
08-19-2019 13:07:42 :: [core.helpers.wait.WaitHelper - waitForElement][INFO ] - Element is visible now
08-19-2019 13:07:46 :: [core.test_base.TestBase - captureScreenShot][INFO ] - Taking a pass <<<<<<<<<===============>>>>>>>>>>>
08-19-2019 13:07:46 :: [core.test_base.TestBase - afterMethod][INFO ] - <<Adding ScreenShot...>>>
08-19-2019 13:08:44 :: [core.test_base.TestBase - setUpDriver][INFO ] - Initialize Web driver: 1551945522
08-19-2019 13:08:44 :: [core.helpers.wait.WaitHelper - setImpicitWait][INFO ] - Implicit Wait has been set to: 120
08-19-2019 13:08:44 :: [core.helpers.wait.WaitHelper - pageLoadTime][INFO ] - Waiting for page to load for : SECONDS seconds
08-19-2019 13:08:44 :: [core.helpers.wait.WaitHelper - pageLoadTime][INFO ] - Page is loaded
08-19-2019 13:09:05 :: [core.helpers.wait.WaitHelper - waitForElement][INFO ] - Wait for: [[ChromeDriver: chrome on XP (035962fefa684ab50593739d8e4241eb)] -> xpath: //a[@crxanalyticsevent='Header - Sign Up or Log In Clicked']] for: 200 seconds
08-19-2019 13:09:05 :: [core.helpers.wait.WaitHelper - waitForElement][INFO ] - Element is visible now
08-19-2019 13:09:10 :: [core.test_base.TestBase - captureScreenShot][INFO ] - Taking a pass <<<<<<<<<===============>>>>>>>>>>>
08-19-2019 13:09:10 :: [core.test_base.TestBase - afterMethod][INFO ] - << ******************************************************* >>>
08-19-2019 13:10:35 :: [core.test_base.TestBase - setUpDriver][INFO ] - Initialize Web driver: 1551945522
08-19-2019 13:10:35 :: [core.helpers.wait.WaitHelper - setImpicitWait][INFO ] - Implicit Wait has been set to: 120
08-19-2019 13:10:35 :: [core.helpers.wait.WaitHelper - pageLoadTime][INFO ] - Waiting for page to load for : SECONDS seconds
08-19-2019 13:10:35 :: [core.helpers.wait.WaitHelper - pageLoadTime][INFO ] - Page is loaded
08-19-2019 13:10:52 :: [core.helpers.wait.WaitHelper - waitForElement][INFO ] - Wait for: [[ChromeDriver: chrome on XP (9a2266205128607e1f8656deda9ca915)] -> xpath: //a[@crxanalyticsevent='Header - Sign Up or Log In Clicked']] for: 200 seconds
08-19-2019 13:10:52 :: [core.helpers.wait.WaitHelper - waitForElement][INFO ] - Element is visible now
08-19-2019 13:10:57 :: [core.test_base.TestBase - captureScreenShot][INFO ] - Taking a pass <<<<<<<<<===============>>>>>>>>>>>
08-19-2019 13:10:57 :: [core.test_base.TestBase - afterMethod][INFO ] - << ******************************************************* >>>
08-19-2019 13:18:01 :: [core.test_base.TestBase - setUpDriver][INFO ] - Initialize Web driver: 1551945522
08-19-2019 13:18:01 :: [core.helpers.wait.WaitHelper - setImpicitWait][INFO ] - Implicit Wait has been set to: 120
08-19-2019 13:18:01 :: [core.helpers.wait.WaitHelper - pageLoadTime][INFO ] - Waiting for page to load for : SECONDS seconds
08-19-2019 13:18:01 :: [core.helpers.wait.WaitHelper - pageLoadTime][INFO ] - Page is loaded
08-19-2019 13:18:25 :: [core.helpers.wait.WaitHelper - waitForElement][INFO ] - Wait for: [[ChromeDriver: chrome on XP (51a0595c9db591977ed301112400ffa5)] -> xpath: //a[@crxanalyticsevent='Header - Sign Up or Log In Clicked']] for: 200 seconds
08-19-2019 13:18:26 :: [core.helpers.wait.WaitHelper - waitForElement][INFO ] - Element is visible now
08-19-2019 13:18:29 :: [core.test_base.TestBase - captureScreenShot][INFO ] - Taking a pass <<<<<<<<<===============>>>>>>>>>>>
08-19-2019 13:18:30 :: [core.test_base.TestBase - afterMethod][INFO ] - << ******************************************************* >>>
08-19-2019 13:19:08 :: [core.test_base.TestBase - setUpDriver][INFO ] - Initialize Web driver: 1551945522
08-19-2019 13:19:08 :: [core.helpers.wait.WaitHelper - setImpicitWait][INFO ] - Implicit Wait has been set to: 120
08-19-2019 13:19:08 :: [core.helpers.wait.WaitHelper - pageLoadTime][INFO ] - Waiting for page to load for : SECONDS seconds
08-19-2019 13:19:08 :: [core.helpers.wait.WaitHelper - pageLoadTime][INFO ] - Page is loaded
08-19-2019 13:19:30 :: [core.helpers.wait.WaitHelper - waitForElement][INFO ] - Wait for: [[ChromeDriver: chrome on XP (7a81dc3f8d991eb0a9095c768bcbdaf4)] -> xpath: //a[@crxanalyticsevent='Header - Sign Up or Log In Clicked']] for: 200 seconds
08-19-2019 13:19:30 :: [core.helpers.wait.WaitHelper - waitForElement][INFO ] - Element is visible now
08-19-2019 13:19:35 :: [core.test_base.TestBase - captureScreenShot][INFO ] - Taking a pass <<<<<<<<<===============>>>>>>>>>>>
08-19-2019 13:19:35 :: [core.test_base.TestBase - afterMethod][INFO ] - << ******************************************************* >>>
08-19-2019 13:22:22 :: [core.test_base.TestBase - setUpDriver][INFO ] - Initialize Web driver: 1551945522
08-19-2019 13:22:22 :: [core.helpers.wait.WaitHelper - setImpicitWait][INFO ] - Implicit Wait has been set to: 120
08-19-2019 13:22:22 :: [core.helpers.wait.WaitHelper - pageLoadTime][INFO ] - Waiting for page to load for : SECONDS seconds
08-19-2019 13:22:22 :: [core.helpers.wait.WaitHelper - pageLoadTime][INFO ] - Page is loaded
08-19-2019 13:22:55 :: [core.helpers.wait.WaitHelper - waitForElement][INFO ] - Wait for: [[ChromeDriver: chrome on XP (0533122b45a40ba5266de9a7e20e285e)] -> xpath: //a[@crxanalyticsevent='Header - Sign Up or Log In Clicked']] for: 200 seconds
08-19-2019 13:22:55 :: [core.helpers.wait.WaitHelper - waitForElement][INFO ] - Element is visible now
08-19-2019 13:23:03 :: [core.test_base.TestBase - captureScreenShot][INFO ] - Taking a pass <<<<<<<<<===============>>>>>>>>>>>
08-19-2019 13:23:03 :: [core.test_base.TestBase - afterMethod][INFO ] - << ******************************************************* >>>
08-19-2019 13:25:04 :: [core.test_base.TestBase - setUpDriver][INFO ] - Initialize Web driver: 1551945522
08-19-2019 13:25:04 :: [core.helpers.wait.WaitHelper - setImpicitWait][INFO ] - Implicit Wait has been set to: 120
08-19-2019 13:25:04 :: [core.helpers.wait.WaitHelper - pageLoadTime][INFO ] - Waiting for page to load for : SECONDS seconds
08-19-2019 13:25:04 :: [core.helpers.wait.WaitHelper - pageLoadTime][INFO ] - Page is loaded
08-19-2019 13:25:22 :: [core.helpers.wait.WaitHelper - waitForElement][INFO ] - Wait for: [[ChromeDriver: chrome on XP (f0ad9a1a6be7dc5dd15ef7e847cbfe23)] -> xpath: //a[@crxanalyticsevent='Header - Sign Up or Log In Clicked']] for: 200 seconds
08-19-2019 13:25:23 :: [core.helpers.wait.WaitHelper - waitForElement][INFO ] - Element is visible now
08-19-2019 13:25:30 :: [core.test_base.TestBase - captureScreenShot][INFO ] - Taking a pass <<<<<<<<<===============>>>>>>>>>>>
08-19-2019 13:25:30 :: [core.test_base.TestBase - afterMethod][INFO ] - <<Adding ScreenShot...>>>
08-19-2019 13:26:37 :: [core.test_base.TestBase - setUpDriver][INFO ] - Initialize Web driver: 1551945522
08-19-2019 13:26:37 :: [core.helpers.wait.WaitHelper - setImpicitWait][INFO ] - Implicit Wait has been set to: 120
08-19-2019 13:26:37 :: [core.helpers.wait.WaitHelper - pageLoadTime][INFO ] - Waiting for page to load for : SECONDS seconds
08-19-2019 13:26:37 :: [core.helpers.wait.WaitHelper - pageLoadTime][INFO ] - Page is loaded
08-19-2019 13:26:55 :: [core.helpers.wait.WaitHelper - waitForElement][INFO ] - Wait for: [[ChromeDriver: chrome on XP (b2fc7be7f4a90307945672d88a848667)] -> xpath: //a[@crxanalyticsevent='Header - Sign Up or Log In Clicked']] for: 200 seconds
08-19-2019 13:26:55 :: [core.helpers.wait.WaitHelper - waitForElement][INFO ] - Element is visible now
08-19-2019 13:27:03 :: [core.test_base.TestBase - captureScreenShot][INFO ] - Taking a pass <<<<<<<<<===============>>>>>>>>>>>
08-19-2019 13:27:03 :: [core.test_base.TestBase - afterMethod][INFO ] - << ******************************************************* >>>
08-19-2019 13:48:21 :: [core.test_base.TestBase - setUpDriver][INFO ] - Initialize Web driver: 1551945522
08-19-2019 13:48:21 :: [core.helpers.wait.WaitHelper - setImpicitWait][INFO ] - Implicit Wait has been set to: 120
08-19-2019 13:48:21 :: [core.helpers.wait.WaitHelper - pageLoadTime][INFO ] - Waiting for page to load for : SECONDS seconds
08-19-2019 13:48:21 :: [core.helpers.wait.WaitHelper - pageLoadTime][INFO ] - Page is loaded
08-19-2019 13:48:40 :: [core.helpers.wait.WaitHelper - waitForElement][INFO ] - Wait for: [[ChromeDriver: chrome on XP (6b0088300f25ef65712e2f1db5efe5c4)] -> xpath: //a[@crxanalyticsevent='Header - Sign Up or Log In Clicked']] for: 200 seconds
08-19-2019 13:48:40 :: [core.helpers.wait.WaitHelper - waitForElement][INFO ] - Element is visible now
08-19-2019 13:48:44 :: [core.test_base.TestBase - captureScreenShot][INFO ] - Taking a pass <<<<<<<<<===============>>>>>>>>>>>
08-19-2019 13:48:44 :: [core.test_base.TestBase - afterMethod][INFO ] - <<Adding ScreenShot...>>>
08-19-2019 13:50:11 :: [core.test_base.TestBase - setUpDriver][INFO ] - Initialize Web driver: 1551945522
08-19-2019 13:50:11 :: [core.helpers.wait.WaitHelper - setImpicitWait][INFO ] - Implicit Wait has been set to: 120
08-19-2019 13:50:11 :: [core.helpers.wait.WaitHelper - pageLoadTime][INFO ] - Waiting for page to load for : SECONDS seconds
08-19-2019 13:50:11 :: [core.helpers.wait.WaitHelper - pageLoadTime][INFO ] - Page is loaded
08-19-2019 13:50:32 :: [core.helpers.wait.WaitHelper - waitForElement][INFO ] - Wait for: [[ChromeDriver: chrome on XP (2012a4b0c976e80a3b2667c62f1105bc)] -> xpath: //a[@crxanalyticsevent='Header - Sign Up or Log In Clicked']] for: 200 seconds
08-19-2019 13:50:33 :: [core.helpers.wait.WaitHelper - waitForElement][INFO ] - Element is visible now
08-19-2019 13:50:37 :: [core.test_base.TestBase - captureScreenShot][INFO ] - Taking a pass <<<<<<<<<===============>>>>>>>>>>>
08-19-2019 13:50:37 :: [core.test_base.TestBase - afterMethod][INFO ] - <<Adding ScreenShot...>>>
08-19-2019 13:52:19 :: [core.test_base.TestBase - setUpDriver][INFO ] - Initialize Web driver: 1551945522
08-19-2019 13:52:19 :: [core.helpers.wait.WaitHelper - setImpicitWait][INFO ] - Implicit Wait has been set to: 120
08-19-2019 13:52:19 :: [core.helpers.wait.WaitHelper - pageLoadTime][INFO ] - Waiting for page to load for : SECONDS seconds
08-19-2019 13:52:19 :: [core.helpers.wait.WaitHelper - pageLoadTime][INFO ] - Page is loaded
08-19-2019 13:52:38 :: [core.helpers.wait.WaitHelper - waitForElement][INFO ] - Wait for: [[ChromeDriver: chrome on XP (d2e6b1de22f0d429010fcc547cac22f5)] -> xpath: //a[@crxanalyticsevent='Header - Sign Up or Log In Clicked']] for: 200 seconds
08-19-2019 13:52:39 :: [core.helpers.wait.WaitHelper - waitForElement][INFO ] - Element is visible now
08-19-2019 13:52:46 :: [core.test_base.TestBase - captureScreenShot][INFO ] - Taking a pass <<<<<<<<<===============>>>>>>>>>>>
08-19-2019 13:52:46 :: [core.test_base.TestBase - afterMethod][INFO ] - << ******************************************************* >>>
08-19-2019 13:56:20 :: [core.test_base.TestBase - setUpDriver][INFO ] - Initialize Web driver: 1551945522
08-19-2019 13:56:20 :: [core.helpers.wait.WaitHelper - setImpicitWait][INFO ] - Implicit Wait has been set to: 120
08-19-2019 13:56:20 :: [core.helpers.wait.WaitHelper - pageLoadTime][INFO ] - Waiting for page to load for : SECONDS seconds
08-19-2019 13:56:20 :: [core.helpers.wait.WaitHelper - pageLoadTime][INFO ] - Page is loaded
08-19-2019 13:56:39 :: [core.helpers.wait.WaitHelper - waitForElement][INFO ] - Wait for: [[ChromeDriver: chrome on XP (c1600dd8d87381f3d07cbc2de21d2a28)] -> xpath: //a[@crxanalyticsevent='Header - Sign Up or Log In Clicked']] for: 200 seconds
08-19-2019 13:56:40 :: [core.helpers.wait.WaitHelper - waitForElement][INFO ] - Element is visible now
08-19-2019 13:56:47 :: [core.test_base.TestBase - captureScreenShot][INFO ] - Taking a pass <<<<<<<<<===============>>>>>>>>>>>
08-19-2019 13:56:47 :: [core.test_base.TestBase - afterMethod][INFO ] - << ******************************************************* >>>
08-19-2019 14:01:10 :: [core.test_base.TestBase - setUpDriver][INFO ] - Initialize Web driver: 1551945522
08-19-2019 14:01:10 :: [core.helpers.wait.WaitHelper - setImpicitWait][INFO ] - Implicit Wait has been set to: 120
08-19-2019 14:01:10 :: [core.helpers.wait.WaitHelper - pageLoadTime][INFO ] - Waiting for page to load for : SECONDS seconds
08-19-2019 14:01:10 :: [core.helpers.wait.WaitHelper - pageLoadTime][INFO ] - Page is loaded
08-19-2019 14:01:35 :: [core.helpers.wait.WaitHelper - waitForElement][INFO ] - Wait for: [[ChromeDriver: chrome on XP (7395ae6a63d12b6391d352ea3b20716b)] -> xpath: //a[@crxanalyticsevent='Header - Sign Up or Log In Clicked']] for: 200 seconds
08-19-2019 14:01:35 :: [core.helpers.wait.WaitHelper - waitForElement][INFO ] - Element is visible now
08-19-2019 14:01:43 :: [core.test_base.TestBase - captureScreenShot][INFO ] - Taking a pass <<<<<<<<<===============>>>>>>>>>>>
08-19-2019 14:01:43 :: [core.test_base.TestBase - afterMethod][INFO ] - << ******************************************************* >>>
08-19-2019 14:09:55 :: [core.test_base.TestBase - setUpDriver][INFO ] - Initialize Web driver: 1328718765
08-19-2019 14:09:55 :: [core.helpers.wait.WaitHelper - setImpicitWait][INFO ] - Implicit Wait has been set to: 120
08-19-2019 14:09:55 :: [core.helpers.wait.WaitHelper - pageLoadTime][INFO ] - Waiting for page to load for : SECONDS seconds
08-19-2019 14:09:55 :: [core.helpers.wait.WaitHelper - pageLoadTime][INFO ] - Page is loaded
08-19-2019 14:10:48 :: [core.test_base.TestBase - setUpDriver][INFO ] - Initialize Web driver: 1551945522
08-19-2019 14:10:48 :: [core.helpers.wait.WaitHelper - setImpicitWait][INFO ] - Implicit Wait has been set to: 120
08-19-2019 14:10:48 :: [core.helpers.wait.WaitHelper - pageLoadTime][INFO ] - Waiting for page to load for : SECONDS seconds
08-19-2019 14:10:48 :: [core.helpers.wait.WaitHelper - pageLoadTime][INFO ] - Page is loaded
08-19-2019 14:11:05 :: [core.helpers.wait.WaitHelper - waitForElement][INFO ] - Wait for: [[ChromeDriver: chrome on XP (7a21a4101848fd3740e65575a91fcd7e)] -> xpath: //a[@crxanalyticsevent='Header - Sign Up or Log In Clicked']] for: 200 seconds
08-19-2019 14:11:05 :: [core.helpers.wait.WaitHelper - waitForElement][INFO ] - Element is visible now
08-19-2019 14:11:13 :: [core.test_base.TestBase - captureScreenShot][INFO ] - Taking a pass <<<<<<<<<===============>>>>>>>>>>>
08-19-2019 14:11:13 :: [core.test_base.TestBase - afterMethod][INFO ] - << ******************************************************* >>>
08-19-2019 14:31:04 :: [core.test_base.TestBase - setUpDriver][INFO ] - Initialize Web driver: 1551945522
08-19-2019 14:31:04 :: [core.helpers.wait.WaitHelper - setImpicitWait][INFO ] - Implicit Wait has been set to: 120
08-19-2019 14:31:04 :: [core.helpers.wait.WaitHelper - pageLoadTime][INFO ] - Waiting for page to load for : SECONDS seconds
08-19-2019 14:31:04 :: [core.helpers.wait.WaitHelper - pageLoadTime][INFO ] - Page is loaded
08-19-2019 14:31:30 :: [core.helpers.wait.WaitHelper - waitForElement][INFO ] - Wait for: [[ChromeDriver: chrome on XP (b34259a4ac63e8208e3794bba79f5915)] -> xpath: //a[@crxanalyticsevent='Header - Sign Up or Log In Clicked']] for: 200 seconds
08-19-2019 14:31:30 :: [core.helpers.wait.WaitHelper - waitForElement][INFO ] - Element is visible now
08-19-2019 14:31:38 :: [core.test_base.TestBase - captureScreenShot][INFO ] - Taking a pass <<<<<<<<<===============>>>>>>>>>>>
08-19-2019 14:31:38 :: [core.test_base.TestBase - afterMethod][INFO ] - << ******************************************************* >>>
08-19-2019 14:33:06 :: [core.test_base.TestBase - setUpDriver][INFO ] - Initialize Web driver: 1551945522
08-19-2019 14:33:06 :: [core.helpers.wait.WaitHelper - setImpicitWait][INFO ] - Implicit Wait has been set to: 120
08-19-2019 14:33:06 :: [core.helpers.wait.WaitHelper - pageLoadTime][INFO ] - Waiting for page to load for : SECONDS seconds
08-19-2019 14:33:06 :: [core.helpers.wait.WaitHelper - pageLoadTime][INFO ] - Page is loaded
08-19-2019 14:33:32 :: [core.helpers.wait.WaitHelper - waitForElement][INFO ] - Wait for: [[ChromeDriver: chrome on XP (971b4ac8d6f448018e46deb63a21ef88)] -> xpath: //a[@crxanalyticsevent='Header - Sign Up or Log In Clicked']] for: 200 seconds
08-19-2019 14:33:32 :: [core.helpers.wait.WaitHelper - waitForElement][INFO ] - Element is visible now
08-19-2019 14:33:42 :: [core.test_base.TestBase - captureScreenShot][INFO ] - Taking a pass <<<<<<<<<===============>>>>>>>>>>>
08-19-2019 14:33:42 :: [core.test_base.TestBase - afterMethod][INFO ] - << ******************************************************* >>>
08-19-2019 14:42:59 :: [core.test_base.TestBase - setUpDriver][INFO ] - Initialize Web driver: 1328718765
08-19-2019 14:42:59 :: [core.helpers.wait.WaitHelper - setImpicitWait][INFO ] - Implicit Wait has been set to: 120
08-19-2019 14:43:00 :: [core.helpers.wait.WaitHelper - pageLoadTime][INFO ] - Waiting for page to load for : SECONDS seconds
08-19-2019 14:43:00 :: [core.helpers.wait.WaitHelper - pageLoadTime][INFO ] - Page is loaded
08-19-2019 14:43:30 :: [core.helpers.wait.WaitHelper - waitForElement][INFO ] - Wait for: [[ChromeDriver: chrome on XP (33b026dd911cd36f9ad730c0756f22fa)] -> xpath: //a[@crxanalyticsevent='Header - Sign Up or Log In Clicked']] for: 200 seconds
08-19-2019 14:43:30 :: [core.helpers.wait.WaitHelper - waitForElement][INFO ] - Element is visible now
08-19-2019 14:43:41 :: [core.test_base.TestBase - captureScreenShot][INFO ] - Taking a pass <<<<<<<<<===============>>>>>>>>>>>
08-19-2019 14:43:41 :: [core.test_base.TestBase - afterMethod][INFO ] - << ******************************************************* >>>
08-19-2019 16:15:50 :: [core.test_base.TestBase - setUpDriver][INFO ] - Initialize Web driver: 1704491411
08-19-2019 16:15:50 :: [core.helpers.wait.WaitHelper - setImpicitWait][INFO ] - Implicit Wait has been set to: 120
08-19-2019 16:15:50 :: [core.helpers.wait.WaitHelper - pageLoadTime][INFO ] - Waiting for page to load for : SECONDS seconds
08-19-2019 16:15:50 :: [core.helpers.wait.WaitHelper - pageLoadTime][INFO ] - Page is loaded
08-19-2019 16:17:41 :: [core.test_base.TestBase - setUpDriver][INFO ] - Initialize Web driver: 1551945522
08-19-2019 16:17:41 :: [core.helpers.wait.WaitHelper - setImpicitWait][INFO ] - Implicit Wait has been set to: 120
08-19-2019 16:17:41 :: [core.helpers.wait.WaitHelper - pageLoadTime][INFO ] - Waiting for page to load for : SECONDS seconds
08-19-2019 16:17:41 :: [core.helpers.wait.WaitHelper - pageLoadTime][INFO ] - Page is loaded
08-19-2019 16:19:25 :: [core.helpers.wait.WaitHelper - waitForElement][INFO ] - Wait for: [[ChromeDriver: chrome on XP (e43240afd5f0559fc53024d727544ac9)] -> xpath: //a[@crxanalyticsevent='Header - Sign Up or Log In Clicked']] for: 200 seconds
08-19-2019 16:19:25 :: [core.helpers.wait.WaitHelper - waitForElement][INFO ] - Element is visible now
08-19-2019 16:19:36 :: [core.test_base.TestBase - captureScreenShot][INFO ] - Taking a pass <<<<<<<<<===============>>>>>>>>>>>
08-19-2019 16:19:36 :: [core.test_base.TestBase - afterMethod][INFO ] - << ******************************************************* >>>
08-19-2019 16:21:54 :: [core.test_base.TestBase - setUpDriver][INFO ] - Initialize Web driver: 32393008
08-19-2019 16:21:54 :: [core.helpers.wait.WaitHelper - setImpicitWait][INFO ] - Implicit Wait has been set to: 120
08-19-2019 16:21:54 :: [core.helpers.wait.WaitHelper - pageLoadTime][INFO ] - Waiting for page to load for : SECONDS seconds
08-19-2019 16:21:54 :: [core.helpers.wait.WaitHelper - pageLoadTime][INFO ] - Page is loaded
08-19-2019 16:23:16 :: [core.helpers.wait.WaitHelper - waitForElement][INFO ] - Wait for: [[ChromeDriver: chrome on XP (5bc7aff53559c0970e5fabb8fccf31e2)] -> xpath: //a[@crxanalyticsevent='Header - Sign Up or Log In Clicked']] for: 200 seconds
08-19-2019 16:23:17 :: [core.helpers.wait.WaitHelper - waitForElement][INFO ] - Element is visible now
08-19-2019 16:25:29 :: [core.test_base.TestBase - setUpDriver][INFO ] - Initialize Web driver: 1504083002
08-19-2019 16:25:29 :: [core.helpers.wait.WaitHelper - setImpicitWait][INFO ] - Implicit Wait has been set to: 120
08-19-2019 16:25:29 :: [core.helpers.wait.WaitHelper - pageLoadTime][INFO ] - Waiting for page to load for : SECONDS seconds
08-19-2019 16:25:29 :: [core.helpers.wait.WaitHelper - pageLoadTime][INFO ] - Page is loaded
08-19-2019 16:26:17 :: [core.helpers.wait.WaitHelper - waitForElement][INFO ] - Wait for: [[ChromeDriver: chrome on XP (65f29f463d924d832f3357e9993ea543)] -> xpath: //a[@crxanalyticsevent='Header - Sign Up or Log In Clicked']] for: 200 seconds
08-19-2019 16:26:17 :: [core.helpers.wait.WaitHelper - waitForElement][INFO ] - Element is visible now
08-19-2019 16:27:38 :: [core.test_base.TestBase - setUpDriver][INFO ] - Initialize Web driver: 1890287843
08-19-2019 16:27:38 :: [core.helpers.wait.WaitHelper - setImpicitWait][INFO ] - Implicit Wait has been set to: 120
08-19-2019 16:27:38 :: [core.helpers.wait.WaitHelper - pageLoadTime][INFO ] - Waiting for page to load for : SECONDS seconds
08-19-2019 16:27:38 :: [core.helpers.wait.WaitHelper - pageLoadTime][INFO ] - Page is loaded
08-19-2019 16:28:01 :: [core.test_base.TestBase - setUpDriver][INFO ] - Initialize Web driver: 1504083002
08-19-2019 16:28:01 :: [core.helpers.wait.WaitHelper - setImpicitWait][INFO ] - Implicit Wait has been set to: 120
08-19-2019 16:28:01 :: [core.helpers.wait.WaitHelper - pageLoadTime][INFO ] - Waiting for page to load for : SECONDS seconds
08-19-2019 16:28:01 :: [core.helpers.wait.WaitHelper - pageLoadTime][INFO ] - Page is loaded
08-19-2019 16:28:42 :: [core.test_base.TestBase - setUpDriver][INFO ] - Initialize Web driver: 1504083002
08-19-2019 16:28:42 :: [core.helpers.wait.WaitHelper - setImpicitWait][INFO ] - Implicit Wait has been set to: 120
08-19-2019 16:28:42 :: [core.helpers.wait.WaitHelper - pageLoadTime][INFO ] - Waiting for page to load for : SECONDS seconds
08-19-2019 16:28:42 :: [core.helpers.wait.WaitHelper - pageLoadTime][INFO ] - Page is loaded
08-19-2019 16:29:44 :: [core.helpers.wait.WaitHelper - waitForElement][INFO ] - Wait for: [[ChromeDriver: chrome on XP (fbb01b5c36eacc371ff12601373c1ac6)] -> xpath: //a[@crxanalyticsevent='Header - Sign Up or Log In Clicked']] for: 200 seconds
08-19-2019 16:29:45 :: [core.helpers.wait.WaitHelper - waitForElement][INFO ] - Element is visible now
08-19-2019 16:32:07 :: [core.test_base.TestBase - setUpDriver][INFO ] - Initialize Web driver: 1328718765
08-19-2019 16:32:07 :: [core.helpers.wait.WaitHelper - setImpicitWait][INFO ] - Implicit Wait has been set to: 120
08-19-2019 16:32:07 :: [core.helpers.wait.WaitHelper - pageLoadTime][INFO ] - Waiting for page to load for : SECONDS seconds
08-19-2019 16:32:07 :: [core.helpers.wait.WaitHelper - pageLoadTime][INFO ] - Page is loaded
08-19-2019 16:32:58 :: [core.helpers.wait.WaitHelper - waitForElement][INFO ] - Wait for: [[ChromeDriver: chrome on XP (3dec062aaf9d58c4349790da0d0c4e9b)] -> xpath: //a[@crxanalyticsevent='Header - Sign Up or Log In Clicked']] for: 200 seconds
08-19-2019 16:32:59 :: [core.helpers.wait.WaitHelper - waitForElement][INFO ] - Element is visible now
08-19-2019 16:33:08 :: [core.test_base.TestBase - captureScreenShot][INFO ] - Taking a pass <<<<<<<<<===============>>>>>>>>>>>
08-19-2019 16:33:08 :: [core.test_base.TestBase - afterMethod][INFO ] - << ******************************************************* >>>
08-19-2019 16:41:04 :: [core.test_base.TestBase - setUpDriver][INFO ] - Initialize Web driver: 1328718765
08-19-2019 16:41:04 :: [core.helpers.wait.WaitHelper - setImpicitWait][INFO ] - Implicit Wait has been set to: 120
08-19-2019 16:41:04 :: [core.helpers.wait.WaitHelper - pageLoadTime][INFO ] - Waiting for page to load for : SECONDS seconds
08-19-2019 16:41:04 :: [core.helpers.wait.WaitHelper - pageLoadTime][INFO ] - Page is loaded
08-19-2019 16:42:45 :: [core.helpers.wait.WaitHelper - waitForElement][INFO ] - Wait for: [[ChromeDriver: chrome on XP (c4c1436b41d4afa368081032ef1e97d5)] -> xpath: //a[@crxanalyticsevent='Header - Sign Up or Log In Clicked']] for: 200 seconds
08-19-2019 16:42:45 :: [core.helpers.wait.WaitHelper - waitForElement][INFO ] - Element is visible now
08-19-2019 16:42:54 :: [core.test_base.TestBase - captureScreenShot][INFO ] - Taking a pass <<<<<<<<<===============>>>>>>>>>>>
08-19-2019 16:42:54 :: [core.test_base.TestBase - afterMethod][INFO ] - << ******************************************************* >>>
08-19-2019 16:46:39 :: [core.test_base.TestBase - setUpDriver][INFO ] - Initialize Web driver: 1328718765
08-19-2019 16:46:39 :: [core.helpers.wait.WaitHelper - setImpicitWait][INFO ] - Implicit Wait has been set to: 120
08-19-2019 16:46:39 :: [core.helpers.wait.WaitHelper - pageLoadTime][INFO ] - Waiting for page to load for : SECONDS seconds
08-19-2019 16:46:39 :: [core.helpers.wait.WaitHelper - pageLoadTime][INFO ] - Page is loaded
08-19-2019 16:47:36 :: [core.helpers.wait.WaitHelper - waitForElement][INFO ] - Wait for: [[ChromeDriver: chrome on XP (701d8bdff046df7c018a3e6c477a9964)] -> xpath: //a[@crxanalyticsevent='Header - Sign Up or Log In Clicked']] for: 200 seconds
08-19-2019 16:47:36 :: [core.helpers.wait.WaitHelper - waitForElement][INFO ] - Element is visible now
08-19-2019 16:47:42 :: [core.test_base.TestBase - captureScreenShot][INFO ] - Taking a pass <<<<<<<<<===============>>>>>>>>>>>
08-19-2019 16:47:42 :: [core.test_base.TestBase - afterMethod][INFO ] - << ******************************************************* >>>
08-19-2019 17:13:55 :: [core.test_base.TestBase - setUpDriver][INFO ] - Initialize Web driver: 1328718765
08-19-2019 17:13:55 :: [core.helpers.wait.WaitHelper - setImpicitWait][INFO ] - Implicit Wait has been set to: 120
08-19-2019 17:13:55 :: [core.helpers.wait.WaitHelper - pageLoadTime][INFO ] - Waiting for page to load for : SECONDS seconds
08-19-2019 17:13:55 :: [core.helpers.wait.WaitHelper - pageLoadTime][INFO ] - Page is loaded
08-19-2019 17:15:54 :: [core.helpers.wait.WaitHelper - waitForElement][INFO ] - Wait for: [[ChromeDriver: chrome on XP (f002dc3528a24b2805d45061d7ea853b)] -> xpath: //a[@crxanalyticsevent='Header - Sign Up or Log In Clicked']] for: 200 seconds
08-19-2019 17:15:54 :: [core.helpers.wait.WaitHelper - waitForElement][INFO ] - Element is visible now
08-19-2019 17:16:02 :: [core.test_base.TestBase - captureScreenShot][INFO ] - Taking a pass <<<<<<<<<===============>>>>>>>>>>>
08-19-2019 17:16:02 :: [core.test_base.TestBase - afterMethod][INFO ] - <<< ******************************************************* >>>
08-19-2019 17:28:34 :: [core.test_base.TestBase - setUpDriver][INFO ] - Initialize Web driver: 1515877023
08-19-2019 17:28:34 :: [core.helpers.wait.WaitHelper - setImpicitWait][INFO ] - Implicit Wait has been set to: 120
08-19-2019 17:28:34 :: [core.helpers.wait.WaitHelper - pageLoadTime][INFO ] - Waiting for page to load for : SECONDS seconds
08-19-2019 17:28:34 :: [core.helpers.wait.WaitHelper - pageLoadTime][INFO ] - Page is loaded
08-19-2019 17:30:14 :: [core.test_base.TestBase - captureScreenShot][INFO ] - Taking a pass <<<<<<<<<===============>>>>>>>>>>>
08-19-2019 17:30:14 :: [core.test_base.TestBase - afterMethod][INFO ] - <<< ******************************************************* >>>
08-19-2019 17:31:28 :: [core.test_base.TestBase - setUpDriver][INFO ] - Initialize Web driver: 1649320501
08-19-2019 17:31:28 :: [core.helpers.wait.WaitHelper - setImpicitWait][INFO ] - Implicit Wait has been set to: 120
08-19-2019 17:31:28 :: [core.helpers.wait.WaitHelper - pageLoadTime][INFO ] - Waiting for page to load for : SECONDS seconds
08-19-2019 17:31:28 :: [core.helpers.wait.WaitHelper - pageLoadTime][INFO ] - Page is loaded
08-19-2019 17:33:08 :: [core.test_base.TestBase - captureScreenShot][INFO ] - Taking a pass <<<<<<<<<===============>>>>>>>>>>>
08-19-2019 17:33:08 :: [core.test_base.TestBase - afterMethod][INFO ] - <<< ******************************************************* >>>
08-19-2019 17:35:21 :: [core.test_base.TestBase - setUpDriver][INFO ] - Initialize Web driver: 1850954068
08-19-2019 17:35:21 :: [core.helpers.wait.WaitHelper - setImpicitWait][INFO ] - Implicit Wait has been set to: 120
08-19-2019 17:35:21 :: [core.helpers.wait.WaitHelper - pageLoadTime][INFO ] - Waiting for page to load for : SECONDS seconds
08-19-2019 17:35:21 :: [core.helpers.wait.WaitHelper - pageLoadTime][INFO ] - Page is loaded
08-19-2019 17:37:01 :: [core.test_base.TestBase - captureScreenShot][INFO ] - Taking a pass <<<<<<<<<===============>>>>>>>>>>>
08-19-2019 17:37:01 :: [core.test_base.TestBase - afterMethod][INFO ] - <<< ******************************************************* >>>
08-19-2019 17:42:27 :: [core.test_base.TestBase - setUpDriver][INFO ] - Initialize Web driver: 1924949331
08-19-2019 17:42:27 :: [core.helpers.wait.WaitHelper - setImpicitWait][INFO ] - Implicit Wait has been set to: 120
08-19-2019 17:42:27 :: [core.helpers.wait.WaitHelper - pageLoadTime][INFO ] - Waiting for page to load for : SECONDS seconds
08-19-2019 17:42:27 :: [core.helpers.wait.WaitHelper - pageLoadTime][INFO ] - Page is loaded
08-19-2019 17:43:40 :: [core.test_base.TestBase - setUpDriver][INFO ] - Initialize Web driver: 1924949331
08-19-2019 17:43:40 :: [core.helpers.wait.WaitHelper - setImpicitWait][INFO ] - Implicit Wait has been set to: 120
08-19-2019 17:43:40 :: [core.helpers.wait.WaitHelper - pageLoadTime][INFO ] - Waiting for page to load for : SECONDS seconds
08-19-2019 17:43:40 :: [core.helpers.wait.WaitHelper - pageLoadTime][INFO ] - Page is loaded
08-21-2019 09:18:39 :: [core.test_base.TestBase - setUpDriver][INFO ] - Initialize Web driver: 811597470
08-21-2019 09:18:39 :: [core.helpers.wait.WaitHelper - setImpicitWait][INFO ] - Implicit Wait has been set to: 120
08-21-2019 09:18:39 :: [core.helpers.wait.WaitHelper - pageLoadTime][INFO ] - Waiting for page to load for : SECONDS seconds
08-21-2019 09:18:39 :: [core.helpers.wait.WaitHelper - pageLoadTime][INFO ] - Page is loaded
08-21-2019 09:24:01 :: [core.test_base.TestBase - setUpDriver][INFO ] - Initialize Web driver: 370475881
08-21-2019 09:24:01 :: [core.helpers.wait.WaitHelper - setImpicitWait][INFO ] - Implicit Wait has been set to: 120
08-21-2019 09:24:01 :: [core.helpers.wait.WaitHelper - pageLoadTime][INFO ] - Waiting for page to load for : SECONDS seconds
08-21-2019 09:24:01 :: [core.helpers.wait.WaitHelper - pageLoadTime][INFO ] - Page is loaded
08-21-2019 09:24:17 :: [core.helpers.wait.WaitHelper - waitForElement][INFO ] - Wait for: [[FirefoxDriver: firefox on WINDOWS (69ea7225-3726-404d-9eef-40eb52303a7a)] -> xpath: //a[@crxanalyticsevent='Header - Sign Up or Log In Clicked']] for: 200 seconds
08-21-2019 09:24:17 :: [core.helpers.wait.WaitHelper - waitForElement][INFO ] - Element is visible now
08-21-2019 09:24:24 :: [core.test_base.TestBase - captureScreenShot][INFO ] - Taking a pass <<<<<<<<<===============>>>>>>>>>>>
08-21-2019 09:24:24 :: [core.test_base.TestBase - afterMethod][INFO ] - <<< ******************************************************* >>>
08-21-2019 10:00:53 :: [core.test_base.TestBase - setUpDriver][INFO ] - Initialize Web driver: 1328718765
08-21-2019 10:00:53 :: [core.helpers.wait.WaitHelper - setImpicitWait][INFO ] - Implicit Wait has been set to: 120
08-21-2019 10:00:53 :: [core.helpers.wait.WaitHelper - pageLoadTime][INFO ] - Waiting for page to load for : SECONDS seconds
08-21-2019 10:00:53 :: [core.helpers.wait.WaitHelper - pageLoadTime][INFO ] - Page is loaded
08-21-2019 10:01:18 :: [core.helpers.wait.WaitHelper - waitForElement][INFO ] - Wait for: [[ChromeDriver: chrome on XP (b4570acad399272e0e84ae70cd1d8154)] -> xpath: //a[@crxanalyticsevent='Header - Sign Up or Log In Clicked']] for: 200 seconds
08-21-2019 10:01:18 :: [core.helpers.wait.WaitHelper - waitForElement][INFO ] - Element is visible now
08-21-2019 10:01:26 :: [core.test_base.TestBase - captureScreenShot][INFO ] - Taking a pass <<<<<<<<<===============>>>>>>>>>>>
08-21-2019 10:01:26 :: [core.test_base.TestBase - afterMethod][INFO ] - <<< ******************************************************* >>>
08-21-2019 10:10:38 :: [core.test_base.TestBase - setUpDriver][INFO ] - Initialize Web driver: 1649320501
08-21-2019 10:10:38 :: [core.helpers.wait.WaitHelper - setImpicitWait][INFO ] - Implicit Wait has been set to: 120
08-21-2019 10:10:38 :: [core.helpers.wait.WaitHelper - pageLoadTime][INFO ] - Waiting for page to load for : SECONDS seconds
08-21-2019 10:10:38 :: [core.helpers.wait.WaitHelper - pageLoadTime][INFO ] - Page is loaded
08-21-2019 10:10:53 :: [core.helpers.wait.WaitHelper - waitForElement][INFO ] - Wait for: [[FirefoxDriver: firefox on WINDOWS (58111352-606a-4a32-999c-22c9f5a59a77)] -> xpath: //a[@crxanalyticsevent='Header - Sign Up or Log In Clicked']] for: 200 seconds
08-21-2019 10:10:54 :: [core.helpers.wait.WaitHelper - waitForElement][INFO ] - Element is visible now
08-21-2019 10:10:59 :: [core.test_base.TestBase - captureScreenShot][INFO ] - Taking a pass <<<<<<<<<===============>>>>>>>>>>>
08-21-2019 10:10:59 :: [core.test_base.TestBase - afterMethod][INFO ] - <<< ******************************************************* >>>
08-21-2019 10:18:34 :: [core.test_base.TestBase - setUpDriver][INFO ] - Initialize Web driver: 1649320501
08-21-2019 10:18:34 :: [core.helpers.wait.WaitHelper - setImpicitWait][INFO ] - Implicit Wait has been set to: 120
08-21-2019 10:18:34 :: [core.helpers.wait.WaitHelper - pageLoadTime][INFO ] - Waiting for page to load for : SECONDS seconds
08-21-2019 10:18:34 :: [core.helpers.wait.WaitHelper - pageLoadTime][INFO ] - Page is loaded
08-21-2019 10:18:53 :: [core.helpers.wait.WaitHelper - waitForElement][INFO ] - Wait for: [[FirefoxDriver: firefox on WINDOWS (8bfb7fbb-7654-46cf-837a-712a36263088)] -> xpath: //a[@crxanalyticsevent='Header - Sign Up or Log In Clicked']] for: 200 seconds
08-21-2019 10:18:53 :: [core.helpers.wait.WaitHelper - waitForElement][INFO ] - Element is visible now
08-21-2019 10:18:59 :: [core.test_base.TestBase - captureScreenShot][INFO ] - Taking a pass <<<<<<<<<===============>>>>>>>>>>>
08-21-2019 10:18:59 :: [core.test_base.TestBase - afterMethod][INFO ] - <<< ******************************************************* >>>
08-21-2019 10:22:57 :: [core.test_base.TestBase - setUpDriver][INFO ] - Initialize Web driver: 1649320501
08-21-2019 10:22:57 :: [core.helpers.wait.WaitHelper - setImpicitWait][INFO ] - Implicit Wait has been set to: 120
08-21-2019 10:22:57 :: [core.helpers.wait.WaitHelper - pageLoadTime][INFO ] - Waiting for page to load for : SECONDS seconds
08-21-2019 10:22:57 :: [core.helpers.wait.WaitHelper - pageLoadTime][INFO ] - Page is loaded
08-21-2019 10:23:16 :: [core.helpers.wait.WaitHelper - waitForElement][INFO ] - Wait for: [[FirefoxDriver: firefox on WINDOWS (c3d5ab93-925a-41b9-8598-f4406fab179b)] -> xpath: //a[@crxanalyticsevent='Header - Sign Up or Log In Clicked']] for: 200 seconds
08-21-2019 10:23:16 :: [core.helpers.wait.WaitHelper - waitForElement][INFO ] - Element is visible now
08-21-2019 10:23:25 :: [core.test_base.TestBase - captureScreenShot][INFO ] - Taking a pass <<<<<<<<<===============>>>>>>>>>>>
08-21-2019 10:23:25 :: [core.test_base.TestBase - afterMethod][INFO ] - <<< ******************************************************* >>>
08-21-2019 11:09:41 :: [core.test_base.TestBase - setUpDriver][INFO ] - Initialize Web driver: 1649320501
08-21-2019 11:09:41 :: [core.helpers.wait.WaitHelper - setImpicitWait][INFO ] - Implicit Wait has been set to: 120
08-21-2019 11:09:41 :: [core.helpers.wait.WaitHelper - pageLoadTime][INFO ] - Waiting for page to load for : SECONDS seconds
08-21-2019 11:09:41 :: [core.helpers.wait.WaitHelper - pageLoadTime][INFO ] - Page is loaded
08-21-2019 11:10:01 :: [core.helpers.wait.WaitHelper - waitForElement][INFO ] - Wait for: [[FirefoxDriver: firefox on WINDOWS (b975b75b-3012-4a1c-8660-c944bc20b193)] -> xpath: //a[@crxanalyticsevent='Header - Sign Up or Log In Clicked']] for: 200 seconds
08-21-2019 11:10:01 :: [core.helpers.wait.WaitHelper - waitForElement][INFO ] - Element is visible now
08-21-2019 11:10:06 :: [core.helpers.wait.WaitHelper - WaitForElementClickable][INFO ] - Wating for : [[FirefoxDriver: firefox on WINDOWS (b975b75b-3012-4a1c-8660-c944bc20b193)] -> xpath: //div[@class='scrollable-content']/div] for : 3 seconds
08-21-2019 11:10:07 :: [core.helpers.wait.WaitHelper - WaitForElementClickable][INFO ] - Element is clickable now
08-21-2019 11:10:10 :: [core.test_base.TestBase - captureScreenShot][INFO ] - Taking a pass <<<<<<<<<===============>>>>>>>>>>>
08-21-2019 11:10:10 :: [core.test_base.TestBase - afterMethod][INFO ] - <<< ******************************************************* >>>
08-21-2019 11:23:35 :: [core.test_base.TestBase - setUpDriver][INFO ] - Initialize Web driver: 1649320501
08-21-2019 11:23:35 :: [core.helpers.wait.WaitHelper - setImpicitWait][INFO ] - Implicit Wait has been set to: 120
08-21-2019 11:23:35 :: [core.helpers.wait.WaitHelper - pageLoadTime][INFO ] - Waiting for page to load for : SECONDS seconds
08-21-2019 11:23:35 :: [core.helpers.wait.WaitHelper - pageLoadTime][INFO ] - Page is loaded
08-21-2019 11:23:48 :: [core.helpers.wait.WaitHelper - waitForElement][INFO ] - Wait for: [[FirefoxDriver: firefox on WINDOWS (22d93117-4246-48af-8640-1e06a39e2deb)] -> xpath: //a[@crxanalyticsevent='Header - Sign Up or Log In Clicked']] for: 200 seconds
08-21-2019 11:23:48 :: [core.helpers.wait.WaitHelper - waitForElement][INFO ] - Element is visible now
08-21-2019 11:23:53 :: [core.helpers.wait.WaitHelper - waitForElementExists][INFO ] - Wait for: [[FirefoxDriver: firefox on WINDOWS (22d93117-4246-48af-8640-1e06a39e2deb)] -> xpath: //div[@class='scrollable-content']/div] for: 10 seconds
08-21-2019 11:23:54 :: [core.helpers.wait.WaitHelper - waitForElementExists][INFO ] - Element is visible now
08-21-2019 11:23:57 :: [core.test_base.TestBase - captureScreenShot][INFO ] - Taking a pass <<<<<<<<<===============>>>>>>>>>>>
08-21-2019 11:23:57 :: [core.test_base.TestBase - afterMethod][INFO ] - <<< ******************************************************* >>>
08-21-2019 11:29:15 :: [core.test_base.TestBase - setUpDriver][INFO ] - Initialize Web driver: 1515877023
08-21-2019 11:29:15 :: [core.helpers.wait.WaitHelper - setImpicitWait][INFO ] - Implicit Wait has been set to: 120
08-21-2019 11:29:15 :: [core.helpers.wait.WaitHelper - pageLoadTime][INFO ] - Waiting for page to load for : SECONDS seconds
08-21-2019 11:29:15 :: [core.helpers.wait.WaitHelper - pageLoadTime][INFO ] - Page is loaded
08-21-2019 11:29:34 :: [core.helpers.wait.WaitHelper - waitForElement][INFO ] - Wait for: [[FirefoxDriver: firefox on WINDOWS (818474ae-e682-439a-9071-c82d8c4b5f30)] -> xpath: //a[@crxanalyticsevent='Header - Sign Up or Log In Clicked']] for: 200 seconds
08-21-2019 11:29:34 :: [core.helpers.wait.WaitHelper - waitForElement][INFO ] - Element is visible now
08-21-2019 11:29:36 :: [core.helpers.wait.WaitHelper - waitForElementExists][INFO ] - Wait for: [[FirefoxDriver: firefox on WINDOWS (818474ae-e682-439a-9071-c82d8c4b5f30)] -> xpath: //div[@class='scrollable-content']/div] for: 10 seconds
08-21-2019 11:29:36 :: [core.helpers.wait.WaitHelper - waitForElementExists][INFO ] - Element is visible now
08-21-2019 11:29:40 :: [core.test_base.TestBase - captureScreenShot][INFO ] - Taking a pass <<<<<<<<<===============>>>>>>>>>>>
08-21-2019 11:29:40 :: [core.test_base.TestBase - afterMethod][INFO ] - <<< ******************************************************* >>>
08-21-2019 11:37:41 :: [core.test_base.TestBase - setUpDriver][INFO ] - Initialize Web driver: 1649320501
08-21-2019 11:37:41 :: [core.helpers.wait.WaitHelper - setImpicitWait][INFO ] - Implicit Wait has been set to: 120
08-21-2019 11:37:41 :: [core.helpers.wait.WaitHelper - pageLoadTime][INFO ] - Waiting for page to load for : SECONDS seconds
08-21-2019 11:37:41 :: [core.helpers.wait.WaitHelper - pageLoadTime][INFO ] - Page is loaded
08-21-2019 11:45:13 :: [core.test_base.TestBase - setUpDriver][INFO ] - Initialize Web driver: 1649320501
08-21-2019 11:45:13 :: [core.helpers.wait.WaitHelper - setImpicitWait][INFO ] - Implicit Wait has been set to: 120
08-21-2019 11:45:13 :: [core.helpers.wait.WaitHelper - pageLoadTime][INFO ] - Waiting for page to load for : SECONDS seconds
08-21-2019 11:45:13 :: [core.helpers.wait.WaitHelper - pageLoadTime][INFO ] - Page is loaded
08-23-2019 17:46:07 :: [core.test_base.TestBase - setUpDriver][INFO ] - Initialize Web driver: 1263668904
08-23-2019 17:46:07 :: [core.helpers.wait.WaitHelper - setImpicitWait][INFO ] - Implicit Wait has been set to: 120
08-23-2019 17:46:07 :: [core.helpers.wait.WaitHelper - pageLoadTime][INFO ] - Waiting for page to load for : SECONDS seconds
08-23-2019 17:46:07 :: [core.helpers.wait.WaitHelper - pageLoadTime][INFO ] - Page is loaded
08-23-2019 17:46:22 :: [core.helpers.wait.WaitHelper - waitForElement][INFO ] - Wait for: [[FirefoxDriver: firefox on WINDOWS (0ba2e599-c1d2-4449-9774-c176323c4625)] -> xpath: //a[@crxanalyticsevent='Header - Sign Up or Log In Clicked']] for: 200 seconds
08-23-2019 17:46:22 :: [core.helpers.wait.WaitHelper - waitForElement][INFO ] - Element is visible now
08-23-2019 17:46:28 :: [core.test_base.TestBase - captureScreenShot][INFO ] - Taking a pass <<<<<<<<<===============>>>>>>>>>>>
08-23-2019 17:46:28 :: [core.test_base.TestBase - afterMethod][INFO ] - <<< ******************************************************* >>>
08-23-2019 17:47:01 :: [core.test_base.TestBase - setUpDriver][INFO ] - Initialize Web driver: 1795816257
08-23-2019 17:47:01 :: [core.helpers.wait.WaitHelper - setImpicitWait][INFO ] - Implicit Wait has been set to: 120
08-23-2019 17:47:01 :: [core.helpers.wait.WaitHelper - pageLoadTime][INFO ] - Waiting for page to load for : SECONDS seconds
08-23-2019 17:47:01 :: [core.helpers.wait.WaitHelper - pageLoadTime][INFO ] - Page is loaded
08-23-2019 17:47:16 :: [core.helpers.wait.WaitHelper - waitForElement][INFO ] - Wait for: [[FirefoxDriver: firefox on WINDOWS (55e9e58f-b36b-4973-a7b8-2900ea50ee00)] -> xpath: //a[@crxanalyticsevent='Header - Sign Up or Log In Clicked']] for: 200 seconds
08-23-2019 17:47:16 :: [core.helpers.wait.WaitHelper - waitForElement][INFO ] - Element is visible now
08-23-2019 17:47:21 :: [core.test_base.TestBase - captureScreenShot][INFO ] - Taking a pass <<<<<<<<<===============>>>>>>>>>>>
08-23-2019 17:47:21 :: [core.test_base.TestBase - afterMethod][INFO ] - <<< ******************************************************* >>>
08-25-2019 09:58:10 :: [core.helpers.database.DatabaseHelper - getSingleInstanceConnection][INFO ] - Connected to Person Base..
08-25-2019 09:58:10 :: [core.helpers.database.DatabaseHelper - getResultSet][INFO ] - Executing query: select Mobile_Number from family where ID=2
08-25-2019 09:58:11 :: [core.helpers.database.DatabaseHelper - getResultSet][INFO ] - Executing query: select * from family
08-25-2019 10:10:22 :: [core.helpers.database.DatabaseHelper - getSingleInstanceConnection][INFO ] - Connected to Person Base..
08-25-2019 10:10:22 :: [core.helpers.database.DatabaseHelper - getResultSet][INFO ] - Executing query: select Mobile_Number from family where ID=2
08-25-2019 10:10:22 :: [core.helpers.database.DatabaseHelper - getResultSet][INFO ] - Executing query: select * from family
08-25-2019 10:12:05 :: [core.helpers.database.DatabaseHelper - getSingleInstanceConnection][INFO ] - Connected to Person Base..
08-25-2019 10:12:05 :: [core.helpers.database.DatabaseHelper - getResultSet][INFO ] - Executing query: select Mobile_Number from family where ID=2
08-25-2019 10:12:06 :: [core.helpers.database.DatabaseHelper - getResultSet][INFO ] - Executing query: select * from family
08-25-2019 10:14:01 :: [core.helpers.database.DatabaseHelper - getSingleInstanceConnection][ERROR] - Failed to create Person Base connection..java.sql.SQLException: No suitable driver found for cj.jdbc:mysql://localhost:3306/my_family?serverTimezone=Asia/Jerusalem
08-25-2019 10:14:01 :: [core.helpers.database.DatabaseHelper - getResultSet][INFO ] - Executing query: select Mobile_Number from family where ID=2
08-25-2019 10:15:04 :: [core.helpers.database.DatabaseHelper - getSingleInstanceConnection][INFO ] - Connected to Person Base..
08-25-2019 10:15:04 :: [core.helpers.database.DatabaseHelper - getResultSet][INFO ] - Executing query: select Mobile_Number from family where ID=2
08-25-2019 10:15:04 :: [core.helpers.database.DatabaseHelper - getResultSet][INFO ] - Executing query: select * from family
08-25-2019 10:18:14 :: [core.helpers.database.DatabaseHelper - getSingleInstanceConnection][ERROR] - Failed to create Person Base connection..java.sql.SQLException: The server time zone value 'Jerusalem Daylight Time' is unrecognized or represents more than one time zone. You must configure either the server or JDBC driver (via the serverTimezone configuration property) to use a more specifc time zone value if you want to utilize time zone support.
08-25-2019 10:18:14 :: [core.helpers.database.DatabaseHelper - getResultSet][INFO ] - Executing query: select Mobile_Number from family where ID=2
08-25-2019 10:18:53 :: [core.helpers.database.DatabaseHelper - getSingleInstanceConnection][ERROR] - Failed to create Person Base connection..java.sql.SQLSyntaxErrorException: Unknown database 'my_family/'
08-25-2019 10:18:53 :: [core.helpers.database.DatabaseHelper - getResultSet][INFO ] - Executing query: select Mobile_Number from family where ID=2
08-25-2019 10:19:47 :: [core.helpers.database.DatabaseHelper - getSingleInstanceConnection][ERROR] - Failed to create Person Base connection..java.sql.SQLSyntaxErrorException: Unknown database 'my_family/'
08-25-2019 10:19:47 :: [core.helpers.database.DatabaseHelper - getResultSet][INFO ] - Executing query: select Mobile_Number from family where ID=2
08-25-2019 10:20:06 :: [core.helpers.database.DatabaseHelper - getSingleInstanceConnection][INFO ] - Connected to Person Base..
08-25-2019 10:20:06 :: [core.helpers.database.DatabaseHelper - getResultSet][INFO ] - Executing query: select Mobile_Number from family where ID=2
08-25-2019 10:20:06 :: [core.helpers.database.DatabaseHelper - getResultSet][INFO ] - Executing query: select * from family
08-25-2019 10:38:51 :: [core.helpers.assertion.AssertionHelper - makeFalse][INFO ] - Making script FAIL..
08-25-2019 10:38:52 :: [core.test_base.TestBase - captureScreenShot][INFO ] - Taking a pass <<<<<<<<<===============>>>>>>>>>>>
08-25-2019 10:38:52 :: [core.test_base.TestBase - afterMethod][INFO ] - <<< ******************************************************* >>>
08-25-2019 10:39:00 :: [core.helpers.assertion.AssertionHelper - makeTrue][INFO ] - Making script PASS..
08-25-2019 10:39:00 :: [core.test_base.TestBase - captureScreenShot][INFO ] - Taking a pass <<<<<<<<<===============>>>>>>>>>>>
08-25-2019 10:39:01 :: [core.test_base.TestBase - afterMethod][INFO ] - <<Adding ScreenShot...>>>
08-25-2019 10:39:17 :: [core.helpers.assertion.AssertionHelper - makeFalse][INFO ] - Making script FAIL..
08-25-2019 10:39:17 :: [core.test_base.TestBase - captureScreenShot][INFO ] - Taking a pass <<<<<<<<<===============>>>>>>>>>>>
08-25-2019 10:39:17 :: [core.test_base.TestBase - afterMethod][INFO ] - <<< ******************************************************* >>>
08-25-2019 10:39:31 :: [core.helpers.assertion.AssertionHelper - makeTrue][INFO ] - Making script PASS..
08-25-2019 10:39:31 :: [core.test_base.TestBase - captureScreenShot][INFO ] - Taking a pass <<<<<<<<<===============>>>>>>>>>>>
08-25-2019 10:39:31 :: [core.test_base.TestBase - afterMethod][INFO ] - <<Adding ScreenShot...>>>
08-28-2019 08:53:22 :: [core.helpers.assertion.AssertionHelper - makeFalse][INFO ] - Making script FAIL..
08-28-2019 08:53:22 :: [core.test_base.TestBase - captureScreenShot][INFO ] - Taking a pass <<<<<<<<<===============>>>>>>>>>>>
08-28-2019 08:53:22 :: [core.test_base.TestBase - afterMethod][INFO ] - <<< ******************************************************* >>>
08-28-2019 08:53:30 :: [core.helpers.assertion.AssertionHelper - makeTrue][INFO ] - Making script PASS..
08-28-2019 08:53:30 :: [core.test_base.TestBase - captureScreenShot][INFO ] - Taking a pass <<<<<<<<<===============>>>>>>>>>>>
08-28-2019 08:53:30 :: [core.test_base.TestBase - afterMethod][INFO ] - <<Adding ScreenShot...>>>
08-28-2019 08:53:43 :: [core.helpers.assertion.AssertionHelper - makeFalse][INFO ] - Making script FAIL..
08-28-2019 08:53:44 :: [core.test_base.TestBase - captureScreenShot][INFO ] - Taking a pass <<<<<<<<<===============>>>>>>>>>>>
08-28-2019 08:53:44 :: [core.test_base.TestBase - afterMethod][INFO ] - <<< ******************************************************* >>>
08-28-2019 08:53:52 :: [core.helpers.assertion.AssertionHelper - makeTrue][INFO ] - Making script PASS..
08-28-2019 08:53:53 :: [core.test_base.TestBase - captureScreenShot][INFO ] - Taking a pass <<<<<<<<<===============>>>>>>>>>>>
08-28-2019 08:53:53 :: [core.test_base.TestBase - afterMethod][INFO ] - <<Adding ScreenShot...>>>
08-29-2019 11:48:34 :: [core.helpers.assertion.AssertionHelper - makeFalse][INFO ] - Making script FAIL..
08-29-2019 11:48:34 :: [core.test_base.TestBase - captureScreenShot][INFO ] - Taking a pass <<<<<<<<<===============>>>>>>>>>>>
08-29-2019 11:48:34 :: [core.test_base.TestBase - afterMethod][INFO ] - <<< ******************************************************* >>>
08-29-2019 11:49:00 :: [core.helpers.assertion.AssertionHelper - makeTrue][INFO ] - Making script PASS..
08-29-2019 11:49:00 :: [core.test_base.TestBase - captureScreenShot][INFO ] - Taking a pass <<<<<<<<<===============>>>>>>>>>>>
08-29-2019 11:49:00 :: [core.test_base.TestBase - afterMethod][INFO ] - <<Adding ScreenShot...>>>
08-29-2019 11:49:40 :: [core.helpers.assertion.AssertionHelper - makeFalse][INFO ] - Making script FAIL..
08-29-2019 11:49:41 :: [core.test_base.TestBase - captureScreenShot][INFO ] - Taking a pass <<<<<<<<<===============>>>>>>>>>>>
08-29-2019 11:49:41 :: [core.test_base.TestBase - afterMethod][INFO ] - <<< ******************************************************* >>>
08-29-2019 11:49:57 :: [core.helpers.assertion.AssertionHelper - makeTrue][INFO ] - Making script PASS..
08-29-2019 11:49:58 :: [core.test_base.TestBase - captureScreenShot][INFO ] - Taking a pass <<<<<<<<<===============>>>>>>>>>>>
08-29-2019 11:49:58 :: [core.test_base.TestBase - afterMethod][INFO ] - <<Adding ScreenShot...>>>
09-02-2019 12:19:30 :: [core.helpers.listener.ExtentListener - onStart][INFO ] - Test_3 Class Started...
09-02-2019 12:19:30 :: [core.helpers.listener.ExtentListener - onTestStart][INFO ] - test_1 Test Started 
09-02-2019 12:19:30 :: [core.helpers.listener.ExtentListener - onTestStart][INFO ] - test_4 Test Started 
09-02-2019 12:19:30 :: [core.helpers.listener.ExtentListener - onTestStart][INFO ] - test_2 Test Started 
09-02-2019 12:19:30 :: [core.helpers.listener.ExtentListener - onTestStart][INFO ] - test_3 Test Started 
09-02-2019 12:19:53 :: [core.helpers.listener.ExtentListener - onTestSuccess][INFO ] - test_2 Test Passed 
09-02-2019 12:19:55 :: [core.helpers.listener.ExtentListener - onTestSuccess][INFO ] - test_4 Test Passed 
09-02-2019 12:19:57 :: [core.helpers.listener.ExtentListener - onTestSuccess][INFO ] - test_1 Test Passed 
09-02-2019 12:20:06 :: [core.helpers.listener.ExtentListener - onTestSuccess][INFO ] - test_3 Test Passed 
09-02-2019 12:20:06 :: [core.helpers.listener.ExtentListener - onFinish][INFO ] - Test_3 Test Finished.
09-02-2019 14:23:37 :: [core.helpers.listener.ExtentListener - onStart][INFO ] - Test_3 Class Started...
09-02-2019 14:23:37 :: [core.helpers.listener.ExtentListener - onTestStart][INFO ] - test_1 Test Started 
09-02-2019 14:23:37 :: [core.helpers.listener.ExtentListener - onTestStart][INFO ] - test_4 Test Started 
09-02-2019 14:23:37 :: [core.helpers.listener.ExtentListener - onTestStart][INFO ] - test_3 Test Started 
09-02-2019 14:23:49 :: [core.helpers.listener.ExtentListener - onTestSuccess][INFO ] - test_3 Test Passed 
09-02-2019 14:23:55 :: [core.helpers.listener.ExtentListener - onTestSuccess][INFO ] - test_4 Test Passed 
09-02-2019 14:24:01 :: [core.helpers.listener.ExtentListener - onTestSuccess][INFO ] - test_1 Test Passed 
09-02-2019 14:24:01 :: [core.helpers.listener.ExtentListener - onFinish][INFO ] - Test_3 Test Finished.
09-02-2019 14:43:07 :: [core.helpers.listener.ExtentListener - onStart][INFO ] - Test_3 Class Started...
09-02-2019 14:43:07 :: [core.helpers.listener.ExtentListener - onTestStart][INFO ] - test_1 Test Started 
09-02-2019 14:43:07 :: [core.helpers.listener.ExtentListener - onTestStart][INFO ] - test_4 Test Started 
09-02-2019 14:43:07 :: [core.helpers.listener.ExtentListener - onTestStart][INFO ] - test_3 Test Started 
09-02-2019 14:43:07 :: [core.helpers.listener.ExtentListener - onTestFailure][ERROR] - test_4 Test Failed org.openqa.selenium.remote.UnreachableBrowserException: Could not start a new session. Possible causes are invalid address of the remote server or browser start-up failure.
Build info: version: '3.14.0', revision: 'aacccce0', time: '2018-08-02T20:19:58.91Z'
System info: host: 'macbooks-MacBook-Pro.local', ip: 'fe80:0:0:0:c7b:b41b:abc4:82e5%en0', os.name: 'Mac OS X', os.arch: 'x86_64', os.version: '10.14.6', java.version: '1.8.0_221'
Driver info: driver.version: RemoteWebDriver
09-02-2019 14:43:07 :: [core.helpers.listener.ExtentListener - onTestFailure][ERROR] - test_3 Test Failed org.openqa.selenium.remote.UnreachableBrowserException: Could not start a new session. Possible causes are invalid address of the remote server or browser start-up failure.
Build info: version: '3.14.0', revision: 'aacccce0', time: '2018-08-02T20:19:58.91Z'
System info: host: 'macbooks-MacBook-Pro.local', ip: 'fe80:0:0:0:c7b:b41b:abc4:82e5%en0', os.name: 'Mac OS X', os.arch: 'x86_64', os.version: '10.14.6', java.version: '1.8.0_221'
Driver info: driver.version: RemoteWebDriver
09-02-2019 14:43:07 :: [core.helpers.listener.ExtentListener - onTestFailure][ERROR] - test_1 Test Failed org.openqa.selenium.remote.UnreachableBrowserException: Could not start a new session. Possible causes are invalid address of the remote server or browser start-up failure.
Build info: version: '3.14.0', revision: 'aacccce0', time: '2018-08-02T20:19:58.91Z'
System info: host: 'macbooks-MacBook-Pro.local', ip: 'fe80:0:0:0:c7b:b41b:abc4:82e5%en0', os.name: 'Mac OS X', os.arch: 'x86_64', os.version: '10.14.6', java.version: '1.8.0_221'
Driver info: driver.version: RemoteWebDriver
09-02-2019 14:43:07 :: [core.helpers.listener.ExtentListener - onFinish][INFO ] - Test_3 Test Finished.
09-02-2019 14:48:40 :: [core.helpers.listener.ExtentListener - onStart][INFO ] - Test_3 Class Started...
09-02-2019 14:48:40 :: [core.helpers.listener.ExtentListener - onTestStart][INFO ] - test_3 Test Started 
09-02-2019 14:48:40 :: [core.helpers.listener.ExtentListener - onTestStart][INFO ] - test_4 Test Started 
09-02-2019 14:48:40 :: [core.helpers.listener.ExtentListener - onTestStart][INFO ] - test_1 Test Started 
09-02-2019 14:48:41 :: [core.helpers.listener.ExtentListener - onTestFailure][ERROR] - test_1 Test Failed org.openqa.selenium.remote.UnreachableBrowserException: Could not start a new session. Possible causes are invalid address of the remote server or browser start-up failure.
Build info: version: '3.14.0', revision: 'aacccce0', time: '2018-08-02T20:19:58.91Z'
System info: host: 'macbooks-MacBook-Pro.local', ip: 'fe80:0:0:0:c7b:b41b:abc4:82e5%en0', os.name: 'Mac OS X', os.arch: 'x86_64', os.version: '10.14.6', java.version: '1.8.0_221'
Driver info: driver.version: RemoteWebDriver
09-02-2019 14:48:41 :: [core.helpers.listener.ExtentListener - onTestFailure][ERROR] - test_4 Test Failed org.openqa.selenium.remote.UnreachableBrowserException: Could not start a new session. Possible causes are invalid address of the remote server or browser start-up failure.
Build info: version: '3.14.0', revision: 'aacccce0', time: '2018-08-02T20:19:58.91Z'
System info: host: 'macbooks-MacBook-Pro.local', ip: 'fe80:0:0:0:c7b:b41b:abc4:82e5%en0', os.name: 'Mac OS X', os.arch: 'x86_64', os.version: '10.14.6', java.version: '1.8.0_221'
Driver info: driver.version: RemoteWebDriver
09-02-2019 14:48:41 :: [core.helpers.listener.ExtentListener - onTestFailure][ERROR] - test_3 Test Failed org.openqa.selenium.remote.UnreachableBrowserException: Could not start a new session. Possible causes are invalid address of the remote server or browser start-up failure.
Build info: version: '3.14.0', revision: 'aacccce0', time: '2018-08-02T20:19:58.91Z'
System info: host: 'macbooks-MacBook-Pro.local', ip: 'fe80:0:0:0:c7b:b41b:abc4:82e5%en0', os.name: 'Mac OS X', os.arch: 'x86_64', os.version: '10.14.6', java.version: '1.8.0_221'
Driver info: driver.version: RemoteWebDriver
09-02-2019 14:48:41 :: [core.helpers.listener.ExtentListener - onFinish][INFO ] - Test_3 Test Finished.
09-02-2019 16:36:34 :: [core.helpers.listener.ExtentListener - onStart][INFO ] - Test_3 Class Started...
09-02-2019 16:36:35 :: [core.helpers.listener.ExtentListener - onTestStart][INFO ] - test_3 Test Started 
09-02-2019 16:36:35 :: [core.helpers.listener.ExtentListener - onTestStart][INFO ] - test_4 Test Started 
09-02-2019 16:36:35 :: [core.helpers.listener.ExtentListener - onTestStart][INFO ] - test_1 Test Started 
09-02-2019 16:36:35 :: [core.helpers.listener.ExtentListener - onTestFailure][ERROR] - test_1 Test Failed org.openqa.selenium.remote.UnreachableBrowserException: Could not start a new session. Possible causes are invalid address of the remote server or browser start-up failure.
Build info: version: '3.14.0', revision: 'aacccce0', time: '2018-08-02T20:19:58.91Z'
System info: host: 'macbooks-MacBook-Pro.local', ip: 'fe80:0:0:0:c7b:b41b:abc4:82e5%en0', os.name: 'Mac OS X', os.arch: 'x86_64', os.version: '10.14.6', java.version: '1.8.0_221'
Driver info: driver.version: RemoteWebDriver
09-02-2019 16:36:35 :: [core.helpers.listener.ExtentListener - onTestFailure][ERROR] - test_4 Test Failed org.openqa.selenium.remote.UnreachableBrowserException: Could not start a new session. Possible causes are invalid address of the remote server or browser start-up failure.
Build info: version: '3.14.0', revision: 'aacccce0', time: '2018-08-02T20:19:58.91Z'
System info: host: 'macbooks-MacBook-Pro.local', ip: 'fe80:0:0:0:c7b:b41b:abc4:82e5%en0', os.name: 'Mac OS X', os.arch: 'x86_64', os.version: '10.14.6', java.version: '1.8.0_221'
Driver info: driver.version: RemoteWebDriver
09-02-2019 16:36:35 :: [core.helpers.listener.ExtentListener - onTestFailure][ERROR] - test_3 Test Failed org.openqa.selenium.remote.UnreachableBrowserException: Could not start a new session. Possible causes are invalid address of the remote server or browser start-up failure.
Build info: version: '3.14.0', revision: 'aacccce0', time: '2018-08-02T20:19:58.91Z'
System info: host: 'macbooks-MacBook-Pro.local', ip: 'fe80:0:0:0:c7b:b41b:abc4:82e5%en0', os.name: 'Mac OS X', os.arch: 'x86_64', os.version: '10.14.6', java.version: '1.8.0_221'
Driver info: driver.version: RemoteWebDriver
09-02-2019 16:36:35 :: [core.helpers.listener.ExtentListener - onFinish][INFO ] - Test_3 Test Finished.
09-02-2019 16:40:22 :: [core.helpers.listener.ExtentListener - onStart][INFO ] - Test_3 Class Started...
09-02-2019 16:40:22 :: [core.helpers.listener.ExtentListener - onTestStart][INFO ] - test_3 Test Started 
09-02-2019 16:40:22 :: [core.helpers.listener.ExtentListener - onTestStart][INFO ] - test_1 Test Started 
09-02-2019 16:40:22 :: [core.helpers.listener.ExtentListener - onTestStart][INFO ] - test_4 Test Started 
09-02-2019 16:40:23 :: [core.helpers.listener.ExtentListener - onTestFailure][ERROR] - test_1 Test Failed org.openqa.selenium.remote.UnreachableBrowserException: Could not start a new session. Possible causes are invalid address of the remote server or browser start-up failure.
Build info: version: '3.14.0', revision: 'aacccce0', time: '2018-08-02T20:19:58.91Z'
System info: host: 'macbooks-MacBook-Pro.local', ip: 'fe80:0:0:0:c7b:b41b:abc4:82e5%en0', os.name: 'Mac OS X', os.arch: 'x86_64', os.version: '10.14.6', java.version: '1.8.0_221'
Driver info: driver.version: RemoteWebDriver
09-02-2019 16:40:23 :: [core.helpers.listener.ExtentListener - onTestFailure][ERROR] - test_4 Test Failed org.openqa.selenium.remote.UnreachableBrowserException: Could not start a new session. Possible causes are invalid address of the remote server or browser start-up failure.
Build info: version: '3.14.0', revision: 'aacccce0', time: '2018-08-02T20:19:58.91Z'
System info: host: 'macbooks-MacBook-Pro.local', ip: 'fe80:0:0:0:c7b:b41b:abc4:82e5%en0', os.name: 'Mac OS X', os.arch: 'x86_64', os.version: '10.14.6', java.version: '1.8.0_221'
Driver info: driver.version: RemoteWebDriver
09-02-2019 16:40:23 :: [core.helpers.listener.ExtentListener - onTestFailure][ERROR] - test_3 Test Failed org.openqa.selenium.remote.UnreachableBrowserException: Could not start a new session. Possible causes are invalid address of the remote server or browser start-up failure.
Build info: version: '3.14.0', revision: 'aacccce0', time: '2018-08-02T20:19:58.91Z'
System info: host: 'macbooks-MacBook-Pro.local', ip: 'fe80:0:0:0:c7b:b41b:abc4:82e5%en0', os.name: 'Mac OS X', os.arch: 'x86_64', os.version: '10.14.6', java.version: '1.8.0_221'
Driver info: driver.version: RemoteWebDriver
09-02-2019 16:40:23 :: [core.helpers.listener.ExtentListener - onFinish][INFO ] - Test_3 Test Finished.
09-02-2019 16:48:59 :: [core.helpers.listener.ExtentListener - onStart][INFO ] - Test_3 Class Started...
09-02-2019 16:48:59 :: [core.helpers.listener.ExtentListener - onTestStart][INFO ] - test_3 Test Started 
09-02-2019 16:48:59 :: [core.helpers.listener.ExtentListener - onTestStart][INFO ] - test_1 Test Started 
09-02-2019 16:48:59 :: [core.helpers.listener.ExtentListener - onTestStart][INFO ] - test_4 Test Started 
09-02-2019 16:49:00 :: [core.helpers.listener.ExtentListener - onTestFailure][ERROR] - test_3 Test Failed org.openqa.selenium.remote.UnreachableBrowserException: Could not start a new session. Possible causes are invalid address of the remote server or browser start-up failure.
Build info: version: '3.14.0', revision: 'aacccce0', time: '2018-08-02T20:19:58.91Z'
System info: host: 'macbooks-MacBook-Pro.local', ip: 'fe80:0:0:0:c7b:b41b:abc4:82e5%en0', os.name: 'Mac OS X', os.arch: 'x86_64', os.version: '10.14.6', java.version: '1.8.0_221'
Driver info: driver.version: RemoteWebDriver
09-02-2019 16:49:00 :: [core.helpers.listener.ExtentListener - onTestFailure][ERROR] - test_1 Test Failed org.openqa.selenium.remote.UnreachableBrowserException: Could not start a new session. Possible causes are invalid address of the remote server or browser start-up failure.
Build info: version: '3.14.0', revision: 'aacccce0', time: '2018-08-02T20:19:58.91Z'
System info: host: 'macbooks-MacBook-Pro.local', ip: 'fe80:0:0:0:c7b:b41b:abc4:82e5%en0', os.name: 'Mac OS X', os.arch: 'x86_64', os.version: '10.14.6', java.version: '1.8.0_221'
Driver info: driver.version: RemoteWebDriver
09-02-2019 16:49:00 :: [core.helpers.listener.ExtentListener - onTestFailure][ERROR] - test_4 Test Failed org.openqa.selenium.remote.UnreachableBrowserException: Could not start a new session. Possible causes are invalid address of the remote server or browser start-up failure.
Build info: version: '3.14.0', revision: 'aacccce0', time: '2018-08-02T20:19:58.91Z'
System info: host: 'macbooks-MacBook-Pro.local', ip: 'fe80:0:0:0:c7b:b41b:abc4:82e5%en0', os.name: 'Mac OS X', os.arch: 'x86_64', os.version: '10.14.6', java.version: '1.8.0_221'
Driver info: driver.version: RemoteWebDriver
09-02-2019 16:49:00 :: [core.helpers.listener.ExtentListener - onFinish][INFO ] - Test_3 Test Finished.
09-02-2019 17:09:59 :: [core.helpers.listener.ExtentListener - onStart][INFO ] - Test_3 Class Started...
09-02-2019 17:09:59 :: [core.helpers.listener.ExtentListener - onTestStart][INFO ] - test_1 Test Started 
09-02-2019 17:09:59 :: [core.helpers.listener.ExtentListener - onTestStart][INFO ] - test_3 Test Started 
09-02-2019 17:09:59 :: [core.helpers.listener.ExtentListener - onTestStart][INFO ] - test_4 Test Started 
09-02-2019 17:10:07 :: [core.helpers.listener.ExtentListener - onTestSuccess][INFO ] - test_4 Test Passed 
09-02-2019 17:11:05 :: [core.helpers.listener.ExtentListener - onTestSuccess][INFO ] - test_3 Test Passed 
09-02-2019 17:11:09 :: [core.helpers.listener.ExtentListener - onTestSuccess][INFO ] - test_1 Test Passed 
09-02-2019 17:11:09 :: [core.helpers.listener.ExtentListener - onFinish][INFO ] - Test_3 Test Finished.
09-02-2019 17:25:47 :: [core.helpers.listener.ExtentListener - onStart][INFO ] - Test_3 Class Started...
09-02-2019 17:25:47 :: [core.helpers.listener.ExtentListener - onTestStart][INFO ] - test_1 Test Started 
09-02-2019 17:25:47 :: [core.helpers.listener.ExtentListener - onTestStart][INFO ] - test_4 Test Started 
09-02-2019 17:25:47 :: [core.helpers.listener.ExtentListener - onTestStart][INFO ] - test_3 Test Started 
09-02-2019 17:25:52 :: [core.helpers.listener.ExtentListener - onTestSuccess][INFO ] - test_1 Test Passed 
09-02-2019 17:26:02 :: [core.helpers.listener.ExtentListener - onTestSuccess][INFO ] - test_4 Test Passed 
09-02-2019 17:26:09 :: [core.helpers.listener.ExtentListener - onTestSuccess][INFO ] - test_3 Test Passed 
09-02-2019 17:26:09 :: [core.helpers.listener.ExtentListener - onFinish][INFO ] - Test_3 Test Finished.
09-02-2019 17:43:08 :: [core.helpers.listener.ExtentListener - onStart][INFO ] - Test_3 Class Started...
09-02-2019 17:43:08 :: [core.helpers.listener.ExtentListener - onTestStart][INFO ] - test_1 Test Started 
09-02-2019 17:43:14 :: [core.helpers.listener.ExtentListener - onTestFailure][ERROR] - test_1 Test Failed org.openqa.selenium.remote.UnreachableBrowserException: Could not start a new session. Possible causes are invalid address of the remote server or browser start-up failure.
Build info: version: '3.14.0', revision: 'aacccce0', time: '2018-08-02T20:19:58.91Z'
System info: host: 'macbooks-MacBook-Pro.local', ip: 'fe80:0:0:0:c7b:b41b:abc4:82e5%en0', os.name: 'Mac OS X', os.arch: 'x86_64', os.version: '10.14.6', java.version: '1.8.0_221'
Driver info: driver.version: RemoteWebDriver
09-02-2019 17:43:14 :: [core.helpers.listener.ExtentListener - onFinish][INFO ] - Test_3 Test Finished.
09-06-2019 13:14:27 :: [core.helpers.listener.ExtentListener - onStart][INFO ] - chrometest Class Started...
09-06-2019 13:14:34 :: [core.helpers.listener.ExtentListener - onTestStart][INFO ] - loginTest Test Started 
09-06-2019 13:14:44 :: [core.helpers.listener.ExtentListener - onTestFailure][ERROR] - loginTest Test Failed java.lang.AssertionError: expected [nonCommerce demo store] but found [nopCommerce demo store. Login]
09-06-2019 13:14:44 :: [core.helpers.listener.ExtentListener - onFinish][INFO ] - chrometest Test Finished.
09-06-2019 13:14:44 :: [core.helpers.listener.ExtentListener - onStart][INFO ] - firefoxtest Class Started...
09-06-2019 13:14:54 :: [core.helpers.listener.ExtentListener - onTestStart][INFO ] - loginTest Test Started 
09-06-2019 13:15:03 :: [core.helpers.listener.ExtentListener - onTestFailure][ERROR] - loginTest Test Failed java.lang.AssertionError: expected [nonCommerce demo store] but found [nopCommerce demo store. Login]
09-06-2019 13:15:05 :: [core.helpers.listener.ExtentListener - onFinish][INFO ] - firefoxtest Test Finished.
09-06-2019 13:18:19 :: [core.helpers.listener.ExtentListener - onStart][INFO ] - chrometest Class Started...
09-06-2019 13:18:26 :: [core.helpers.listener.ExtentListener - onTestStart][INFO ] - loginTest Test Started 
09-06-2019 13:18:35 :: [core.helpers.listener.ExtentListener - onTestFailure][ERROR] - loginTest Test Failed java.lang.AssertionError: expected [nonCommerce demo store] but found [nopCommerce demo store. Login]
09-06-2019 13:18:35 :: [core.helpers.listener.ExtentListener - onFinish][INFO ] - chrometest Test Finished.
09-06-2019 13:18:35 :: [core.helpers.listener.ExtentListener - onStart][INFO ] - firefoxtest Class Started...
09-06-2019 13:18:46 :: [core.helpers.listener.ExtentListener - onTestStart][INFO ] - loginTest Test Started 
09-06-2019 13:18:54 :: [core.helpers.listener.ExtentListener - onTestFailure][ERROR] - loginTest Test Failed java.lang.AssertionError: expected [nonCommerce demo store] but found [nopCommerce demo store. Login]
09-06-2019 13:18:56 :: [core.helpers.listener.ExtentListener - onFinish][INFO ] - firefoxtest Test Finished.
09-10-2019 13:58:05 :: [core.helpers.listener.ExtentListener - onStart][INFO ] - Test Class Started...
09-10-2019 13:58:20 :: [core.helpers.listener.ExtentListener - onTestStart][INFO ] - test_1 Test Started 
09-10-2019 18:59:26 :: [core.helpers.assertion.AssertionHelper - makeTrue][INFO ] - Making script PASS..
09-10-2019 18:59:49 :: [core.helpers.assertion.AssertionHelper - makeTrue][INFO ] - Making script PASS..
09-10-2019 19:41:37 :: [core.helpers.assertion.AssertionHelper - makeTrue][INFO ] - Making script PASS..
09-10-2019 19:41:53 :: [core.helpers.assertion.AssertionHelper - makeTrue][INFO ] - Making script PASS..
09-10-2019 19:43:04 :: [core.helpers.assertion.AssertionHelper - makeTrue][INFO ] - Making script PASS..
09-10-2019 19:43:59 :: [core.helpers.assertion.AssertionHelper - makeTrue][INFO ] - Making script PASS..
09-10-2019 20:15:33 :: [core.helpers.assertion.AssertionHelper - makeTrue][INFO ] - Making script PASS..
09-10-2019 20:16:01 :: [core.helpers.assertion.AssertionHelper - makeTrue][INFO ] - Making script PASS..
09-10-2019 20:19:36 :: [core.helpers.assertion.AssertionHelper - makeTrue][INFO ] - Making script PASS..
09-10-2019 20:21:06 :: [core.helpers.assertion.AssertionHelper - makeTrue][INFO ] - Making script PASS..
